04/02/24 00:49:06.403 | INFO  | sale_service | 0 | StartupInfoLogger.java: Starting CmsApplication using Java 17.0.9 with PID 13952 (D:\manager-system-cms-service\target\classes started by Admin in D:\manager-system-cms-service)
04/02/24 00:49:06.409 | INFO  | sale_service | 0 | SpringApplication.java: No active profile set, falling back to 1 default profile: "default"
04/02/24 00:49:07.272 | INFO  | sale_service | 0 | RepositoryConfigurationDelegate.java: Multiple Spring Data modules found, entering strict repository configuration mode
04/02/24 00:49:07.274 | INFO  | sale_service | 0 | RepositoryConfigurationDelegate.java: Bootstrapping Spring Data JPA repositories in DEFAULT mode.
04/02/24 00:49:07.518 | INFO  | sale_service | 0 | RepositoryConfigurationDelegate.java: Finished Spring Data repository scanning in 235 ms. Found 10 JPA repository interfaces.
04/02/24 00:49:07.534 | INFO  | sale_service | 0 | RepositoryConfigurationDelegate.java: Multiple Spring Data modules found, entering strict repository configuration mode
04/02/24 00:49:07.535 | INFO  | sale_service | 0 | RepositoryConfigurationDelegate.java: Bootstrapping Spring Data Redis repositories in DEFAULT mode.
04/02/24 00:49:07.552 | INFO  | sale_service | 0 | RepositoryConfigurationExtensionSupport.java: Spring Data Redis - Could not safely identify store assignment for repository candidate interface com.managersystem.admin.server.repositories.AccountRepository; If you want this repository to be a Redis repository, consider annotating your entities with one of these annotations: org.springframework.data.redis.core.RedisHash (preferred), or consider extending one of the following types with your repository: org.springframework.data.keyvalue.repository.KeyValueRepository
04/02/24 00:49:07.552 | INFO  | sale_service | 0 | RepositoryConfigurationExtensionSupport.java: Spring Data Redis - Could not safely identify store assignment for repository candidate interface com.managersystem.admin.server.repositories.ApplicationRepository; If you want this repository to be a Redis repository, consider annotating your entities with one of these annotations: org.springframework.data.redis.core.RedisHash (preferred), or consider extending one of the following types with your repository: org.springframework.data.keyvalue.repository.KeyValueRepository
04/02/24 00:49:07.553 | INFO  | sale_service | 0 | RepositoryConfigurationExtensionSupport.java: Spring Data Redis - Could not safely identify store assignment for repository candidate interface com.managersystem.admin.server.repositories.RewardItemHistoryRepository; If you want this repository to be a Redis repository, consider annotating your entities with one of these annotations: org.springframework.data.redis.core.RedisHash (preferred), or consider extending one of the following types with your repository: org.springframework.data.keyvalue.repository.KeyValueRepository
04/02/24 00:49:07.553 | INFO  | sale_service | 0 | RepositoryConfigurationExtensionSupport.java: Spring Data Redis - Could not safely identify store assignment for repository candidate interface com.managersystem.admin.server.repositories.RewardItemRepository; If you want this repository to be a Redis repository, consider annotating your entities with one of these annotations: org.springframework.data.redis.core.RedisHash (preferred), or consider extending one of the following types with your repository: org.springframework.data.keyvalue.repository.KeyValueRepository
04/02/24 00:49:07.553 | INFO  | sale_service | 0 | RepositoryConfigurationExtensionSupport.java: Spring Data Redis - Could not safely identify store assignment for repository candidate interface com.managersystem.admin.server.repositories.RewardScheduleRepository; If you want this repository to be a Redis repository, consider annotating your entities with one of these annotations: org.springframework.data.redis.core.RedisHash (preferred), or consider extending one of the following types with your repository: org.springframework.data.keyvalue.repository.KeyValueRepository
04/02/24 00:49:07.554 | INFO  | sale_service | 0 | RepositoryConfigurationExtensionSupport.java: Spring Data Redis - Could not safely identify store assignment for repository candidate interface com.managersystem.admin.server.repositories.RewardSegmentDetailRepository; If you want this repository to be a Redis repository, consider annotating your entities with one of these annotations: org.springframework.data.redis.core.RedisHash (preferred), or consider extending one of the following types with your repository: org.springframework.data.keyvalue.repository.KeyValueRepository
04/02/24 00:49:07.554 | INFO  | sale_service | 0 | RepositoryConfigurationExtensionSupport.java: Spring Data Redis - Could not safely identify store assignment for repository candidate interface com.managersystem.admin.server.repositories.RewardSegmentRepository; If you want this repository to be a Redis repository, consider annotating your entities with one of these annotations: org.springframework.data.redis.core.RedisHash (preferred), or consider extending one of the following types with your repository: org.springframework.data.keyvalue.repository.KeyValueRepository
04/02/24 00:49:07.554 | INFO  | sale_service | 0 | RepositoryConfigurationExtensionSupport.java: Spring Data Redis - Could not safely identify store assignment for repository candidate interface com.managersystem.admin.server.repositories.RewardStateLogRepository; If you want this repository to be a Redis repository, consider annotating your entities with one of these annotations: org.springframework.data.redis.core.RedisHash (preferred), or consider extending one of the following types with your repository: org.springframework.data.keyvalue.repository.KeyValueRepository
04/02/24 00:49:07.554 | INFO  | sale_service | 0 | RepositoryConfigurationExtensionSupport.java: Spring Data Redis - Could not safely identify store assignment for repository candidate interface com.managersystem.admin.server.repositories.RewardStateRepository; If you want this repository to be a Redis repository, consider annotating your entities with one of these annotations: org.springframework.data.redis.core.RedisHash (preferred), or consider extending one of the following types with your repository: org.springframework.data.keyvalue.repository.KeyValueRepository
04/02/24 00:49:07.555 | INFO  | sale_service | 0 | RepositoryConfigurationExtensionSupport.java: Spring Data Redis - Could not safely identify store assignment for repository candidate interface com.managersystem.admin.server.repositories.UserRepository; If you want this repository to be a Redis repository, consider annotating your entities with one of these annotations: org.springframework.data.redis.core.RedisHash (preferred), or consider extending one of the following types with your repository: org.springframework.data.keyvalue.repository.KeyValueRepository
04/02/24 00:49:07.555 | INFO  | sale_service | 0 | RepositoryConfigurationDelegate.java: Finished Spring Data repository scanning in 11 ms. Found 0 Redis repository interfaces.
04/02/24 00:49:08.074 | INFO  | sale_service | 0 | TomcatWebServer.java: Tomcat initialized with port(s): 8080 (http)
04/02/24 00:49:08.081 | INFO  | sale_service | 0 | DirectJDKLog.java: Initializing ProtocolHandler ["http-nio-8080"]
04/02/24 00:49:08.082 | INFO  | sale_service | 0 | DirectJDKLog.java: Starting service [Tomcat]
04/02/24 00:49:08.083 | INFO  | sale_service | 0 | DirectJDKLog.java: Starting Servlet engine: [Apache Tomcat/10.1.13]
04/02/24 00:49:08.164 | INFO  | sale_service | 0 | DirectJDKLog.java: Initializing Spring embedded WebApplicationContext
04/02/24 00:49:08.164 | INFO  | sale_service | 0 | ServletWebServerApplicationContext.java: Root WebApplicationContext: initialization completed in 1720 ms
04/02/24 00:49:08.307 | DEBUG | sale_service | 0 | GenericFilterBean.java: Filter 'serverHttpObservationFilter' configured for use
04/02/24 00:49:08.431 | INFO  | sale_service | 0 | LogHelper.java: HHH000204: Processing PersistenceUnitInfo [name: default]
04/02/24 00:49:08.478 | INFO  | sale_service | 0 | Version.java: HHH000412: Hibernate ORM core version 6.1.7.Final
04/02/24 00:49:08.742 | INFO  | sale_service | 0 | HikariDataSource.java: HikariPool-1 - Starting...
04/02/24 00:49:09.279 | INFO  | sale_service | 0 | HikariPool.java: HikariPool-1 - Added connection com.mysql.cj.jdbc.ConnectionImpl@15a8bbe5
04/02/24 00:49:09.281 | INFO  | sale_service | 0 | HikariDataSource.java: HikariPool-1 - Start completed.
04/02/24 00:49:09.426 | INFO  | sale_service | 0 | DialectFactoryImpl.java: HHH000400: Using dialect: org.hibernate.dialect.MySQLDialect
04/02/24 00:49:09.690 | INFO  | sale_service | 0 | TypeSafeActivator.java: Error calling `jakarta.validation.Validation#buildDefaultValidatorFactory`
jakarta.validation.NoProviderFoundException: Unable to create a Configuration, because no Jakarta Bean Validation provider could be found. Add a provider like Hibernate Validator (RI) to your classpath.
	at jakarta.validation.Validation$GenericBootstrapImpl.configure(Validation.java:291) ~[jakarta.validation-api-3.0.2.jar:?]
	at jakarta.validation.Validation.buildDefaultValidatorFactory(Validation.java:103) ~[jakarta.validation-api-3.0.2.jar:?]
	at org.hibernate.cfg.beanvalidation.TypeSafeActivator.getValidatorFactory(TypeSafeActivator.java:479) ~[hibernate-core-6.1.7.Final.jar:6.1.7.Final]
	at org.hibernate.cfg.beanvalidation.TypeSafeActivator.activate(TypeSafeActivator.java:82) ~[hibernate-core-6.1.7.Final.jar:6.1.7.Final]
	at jdk.internal.reflect.NativeMethodAccessorImpl.invoke0(Native Method) ~[?:?]
	at jdk.internal.reflect.NativeMethodAccessorImpl.invoke(NativeMethodAccessorImpl.java:77) ~[?:?]
	at jdk.internal.reflect.DelegatingMethodAccessorImpl.invoke(DelegatingMethodAccessorImpl.java:43) ~[?:?]
	at java.lang.reflect.Method.invoke(Method.java:568) ~[?:?]
	at org.hibernate.cfg.beanvalidation.BeanValidationIntegrator.integrate(BeanValidationIntegrator.java:137) ~[hibernate-core-6.1.7.Final.jar:6.1.7.Final]
	at org.hibernate.internal.SessionFactoryImpl.<init>(SessionFactoryImpl.java:287) ~[hibernate-core-6.1.7.Final.jar:6.1.7.Final]
	at org.hibernate.boot.internal.SessionFactoryBuilderImpl.build(SessionFactoryBuilderImpl.java:415) ~[hibernate-core-6.1.7.Final.jar:6.1.7.Final]
	at org.hibernate.jpa.boot.internal.EntityManagerFactoryBuilderImpl.build(EntityManagerFactoryBuilderImpl.java:1423) ~[hibernate-core-6.1.7.Final.jar:6.1.7.Final]
	at org.springframework.orm.jpa.vendor.SpringHibernateJpaPersistenceProvider.createContainerEntityManagerFactory(SpringHibernateJpaPersistenceProvider.java:75) ~[spring-orm-6.0.12.jar:6.0.12]
	at org.springframework.orm.jpa.LocalContainerEntityManagerFactoryBean.createNativeEntityManagerFactory(LocalContainerEntityManagerFactoryBean.java:376) ~[spring-orm-6.0.12.jar:6.0.12]
	at org.springframework.orm.jpa.AbstractEntityManagerFactoryBean.buildNativeEntityManagerFactory(AbstractEntityManagerFactoryBean.java:409) ~[spring-orm-6.0.12.jar:6.0.12]
	at org.springframework.orm.jpa.AbstractEntityManagerFactoryBean.afterPropertiesSet(AbstractEntityManagerFactoryBean.java:396) ~[spring-orm-6.0.12.jar:6.0.12]
	at org.springframework.orm.jpa.LocalContainerEntityManagerFactoryBean.afterPropertiesSet(LocalContainerEntityManagerFactoryBean.java:352) ~[spring-orm-6.0.12.jar:6.0.12]
	at org.springframework.beans.factory.support.AbstractAutowireCapableBeanFactory.invokeInitMethods(AbstractAutowireCapableBeanFactory.java:1817) ~[spring-beans-6.0.12.jar:6.0.12]
	at org.springframework.beans.factory.support.AbstractAutowireCapableBeanFactory.initializeBean(AbstractAutowireCapableBeanFactory.java:1766) ~[spring-beans-6.0.12.jar:6.0.12]
	at org.springframework.beans.factory.support.AbstractAutowireCapableBeanFactory.doCreateBean(AbstractAutowireCapableBeanFactory.java:598) ~[spring-beans-6.0.12.jar:6.0.12]
	at org.springframework.beans.factory.support.AbstractAutowireCapableBeanFactory.createBean(AbstractAutowireCapableBeanFactory.java:520) ~[spring-beans-6.0.12.jar:6.0.12]
	at org.springframework.beans.factory.support.AbstractBeanFactory.lambda$doGetBean$0(AbstractBeanFactory.java:325) ~[spring-beans-6.0.12.jar:6.0.12]
	at org.springframework.beans.factory.support.DefaultSingletonBeanRegistry.getSingleton(DefaultSingletonBeanRegistry.java:234) ~[spring-beans-6.0.12.jar:6.0.12]
	at org.springframework.beans.factory.support.AbstractBeanFactory.doGetBean(AbstractBeanFactory.java:323) ~[spring-beans-6.0.12.jar:6.0.12]
	at org.springframework.beans.factory.support.AbstractBeanFactory.getBean(AbstractBeanFactory.java:199) ~[spring-beans-6.0.12.jar:6.0.12]
	at org.springframework.context.support.AbstractApplicationContext.getBean(AbstractApplicationContext.java:1158) ~[spring-context-6.0.12.jar:6.0.12]
	at org.springframework.context.support.AbstractApplicationContext.finishBeanFactoryInitialization(AbstractApplicationContext.java:932) ~[spring-context-6.0.12.jar:6.0.12]
	at org.springframework.context.support.AbstractApplicationContext.refresh(AbstractApplicationContext.java:608) ~[spring-context-6.0.12.jar:6.0.12]
	at org.springframework.boot.web.servlet.context.ServletWebServerApplicationContext.refresh(ServletWebServerApplicationContext.java:146) ~[spring-boot-3.0.11.jar:3.0.11]
	at org.springframework.boot.SpringApplication.refresh(SpringApplication.java:732) ~[spring-boot-3.0.11.jar:3.0.11]
	at org.springframework.boot.SpringApplication.refreshContext(SpringApplication.java:434) ~[spring-boot-3.0.11.jar:3.0.11]
	at org.springframework.boot.SpringApplication.run(SpringApplication.java:310) ~[spring-boot-3.0.11.jar:3.0.11]
	at org.springframework.boot.SpringApplication.run(SpringApplication.java:1304) ~[spring-boot-3.0.11.jar:3.0.11]
	at org.springframework.boot.SpringApplication.run(SpringApplication.java:1293) ~[spring-boot-3.0.11.jar:3.0.11]
	at com.managersystem.admin.CmsApplication.main(CmsApplication.java:14) ~[classes/:?]
04/02/24 00:49:10.284 | INFO  | sale_service | 0 | JtaPlatformInitiator.java: HHH000490: Using JtaPlatform implementation: [org.hibernate.engine.transaction.jta.platform.internal.NoJtaPlatform]
04/02/24 00:49:10.295 | INFO  | sale_service | 0 | AbstractEntityManagerFactoryBean.java: Initialized JPA EntityManagerFactory for persistence unit 'default'
04/02/24 00:49:10.513 | INFO  | sale_service | 0 | Version.java: Redisson 3.24.3
04/02/24 00:49:10.979 | INFO  | sale_service | 0 | ConnectionPool.java: 1 connections initialized for tcp.appengine.bfcplatform.vn/103.69.194.195:13437
04/02/24 00:49:11.874 | INFO  | sale_service | 0 | ConnectionPool.java: 24 connections initialized for tcp.appengine.bfcplatform.vn/103.69.194.195:13437
04/02/24 00:49:12.093 | INFO  | sale_service | 0 | StatisticalLoggingSessionEventListener.java: Session Metrics {
    0 nanoseconds spent acquiring 0 JDBC connections;
    0 nanoseconds spent releasing 0 JDBC connections;
    0 nanoseconds spent preparing 0 JDBC statements;
    0 nanoseconds spent executing 0 JDBC statements;
    0 nanoseconds spent executing 0 JDBC batches;
    0 nanoseconds spent performing 0 L2C puts;
    0 nanoseconds spent performing 0 L2C hits;
    0 nanoseconds spent performing 0 L2C misses;
    0 nanoseconds spent executing 0 flushes (flushing a total of 0 entities and 0 collections);
    0 nanoseconds spent executing 0 partial-flushes (flushing a total of 0 entities and 0 collections)
}
04/02/24 00:49:12.093 | INFO  | sale_service | 0 | StatisticalLoggingSessionEventListener.java: Session Metrics {
    0 nanoseconds spent acquiring 0 JDBC connections;
    0 nanoseconds spent releasing 0 JDBC connections;
    0 nanoseconds spent preparing 0 JDBC statements;
    0 nanoseconds spent executing 0 JDBC statements;
    0 nanoseconds spent executing 0 JDBC batches;
    0 nanoseconds spent performing 0 L2C puts;
    0 nanoseconds spent performing 0 L2C hits;
    0 nanoseconds spent performing 0 L2C misses;
    0 nanoseconds spent executing 0 flushes (flushing a total of 0 entities and 0 collections);
    0 nanoseconds spent executing 0 partial-flushes (flushing a total of 0 entities and 0 collections)
}
04/02/24 00:49:12.150 | INFO  | sale_service | 0 | StatisticalLoggingSessionEventListener.java: Session Metrics {
    0 nanoseconds spent acquiring 0 JDBC connections;
    0 nanoseconds spent releasing 0 JDBC connections;
    0 nanoseconds spent preparing 0 JDBC statements;
    0 nanoseconds spent executing 0 JDBC statements;
    0 nanoseconds spent executing 0 JDBC batches;
    0 nanoseconds spent performing 0 L2C puts;
    0 nanoseconds spent performing 0 L2C hits;
    0 nanoseconds spent performing 0 L2C misses;
    0 nanoseconds spent executing 0 flushes (flushing a total of 0 entities and 0 collections);
    0 nanoseconds spent executing 0 partial-flushes (flushing a total of 0 entities and 0 collections)
}
04/02/24 00:49:12.201 | INFO  | sale_service | 0 | StatisticalLoggingSessionEventListener.java: Session Metrics {
    0 nanoseconds spent acquiring 0 JDBC connections;
    0 nanoseconds spent releasing 0 JDBC connections;
    0 nanoseconds spent preparing 0 JDBC statements;
    0 nanoseconds spent executing 0 JDBC statements;
    0 nanoseconds spent executing 0 JDBC batches;
    0 nanoseconds spent performing 0 L2C puts;
    0 nanoseconds spent performing 0 L2C hits;
    0 nanoseconds spent performing 0 L2C misses;
    0 nanoseconds spent executing 0 flushes (flushing a total of 0 entities and 0 collections);
    0 nanoseconds spent executing 0 partial-flushes (flushing a total of 0 entities and 0 collections)
}
04/02/24 00:49:12.204 | INFO  | sale_service | 0 | StatisticalLoggingSessionEventListener.java: Session Metrics {
    0 nanoseconds spent acquiring 0 JDBC connections;
    0 nanoseconds spent releasing 0 JDBC connections;
    0 nanoseconds spent preparing 0 JDBC statements;
    0 nanoseconds spent executing 0 JDBC statements;
    0 nanoseconds spent executing 0 JDBC batches;
    0 nanoseconds spent performing 0 L2C puts;
    0 nanoseconds spent performing 0 L2C hits;
    0 nanoseconds spent performing 0 L2C misses;
    0 nanoseconds spent executing 0 flushes (flushing a total of 0 entities and 0 collections);
    0 nanoseconds spent executing 0 partial-flushes (flushing a total of 0 entities and 0 collections)
}
04/02/24 00:49:12.243 | INFO  | sale_service | 0 | StatisticalLoggingSessionEventListener.java: Session Metrics {
    0 nanoseconds spent acquiring 0 JDBC connections;
    0 nanoseconds spent releasing 0 JDBC connections;
    0 nanoseconds spent preparing 0 JDBC statements;
    0 nanoseconds spent executing 0 JDBC statements;
    0 nanoseconds spent executing 0 JDBC batches;
    0 nanoseconds spent performing 0 L2C puts;
    0 nanoseconds spent performing 0 L2C hits;
    0 nanoseconds spent performing 0 L2C misses;
    0 nanoseconds spent executing 0 flushes (flushing a total of 0 entities and 0 collections);
    0 nanoseconds spent executing 0 partial-flushes (flushing a total of 0 entities and 0 collections)
}
04/02/24 00:49:12.243 | INFO  | sale_service | 0 | StatisticalLoggingSessionEventListener.java: Session Metrics {
    0 nanoseconds spent acquiring 0 JDBC connections;
    0 nanoseconds spent releasing 0 JDBC connections;
    0 nanoseconds spent preparing 0 JDBC statements;
    0 nanoseconds spent executing 0 JDBC statements;
    0 nanoseconds spent executing 0 JDBC batches;
    0 nanoseconds spent performing 0 L2C puts;
    0 nanoseconds spent performing 0 L2C hits;
    0 nanoseconds spent performing 0 L2C misses;
    0 nanoseconds spent executing 0 flushes (flushing a total of 0 entities and 0 collections);
    0 nanoseconds spent executing 0 partial-flushes (flushing a total of 0 entities and 0 collections)
}
04/02/24 00:49:12.256 | INFO  | sale_service | 0 | StatisticalLoggingSessionEventListener.java: Session Metrics {
    0 nanoseconds spent acquiring 0 JDBC connections;
    0 nanoseconds spent releasing 0 JDBC connections;
    0 nanoseconds spent preparing 0 JDBC statements;
    0 nanoseconds spent executing 0 JDBC statements;
    0 nanoseconds spent executing 0 JDBC batches;
    0 nanoseconds spent performing 0 L2C puts;
    0 nanoseconds spent performing 0 L2C hits;
    0 nanoseconds spent performing 0 L2C misses;
    0 nanoseconds spent executing 0 flushes (flushing a total of 0 entities and 0 collections);
    0 nanoseconds spent executing 0 partial-flushes (flushing a total of 0 entities and 0 collections)
}
04/02/24 00:49:12.263 | INFO  | sale_service | 0 | StatisticalLoggingSessionEventListener.java: Session Metrics {
    0 nanoseconds spent acquiring 0 JDBC connections;
    0 nanoseconds spent releasing 0 JDBC connections;
    0 nanoseconds spent preparing 0 JDBC statements;
    0 nanoseconds spent executing 0 JDBC statements;
    0 nanoseconds spent executing 0 JDBC batches;
    0 nanoseconds spent performing 0 L2C puts;
    0 nanoseconds spent performing 0 L2C hits;
    0 nanoseconds spent performing 0 L2C misses;
    0 nanoseconds spent executing 0 flushes (flushing a total of 0 entities and 0 collections);
    0 nanoseconds spent executing 0 partial-flushes (flushing a total of 0 entities and 0 collections)
}
04/02/24 00:49:12.285 | INFO  | sale_service | 0 | StatisticalLoggingSessionEventListener.java: Session Metrics {
    0 nanoseconds spent acquiring 0 JDBC connections;
    0 nanoseconds spent releasing 0 JDBC connections;
    0 nanoseconds spent preparing 0 JDBC statements;
    0 nanoseconds spent executing 0 JDBC statements;
    0 nanoseconds spent executing 0 JDBC batches;
    0 nanoseconds spent performing 0 L2C puts;
    0 nanoseconds spent performing 0 L2C hits;
    0 nanoseconds spent performing 0 L2C misses;
    0 nanoseconds spent executing 0 flushes (flushing a total of 0 entities and 0 collections);
    0 nanoseconds spent executing 0 partial-flushes (flushing a total of 0 entities and 0 collections)
}
04/02/24 00:49:12.289 | INFO  | sale_service | 0 | StatisticalLoggingSessionEventListener.java: Session Metrics {
    0 nanoseconds spent acquiring 0 JDBC connections;
    0 nanoseconds spent releasing 0 JDBC connections;
    0 nanoseconds spent preparing 0 JDBC statements;
    0 nanoseconds spent executing 0 JDBC statements;
    0 nanoseconds spent executing 0 JDBC batches;
    0 nanoseconds spent performing 0 L2C puts;
    0 nanoseconds spent performing 0 L2C hits;
    0 nanoseconds spent performing 0 L2C misses;
    0 nanoseconds spent executing 0 flushes (flushing a total of 0 entities and 0 collections);
    0 nanoseconds spent executing 0 partial-flushes (flushing a total of 0 entities and 0 collections)
}
04/02/24 00:49:12.303 | INFO  | sale_service | 0 | StatisticalLoggingSessionEventListener.java: Session Metrics {
    0 nanoseconds spent acquiring 0 JDBC connections;
    0 nanoseconds spent releasing 0 JDBC connections;
    0 nanoseconds spent preparing 0 JDBC statements;
    0 nanoseconds spent executing 0 JDBC statements;
    0 nanoseconds spent executing 0 JDBC batches;
    0 nanoseconds spent performing 0 L2C puts;
    0 nanoseconds spent performing 0 L2C hits;
    0 nanoseconds spent performing 0 L2C misses;
    0 nanoseconds spent executing 0 flushes (flushing a total of 0 entities and 0 collections);
    0 nanoseconds spent executing 0 partial-flushes (flushing a total of 0 entities and 0 collections)
}
04/02/24 00:49:12.303 | INFO  | sale_service | 0 | StatisticalLoggingSessionEventListener.java: Session Metrics {
    0 nanoseconds spent acquiring 0 JDBC connections;
    0 nanoseconds spent releasing 0 JDBC connections;
    0 nanoseconds spent preparing 0 JDBC statements;
    0 nanoseconds spent executing 0 JDBC statements;
    0 nanoseconds spent executing 0 JDBC batches;
    0 nanoseconds spent performing 0 L2C puts;
    0 nanoseconds spent performing 0 L2C hits;
    0 nanoseconds spent performing 0 L2C misses;
    0 nanoseconds spent executing 0 flushes (flushing a total of 0 entities and 0 collections);
    0 nanoseconds spent executing 0 partial-flushes (flushing a total of 0 entities and 0 collections)
}
04/02/24 00:49:12.311 | INFO  | sale_service | 0 | StatisticalLoggingSessionEventListener.java: Session Metrics {
    0 nanoseconds spent acquiring 0 JDBC connections;
    0 nanoseconds spent releasing 0 JDBC connections;
    0 nanoseconds spent preparing 0 JDBC statements;
    0 nanoseconds spent executing 0 JDBC statements;
    0 nanoseconds spent executing 0 JDBC batches;
    0 nanoseconds spent performing 0 L2C puts;
    0 nanoseconds spent performing 0 L2C hits;
    0 nanoseconds spent performing 0 L2C misses;
    0 nanoseconds spent executing 0 flushes (flushing a total of 0 entities and 0 collections);
    0 nanoseconds spent executing 0 partial-flushes (flushing a total of 0 entities and 0 collections)
}
04/02/24 00:49:12.312 | INFO  | sale_service | 0 | StatisticalLoggingSessionEventListener.java: Session Metrics {
    0 nanoseconds spent acquiring 0 JDBC connections;
    0 nanoseconds spent releasing 0 JDBC connections;
    0 nanoseconds spent preparing 0 JDBC statements;
    0 nanoseconds spent executing 0 JDBC statements;
    0 nanoseconds spent executing 0 JDBC batches;
    0 nanoseconds spent performing 0 L2C puts;
    0 nanoseconds spent performing 0 L2C hits;
    0 nanoseconds spent performing 0 L2C misses;
    0 nanoseconds spent executing 0 flushes (flushing a total of 0 entities and 0 collections);
    0 nanoseconds spent executing 0 partial-flushes (flushing a total of 0 entities and 0 collections)
}
04/02/24 00:49:12.488 | INFO  | sale_service | 0 | StatisticalLoggingSessionEventListener.java: Session Metrics {
    0 nanoseconds spent acquiring 0 JDBC connections;
    0 nanoseconds spent releasing 0 JDBC connections;
    0 nanoseconds spent preparing 0 JDBC statements;
    0 nanoseconds spent executing 0 JDBC statements;
    0 nanoseconds spent executing 0 JDBC batches;
    0 nanoseconds spent performing 0 L2C puts;
    0 nanoseconds spent performing 0 L2C hits;
    0 nanoseconds spent performing 0 L2C misses;
    0 nanoseconds spent executing 0 flushes (flushing a total of 0 entities and 0 collections);
    0 nanoseconds spent executing 0 partial-flushes (flushing a total of 0 entities and 0 collections)
}
04/02/24 00:49:12.497 | INFO  | sale_service | 0 | StatisticalLoggingSessionEventListener.java: Session Metrics {
    0 nanoseconds spent acquiring 0 JDBC connections;
    0 nanoseconds spent releasing 0 JDBC connections;
    0 nanoseconds spent preparing 0 JDBC statements;
    0 nanoseconds spent executing 0 JDBC statements;
    0 nanoseconds spent executing 0 JDBC batches;
    0 nanoseconds spent performing 0 L2C puts;
    0 nanoseconds spent performing 0 L2C hits;
    0 nanoseconds spent performing 0 L2C misses;
    0 nanoseconds spent executing 0 flushes (flushing a total of 0 entities and 0 collections);
    0 nanoseconds spent executing 0 partial-flushes (flushing a total of 0 entities and 0 collections)
}
04/02/24 00:49:12.507 | INFO  | sale_service | 0 | StatisticalLoggingSessionEventListener.java: Session Metrics {
    0 nanoseconds spent acquiring 0 JDBC connections;
    0 nanoseconds spent releasing 0 JDBC connections;
    0 nanoseconds spent preparing 0 JDBC statements;
    0 nanoseconds spent executing 0 JDBC statements;
    0 nanoseconds spent executing 0 JDBC batches;
    0 nanoseconds spent performing 0 L2C puts;
    0 nanoseconds spent performing 0 L2C hits;
    0 nanoseconds spent performing 0 L2C misses;
    0 nanoseconds spent executing 0 flushes (flushing a total of 0 entities and 0 collections);
    0 nanoseconds spent executing 0 partial-flushes (flushing a total of 0 entities and 0 collections)
}
04/02/24 00:49:12.511 | INFO  | sale_service | 0 | StatisticalLoggingSessionEventListener.java: Session Metrics {
    0 nanoseconds spent acquiring 0 JDBC connections;
    0 nanoseconds spent releasing 0 JDBC connections;
    0 nanoseconds spent preparing 0 JDBC statements;
    0 nanoseconds spent executing 0 JDBC statements;
    0 nanoseconds spent executing 0 JDBC batches;
    0 nanoseconds spent performing 0 L2C puts;
    0 nanoseconds spent performing 0 L2C hits;
    0 nanoseconds spent performing 0 L2C misses;
    0 nanoseconds spent executing 0 flushes (flushing a total of 0 entities and 0 collections);
    0 nanoseconds spent executing 0 partial-flushes (flushing a total of 0 entities and 0 collections)
}
04/02/24 00:49:12.529 | INFO  | sale_service | 0 | StatisticalLoggingSessionEventListener.java: Session Metrics {
    0 nanoseconds spent acquiring 0 JDBC connections;
    0 nanoseconds spent releasing 0 JDBC connections;
    0 nanoseconds spent preparing 0 JDBC statements;
    0 nanoseconds spent executing 0 JDBC statements;
    0 nanoseconds spent executing 0 JDBC batches;
    0 nanoseconds spent performing 0 L2C puts;
    0 nanoseconds spent performing 0 L2C hits;
    0 nanoseconds spent performing 0 L2C misses;
    0 nanoseconds spent executing 0 flushes (flushing a total of 0 entities and 0 collections);
    0 nanoseconds spent executing 0 partial-flushes (flushing a total of 0 entities and 0 collections)
}
04/02/24 00:49:12.534 | INFO  | sale_service | 0 | StatisticalLoggingSessionEventListener.java: Session Metrics {
    0 nanoseconds spent acquiring 0 JDBC connections;
    0 nanoseconds spent releasing 0 JDBC connections;
    0 nanoseconds spent preparing 0 JDBC statements;
    0 nanoseconds spent executing 0 JDBC statements;
    0 nanoseconds spent executing 0 JDBC batches;
    0 nanoseconds spent performing 0 L2C puts;
    0 nanoseconds spent performing 0 L2C hits;
    0 nanoseconds spent performing 0 L2C misses;
    0 nanoseconds spent executing 0 flushes (flushing a total of 0 entities and 0 collections);
    0 nanoseconds spent executing 0 partial-flushes (flushing a total of 0 entities and 0 collections)
}
04/02/24 00:49:12.552 | INFO  | sale_service | 0 | StatisticalLoggingSessionEventListener.java: Session Metrics {
    0 nanoseconds spent acquiring 0 JDBC connections;
    0 nanoseconds spent releasing 0 JDBC connections;
    0 nanoseconds spent preparing 0 JDBC statements;
    0 nanoseconds spent executing 0 JDBC statements;
    0 nanoseconds spent executing 0 JDBC batches;
    0 nanoseconds spent performing 0 L2C puts;
    0 nanoseconds spent performing 0 L2C hits;
    0 nanoseconds spent performing 0 L2C misses;
    0 nanoseconds spent executing 0 flushes (flushing a total of 0 entities and 0 collections);
    0 nanoseconds spent executing 0 partial-flushes (flushing a total of 0 entities and 0 collections)
}
04/02/24 00:49:12.555 | INFO  | sale_service | 0 | StatisticalLoggingSessionEventListener.java: Session Metrics {
    0 nanoseconds spent acquiring 0 JDBC connections;
    0 nanoseconds spent releasing 0 JDBC connections;
    0 nanoseconds spent preparing 0 JDBC statements;
    0 nanoseconds spent executing 0 JDBC statements;
    0 nanoseconds spent executing 0 JDBC batches;
    0 nanoseconds spent performing 0 L2C puts;
    0 nanoseconds spent performing 0 L2C hits;
    0 nanoseconds spent performing 0 L2C misses;
    0 nanoseconds spent executing 0 flushes (flushing a total of 0 entities and 0 collections);
    0 nanoseconds spent executing 0 partial-flushes (flushing a total of 0 entities and 0 collections)
}
04/02/24 00:49:12.566 | INFO  | sale_service | 0 | StatisticalLoggingSessionEventListener.java: Session Metrics {
    0 nanoseconds spent acquiring 0 JDBC connections;
    0 nanoseconds spent releasing 0 JDBC connections;
    0 nanoseconds spent preparing 0 JDBC statements;
    0 nanoseconds spent executing 0 JDBC statements;
    0 nanoseconds spent executing 0 JDBC batches;
    0 nanoseconds spent performing 0 L2C puts;
    0 nanoseconds spent performing 0 L2C hits;
    0 nanoseconds spent performing 0 L2C misses;
    0 nanoseconds spent executing 0 flushes (flushing a total of 0 entities and 0 collections);
    0 nanoseconds spent executing 0 partial-flushes (flushing a total of 0 entities and 0 collections)
}
04/02/24 00:49:12.566 | INFO  | sale_service | 0 | StatisticalLoggingSessionEventListener.java: Session Metrics {
    0 nanoseconds spent acquiring 0 JDBC connections;
    0 nanoseconds spent releasing 0 JDBC connections;
    0 nanoseconds spent preparing 0 JDBC statements;
    0 nanoseconds spent executing 0 JDBC statements;
    0 nanoseconds spent executing 0 JDBC batches;
    0 nanoseconds spent performing 0 L2C puts;
    0 nanoseconds spent performing 0 L2C hits;
    0 nanoseconds spent performing 0 L2C misses;
    0 nanoseconds spent executing 0 flushes (flushing a total of 0 entities and 0 collections);
    0 nanoseconds spent executing 0 partial-flushes (flushing a total of 0 entities and 0 collections)
}
04/02/24 00:49:12.579 | INFO  | sale_service | 0 | StatisticalLoggingSessionEventListener.java: Session Metrics {
    0 nanoseconds spent acquiring 0 JDBC connections;
    0 nanoseconds spent releasing 0 JDBC connections;
    0 nanoseconds spent preparing 0 JDBC statements;
    0 nanoseconds spent executing 0 JDBC statements;
    0 nanoseconds spent executing 0 JDBC batches;
    0 nanoseconds spent performing 0 L2C puts;
    0 nanoseconds spent performing 0 L2C hits;
    0 nanoseconds spent performing 0 L2C misses;
    0 nanoseconds spent executing 0 flushes (flushing a total of 0 entities and 0 collections);
    0 nanoseconds spent executing 0 partial-flushes (flushing a total of 0 entities and 0 collections)
}
04/02/24 00:49:12.581 | INFO  | sale_service | 0 | StatisticalLoggingSessionEventListener.java: Session Metrics {
    0 nanoseconds spent acquiring 0 JDBC connections;
    0 nanoseconds spent releasing 0 JDBC connections;
    0 nanoseconds spent preparing 0 JDBC statements;
    0 nanoseconds spent executing 0 JDBC statements;
    0 nanoseconds spent executing 0 JDBC batches;
    0 nanoseconds spent performing 0 L2C puts;
    0 nanoseconds spent performing 0 L2C hits;
    0 nanoseconds spent performing 0 L2C misses;
    0 nanoseconds spent executing 0 flushes (flushing a total of 0 entities and 0 collections);
    0 nanoseconds spent executing 0 partial-flushes (flushing a total of 0 entities and 0 collections)
}
04/02/24 00:49:12.591 | INFO  | sale_service | 0 | StatisticalLoggingSessionEventListener.java: Session Metrics {
    0 nanoseconds spent acquiring 0 JDBC connections;
    0 nanoseconds spent releasing 0 JDBC connections;
    0 nanoseconds spent preparing 0 JDBC statements;
    0 nanoseconds spent executing 0 JDBC statements;
    0 nanoseconds spent executing 0 JDBC batches;
    0 nanoseconds spent performing 0 L2C puts;
    0 nanoseconds spent performing 0 L2C hits;
    0 nanoseconds spent performing 0 L2C misses;
    0 nanoseconds spent executing 0 flushes (flushing a total of 0 entities and 0 collections);
    0 nanoseconds spent executing 0 partial-flushes (flushing a total of 0 entities and 0 collections)
}
04/02/24 00:49:12.591 | INFO  | sale_service | 0 | StatisticalLoggingSessionEventListener.java: Session Metrics {
    0 nanoseconds spent acquiring 0 JDBC connections;
    0 nanoseconds spent releasing 0 JDBC connections;
    0 nanoseconds spent preparing 0 JDBC statements;
    0 nanoseconds spent executing 0 JDBC statements;
    0 nanoseconds spent executing 0 JDBC batches;
    0 nanoseconds spent performing 0 L2C puts;
    0 nanoseconds spent performing 0 L2C hits;
    0 nanoseconds spent performing 0 L2C misses;
    0 nanoseconds spent executing 0 flushes (flushing a total of 0 entities and 0 collections);
    0 nanoseconds spent executing 0 partial-flushes (flushing a total of 0 entities and 0 collections)
}
04/02/24 00:49:12.602 | INFO  | sale_service | 0 | StatisticalLoggingSessionEventListener.java: Session Metrics {
    0 nanoseconds spent acquiring 0 JDBC connections;
    0 nanoseconds spent releasing 0 JDBC connections;
    0 nanoseconds spent preparing 0 JDBC statements;
    0 nanoseconds spent executing 0 JDBC statements;
    0 nanoseconds spent executing 0 JDBC batches;
    0 nanoseconds spent performing 0 L2C puts;
    0 nanoseconds spent performing 0 L2C hits;
    0 nanoseconds spent performing 0 L2C misses;
    0 nanoseconds spent executing 0 flushes (flushing a total of 0 entities and 0 collections);
    0 nanoseconds spent executing 0 partial-flushes (flushing a total of 0 entities and 0 collections)
}
04/02/24 00:49:12.605 | INFO  | sale_service | 0 | StatisticalLoggingSessionEventListener.java: Session Metrics {
    0 nanoseconds spent acquiring 0 JDBC connections;
    0 nanoseconds spent releasing 0 JDBC connections;
    0 nanoseconds spent preparing 0 JDBC statements;
    0 nanoseconds spent executing 0 JDBC statements;
    0 nanoseconds spent executing 0 JDBC batches;
    0 nanoseconds spent performing 0 L2C puts;
    0 nanoseconds spent performing 0 L2C hits;
    0 nanoseconds spent performing 0 L2C misses;
    0 nanoseconds spent executing 0 flushes (flushing a total of 0 entities and 0 collections);
    0 nanoseconds spent executing 0 partial-flushes (flushing a total of 0 entities and 0 collections)
}
04/02/24 00:49:12.618 | INFO  | sale_service | 0 | StatisticalLoggingSessionEventListener.java: Session Metrics {
    0 nanoseconds spent acquiring 0 JDBC connections;
    0 nanoseconds spent releasing 0 JDBC connections;
    0 nanoseconds spent preparing 0 JDBC statements;
    0 nanoseconds spent executing 0 JDBC statements;
    0 nanoseconds spent executing 0 JDBC batches;
    0 nanoseconds spent performing 0 L2C puts;
    0 nanoseconds spent performing 0 L2C hits;
    0 nanoseconds spent performing 0 L2C misses;
    0 nanoseconds spent executing 0 flushes (flushing a total of 0 entities and 0 collections);
    0 nanoseconds spent executing 0 partial-flushes (flushing a total of 0 entities and 0 collections)
}
04/02/24 00:49:12.619 | INFO  | sale_service | 0 | StatisticalLoggingSessionEventListener.java: Session Metrics {
    0 nanoseconds spent acquiring 0 JDBC connections;
    0 nanoseconds spent releasing 0 JDBC connections;
    0 nanoseconds spent preparing 0 JDBC statements;
    0 nanoseconds spent executing 0 JDBC statements;
    0 nanoseconds spent executing 0 JDBC batches;
    0 nanoseconds spent performing 0 L2C puts;
    0 nanoseconds spent performing 0 L2C hits;
    0 nanoseconds spent performing 0 L2C misses;
    0 nanoseconds spent executing 0 flushes (flushing a total of 0 entities and 0 collections);
    0 nanoseconds spent executing 0 partial-flushes (flushing a total of 0 entities and 0 collections)
}
04/02/24 00:49:12.630 | INFO  | sale_service | 0 | StatisticalLoggingSessionEventListener.java: Session Metrics {
    0 nanoseconds spent acquiring 0 JDBC connections;
    0 nanoseconds spent releasing 0 JDBC connections;
    0 nanoseconds spent preparing 0 JDBC statements;
    0 nanoseconds spent executing 0 JDBC statements;
    0 nanoseconds spent executing 0 JDBC batches;
    0 nanoseconds spent performing 0 L2C puts;
    0 nanoseconds spent performing 0 L2C hits;
    0 nanoseconds spent performing 0 L2C misses;
    0 nanoseconds spent executing 0 flushes (flushing a total of 0 entities and 0 collections);
    0 nanoseconds spent executing 0 partial-flushes (flushing a total of 0 entities and 0 collections)
}
04/02/24 00:49:12.632 | INFO  | sale_service | 0 | StatisticalLoggingSessionEventListener.java: Session Metrics {
    0 nanoseconds spent acquiring 0 JDBC connections;
    0 nanoseconds spent releasing 0 JDBC connections;
    0 nanoseconds spent preparing 0 JDBC statements;
    0 nanoseconds spent executing 0 JDBC statements;
    0 nanoseconds spent executing 0 JDBC batches;
    0 nanoseconds spent performing 0 L2C puts;
    0 nanoseconds spent performing 0 L2C hits;
    0 nanoseconds spent performing 0 L2C misses;
    0 nanoseconds spent executing 0 flushes (flushing a total of 0 entities and 0 collections);
    0 nanoseconds spent executing 0 partial-flushes (flushing a total of 0 entities and 0 collections)
}
04/02/24 00:49:12.649 | INFO  | sale_service | 0 | StatisticalLoggingSessionEventListener.java: Session Metrics {
    0 nanoseconds spent acquiring 0 JDBC connections;
    0 nanoseconds spent releasing 0 JDBC connections;
    0 nanoseconds spent preparing 0 JDBC statements;
    0 nanoseconds spent executing 0 JDBC statements;
    0 nanoseconds spent executing 0 JDBC batches;
    0 nanoseconds spent performing 0 L2C puts;
    0 nanoseconds spent performing 0 L2C hits;
    0 nanoseconds spent performing 0 L2C misses;
    0 nanoseconds spent executing 0 flushes (flushing a total of 0 entities and 0 collections);
    0 nanoseconds spent executing 0 partial-flushes (flushing a total of 0 entities and 0 collections)
}
04/02/24 00:49:12.652 | INFO  | sale_service | 0 | StatisticalLoggingSessionEventListener.java: Session Metrics {
    0 nanoseconds spent acquiring 0 JDBC connections;
    0 nanoseconds spent releasing 0 JDBC connections;
    0 nanoseconds spent preparing 0 JDBC statements;
    0 nanoseconds spent executing 0 JDBC statements;
    0 nanoseconds spent executing 0 JDBC batches;
    0 nanoseconds spent performing 0 L2C puts;
    0 nanoseconds spent performing 0 L2C hits;
    0 nanoseconds spent performing 0 L2C misses;
    0 nanoseconds spent executing 0 flushes (flushing a total of 0 entities and 0 collections);
    0 nanoseconds spent executing 0 partial-flushes (flushing a total of 0 entities and 0 collections)
}
04/02/24 00:49:13.045 | DEBUG | sale_service | 0 | AbstractHandlerMethodMapping.java: 19 mappings in 'requestMappingHandlerMapping'
04/02/24 00:49:13.132 | DEBUG | sale_service | 0 | SimpleUrlHandlerMapping.java: Patterns [/webjars/**, /**, /v1/docs/swagger-ui*/*swagger-initializer.js, /v1/docs/swagger-ui*/**] in 'resourceHandlerMapping'
04/02/24 00:49:13.265 | INFO  | sale_service | 0 | EndpointLinksResolver.java: Exposing 1 endpoint(s) beneath base path '/actuator'
04/02/24 00:49:13.314 | INFO  | sale_service | 0 | DefaultSecurityFilterChain.java: Will secure any request with [org.springframework.security.web.session.DisableEncodeUrlFilter@5ac88d71, org.springframework.security.web.context.request.async.WebAsyncManagerIntegrationFilter@457512b, org.springframework.security.web.context.SecurityContextHolderFilter@49235e8c, org.springframework.security.web.header.HeaderWriterFilter@3828f303, org.springframework.security.web.authentication.logout.LogoutFilter@46fdb4d, com.managersystem.admin.server.security.JwtAuthFilter@77f03916, org.springframework.security.web.savedrequest.RequestCacheAwareFilter@38c6f088, org.springframework.security.web.servletapi.SecurityContextHolderAwareRequestFilter@7111b312, org.springframework.security.web.authentication.AnonymousAuthenticationFilter@1f3bd40a, org.springframework.security.web.session.SessionManagementFilter@694c23e4, org.springframework.security.web.access.ExceptionTranslationFilter@7efaa137, org.springframework.security.web.access.intercept.AuthorizationFilter@5331be15]
04/02/24 00:49:13.377 | DEBUG | sale_service | 0 | RequestMappingHandlerAdapter.java: ControllerAdvice beans: 0 @ModelAttribute, 0 @InitBinder, 1 RequestBodyAdvice, 1 ResponseBodyAdvice
04/02/24 00:49:13.412 | DEBUG | sale_service | 0 | ExceptionHandlerExceptionResolver.java: ControllerAdvice beans: 2 @ExceptionHandler, 1 ResponseBodyAdvice
04/02/24 00:49:13.741 | INFO  | sale_service | 0 | DirectJDKLog.java: Starting ProtocolHandler ["http-nio-8080"]
04/02/24 00:49:13.750 | INFO  | sale_service | 0 | TomcatWebServer.java: Tomcat started on port(s): 8080 (http) with context path ''
04/02/24 00:49:13.767 | INFO  | sale_service | 0 | StartupInfoLogger.java: Started CmsApplication in 7.673 seconds (process running for 8.538)
04/02/24 00:49:14.018 | INFO  | sale_service | 0 | DirectJDKLog.java: Initializing Spring DispatcherServlet 'dispatcherServlet'
04/02/24 00:49:14.019 | INFO  | sale_service | 0 | FrameworkServlet.java: Initializing Servlet 'dispatcherServlet'
04/02/24 00:49:14.019 | DEBUG | sale_service | 0 | DispatcherServlet.java: Detected StandardServletMultipartResolver
04/02/24 00:49:14.019 | DEBUG | sale_service | 0 | DispatcherServlet.java: Detected AcceptHeaderLocaleResolver
04/02/24 00:49:14.019 | DEBUG | sale_service | 0 | DispatcherServlet.java: Detected FixedThemeResolver
04/02/24 00:49:14.021 | DEBUG | sale_service | 0 | DispatcherServlet.java: Detected org.springframework.web.servlet.view.DefaultRequestToViewNameTranslator@4f60ac31
04/02/24 00:49:14.021 | DEBUG | sale_service | 0 | DispatcherServlet.java: Detected org.springframework.web.servlet.support.SessionFlashMapManager@5ef53e42
04/02/24 00:49:14.021 | DEBUG | sale_service | 0 | FrameworkServlet.java: enableLoggingRequestDetails='false': request parameters and headers will be masked to prevent unsafe logging of potentially sensitive data
04/02/24 00:49:14.022 | INFO  | sale_service | 0 | FrameworkServlet.java: Completed initialization in 3 ms
04/02/24 00:50:19.218 | WARN  | sale_service | 0 | HikariPool.java: HikariPool-1 - Thread starvation or clock leap detected (housekeeper delta=1m9s827ms45µs799ns).
04/02/24 00:50:20.257 | INFO  | sale_service | 0 | AbstractEntityManagerFactoryBean.java: Closing JPA EntityManagerFactory for persistence unit 'default'
04/02/24 00:50:20.259 | INFO  | sale_service | 0 | HikariDataSource.java: HikariPool-1 - Shutdown initiated...
04/02/24 00:50:20.265 | WARN  | sale_service | 0 | ProxyConnection.java: HikariPool-1 - Connection com.mysql.cj.jdbc.ConnectionImpl@15a8bbe5 marked as broken because of SQLSTATE(08S01), ErrorCode(0)
com.mysql.cj.jdbc.exceptions.CommunicationsException: Communications link failure
	at com.mysql.cj.jdbc.exceptions.SQLError.createCommunicationsException(SQLError.java:175) ~[mysql-connector-j-8.0.33.jar:8.0.33]
	at com.mysql.cj.jdbc.exceptions.SQLExceptionsMapping.translateException(SQLExceptionsMapping.java:64) ~[mysql-connector-j-8.0.33.jar:8.0.33]
	at com.mysql.cj.jdbc.ServerPreparedStatement.serverExecute(ServerPreparedStatement.java:555) ~[mysql-connector-j-8.0.33.jar:8.0.33]
	at com.mysql.cj.jdbc.ServerPreparedStatement.executeInternal(ServerPreparedStatement.java:339) ~[mysql-connector-j-8.0.33.jar:8.0.33]
	at com.mysql.cj.jdbc.ClientPreparedStatement.executeQuery(ClientPreparedStatement.java:972) ~[mysql-connector-j-8.0.33.jar:8.0.33]
	at com.zaxxer.hikari.pool.ProxyPreparedStatement.executeQuery(ProxyPreparedStatement.java:52) ~[HikariCP-5.0.1.jar:?]
	at com.zaxxer.hikari.pool.HikariProxyPreparedStatement.executeQuery(HikariProxyPreparedStatement.java) ~[HikariCP-5.0.1.jar:?]
	at org.hibernate.sql.results.jdbc.internal.DeferredResultSetAccess.executeQuery(DeferredResultSetAccess.java:217) ~[hibernate-core-6.1.7.Final.jar:6.1.7.Final]
	at org.hibernate.sql.results.jdbc.internal.DeferredResultSetAccess.getResultSet(DeferredResultSetAccess.java:146) ~[hibernate-core-6.1.7.Final.jar:6.1.7.Final]
	at org.hibernate.sql.results.jdbc.internal.JdbcValuesResultSetImpl.advanceNext(JdbcValuesResultSetImpl.java:205) ~[hibernate-core-6.1.7.Final.jar:6.1.7.Final]
	at org.hibernate.sql.results.jdbc.internal.JdbcValuesResultSetImpl.processNext(JdbcValuesResultSetImpl.java:85) ~[hibernate-core-6.1.7.Final.jar:6.1.7.Final]
	at org.hibernate.sql.results.jdbc.internal.AbstractJdbcValues.next(AbstractJdbcValues.java:29) ~[hibernate-core-6.1.7.Final.jar:6.1.7.Final]
	at org.hibernate.sql.results.internal.RowProcessingStateStandardImpl.next(RowProcessingStateStandardImpl.java:88) ~[hibernate-core-6.1.7.Final.jar:6.1.7.Final]
	at org.hibernate.sql.results.spi.ListResultsConsumer.consume(ListResultsConsumer.java:183) ~[hibernate-core-6.1.7.Final.jar:6.1.7.Final]
	at org.hibernate.sql.results.spi.ListResultsConsumer.consume(ListResultsConsumer.java:33) ~[hibernate-core-6.1.7.Final.jar:6.1.7.Final]
	at org.hibernate.sql.exec.internal.JdbcSelectExecutorStandardImpl.doExecuteQuery(JdbcSelectExecutorStandardImpl.java:443) ~[hibernate-core-6.1.7.Final.jar:6.1.7.Final]
	at org.hibernate.sql.exec.internal.JdbcSelectExecutorStandardImpl.executeQuery(JdbcSelectExecutorStandardImpl.java:166) ~[hibernate-core-6.1.7.Final.jar:6.1.7.Final]
	at org.hibernate.sql.exec.internal.JdbcSelectExecutorStandardImpl.list(JdbcSelectExecutorStandardImpl.java:91) ~[hibernate-core-6.1.7.Final.jar:6.1.7.Final]
	at org.hibernate.sql.exec.spi.JdbcSelectExecutor.list(JdbcSelectExecutor.java:31) ~[hibernate-core-6.1.7.Final.jar:6.1.7.Final]
	at org.hibernate.loader.ast.internal.SingleIdLoadPlan.load(SingleIdLoadPlan.java:140) ~[hibernate-core-6.1.7.Final.jar:6.1.7.Final]
	at org.hibernate.loader.ast.internal.SingleIdLoadPlan.load(SingleIdLoadPlan.java:110) ~[hibernate-core-6.1.7.Final.jar:6.1.7.Final]
	at org.hibernate.loader.ast.internal.SingleIdEntityLoaderStandardImpl.load(SingleIdEntityLoaderStandardImpl.java:72) ~[hibernate-core-6.1.7.Final.jar:6.1.7.Final]
	at org.hibernate.persister.entity.AbstractEntityPersister.doLoad(AbstractEntityPersister.java:4416) ~[hibernate-core-6.1.7.Final.jar:6.1.7.Final]
	at org.hibernate.persister.entity.AbstractEntityPersister.load(AbstractEntityPersister.java:4406) ~[hibernate-core-6.1.7.Final.jar:6.1.7.Final]
	at org.hibernate.event.internal.DefaultLoadEventListener.loadFromDatasource(DefaultLoadEventListener.java:590) ~[hibernate-core-6.1.7.Final.jar:6.1.7.Final]
	at org.hibernate.event.internal.DefaultLoadEventListener.doLoad(DefaultLoadEventListener.java:563) ~[hibernate-core-6.1.7.Final.jar:6.1.7.Final]
	at org.hibernate.event.internal.DefaultLoadEventListener.load(DefaultLoadEventListener.java:221) ~[hibernate-core-6.1.7.Final.jar:6.1.7.Final]
	at org.hibernate.event.internal.DefaultLoadEventListener.proxyOrLoad(DefaultLoadEventListener.java:358) ~[hibernate-core-6.1.7.Final.jar:6.1.7.Final]
	at org.hibernate.event.internal.DefaultLoadEventListener.doOnLoad(DefaultLoadEventListener.java:110) ~[hibernate-core-6.1.7.Final.jar:6.1.7.Final]
	at org.hibernate.event.internal.DefaultLoadEventListener.onLoad(DefaultLoadEventListener.java:72) ~[hibernate-core-6.1.7.Final.jar:6.1.7.Final]
	at org.hibernate.event.service.internal.EventListenerGroupImpl.fireEventOnEachListener(EventListenerGroupImpl.java:118) ~[hibernate-core-6.1.7.Final.jar:6.1.7.Final]
	at org.hibernate.internal.SessionImpl.fireLoadNoChecks(SessionImpl.java:1244) ~[hibernate-core-6.1.7.Final.jar:6.1.7.Final]
	at org.hibernate.internal.SessionImpl.fireLoad(SessionImpl.java:1232) ~[hibernate-core-6.1.7.Final.jar:6.1.7.Final]
	at org.hibernate.loader.access.IdentifierLoadAccessImpl.doLoad(IdentifierLoadAccessImpl.java:195) ~[hibernate-core-6.1.7.Final.jar:6.1.7.Final]
	at org.hibernate.loader.access.IdentifierLoadAccessImpl.lambda$load$1(IdentifierLoadAccessImpl.java:161) ~[hibernate-core-6.1.7.Final.jar:6.1.7.Final]
	at org.hibernate.loader.access.IdentifierLoadAccessImpl.perform(IdentifierLoadAccessImpl.java:108) ~[hibernate-core-6.1.7.Final.jar:6.1.7.Final]
	at org.hibernate.loader.access.IdentifierLoadAccessImpl.load(IdentifierLoadAccessImpl.java:161) ~[hibernate-core-6.1.7.Final.jar:6.1.7.Final]
	at org.hibernate.internal.SessionImpl.find(SessionImpl.java:2336) ~[hibernate-core-6.1.7.Final.jar:6.1.7.Final]
	at org.hibernate.internal.SessionImpl.find(SessionImpl.java:2303) ~[hibernate-core-6.1.7.Final.jar:6.1.7.Final]
	at jdk.internal.reflect.NativeMethodAccessorImpl.invoke0(Native Method) ~[?:?]
	at jdk.internal.reflect.NativeMethodAccessorImpl.invoke(NativeMethodAccessorImpl.java:77) ~[?:?]
	at jdk.internal.reflect.DelegatingMethodAccessorImpl.invoke(DelegatingMethodAccessorImpl.java:43) ~[?:?]
	at java.lang.reflect.Method.invoke(Method.java:568) ~[?:?]
	at org.springframework.orm.jpa.SharedEntityManagerCreator$SharedEntityManagerInvocationHandler.invoke(SharedEntityManagerCreator.java:311) ~[spring-orm-6.0.12.jar:6.0.12]
	at jdk.proxy2.$Proxy157.find(Unknown Source) ~[?:?]
	at org.springframework.data.jpa.repository.support.SimpleJpaRepository.findById(SimpleJpaRepository.java:308) ~[spring-data-jpa-3.0.10.jar:3.0.10]
	at jdk.internal.reflect.NativeMethodAccessorImpl.invoke0(Native Method) ~[?:?]
	at jdk.internal.reflect.NativeMethodAccessorImpl.invoke(NativeMethodAccessorImpl.java:77) ~[?:?]
	at jdk.internal.reflect.DelegatingMethodAccessorImpl.invoke(DelegatingMethodAccessorImpl.java:43) ~[?:?]
	at java.lang.reflect.Method.invoke(Method.java:568) ~[?:?]
	at org.springframework.data.repository.core.support.RepositoryMethodInvoker$RepositoryFragmentMethodInvoker.lambda$new$0(RepositoryMethodInvoker.java:288) ~[spring-data-commons-3.0.10.jar:3.0.10]
	at org.springframework.data.repository.core.support.RepositoryMethodInvoker.doInvoke(RepositoryMethodInvoker.java:136) ~[spring-data-commons-3.0.10.jar:3.0.10]
	at org.springframework.data.repository.core.support.RepositoryMethodInvoker.invoke(RepositoryMethodInvoker.java:120) ~[spring-data-commons-3.0.10.jar:3.0.10]
	at org.springframework.data.repository.core.support.RepositoryComposition$RepositoryFragments.invoke(RepositoryComposition.java:516) ~[spring-data-commons-3.0.10.jar:3.0.10]
	at org.springframework.data.repository.core.support.RepositoryComposition.invoke(RepositoryComposition.java:285) ~[spring-data-commons-3.0.10.jar:3.0.10]
	at org.springframework.data.repository.core.support.RepositoryFactorySupport$ImplementationMethodExecutionInterceptor.invoke(RepositoryFactorySupport.java:628) ~[spring-data-commons-3.0.10.jar:3.0.10]
	at org.springframework.aop.framework.ReflectiveMethodInvocation.proceed(ReflectiveMethodInvocation.java:184) ~[spring-aop-6.0.12.jar:6.0.12]
	at org.springframework.data.repository.core.support.QueryExecutorMethodInterceptor.doInvoke(QueryExecutorMethodInterceptor.java:168) ~[spring-data-commons-3.0.10.jar:3.0.10]
	at org.springframework.data.repository.core.support.QueryExecutorMethodInterceptor.invoke(QueryExecutorMethodInterceptor.java:143) ~[spring-data-commons-3.0.10.jar:3.0.10]
	at org.springframework.aop.framework.ReflectiveMethodInvocation.proceed(ReflectiveMethodInvocation.java:184) ~[spring-aop-6.0.12.jar:6.0.12]
	at org.springframework.data.projection.DefaultMethodInvokingMethodInterceptor.invoke(DefaultMethodInvokingMethodInterceptor.java:72) ~[spring-data-commons-3.0.10.jar:3.0.10]
	at org.springframework.aop.framework.ReflectiveMethodInvocation.proceed(ReflectiveMethodInvocation.java:184) ~[spring-aop-6.0.12.jar:6.0.12]
	at org.springframework.transaction.interceptor.TransactionInterceptor$1.proceedWithInvocation(TransactionInterceptor.java:123) ~[spring-tx-6.0.12.jar:6.0.12]
	at org.springframework.transaction.interceptor.TransactionAspectSupport.invokeWithinTransaction(TransactionAspectSupport.java:391) ~[spring-tx-6.0.12.jar:6.0.12]
	at org.springframework.transaction.interceptor.TransactionInterceptor.invoke(TransactionInterceptor.java:119) ~[spring-tx-6.0.12.jar:6.0.12]
	at org.springframework.aop.framework.ReflectiveMethodInvocation.proceed(ReflectiveMethodInvocation.java:184) ~[spring-aop-6.0.12.jar:6.0.12]
	at org.springframework.dao.support.PersistenceExceptionTranslationInterceptor.invoke(PersistenceExceptionTranslationInterceptor.java:137) ~[spring-tx-6.0.12.jar:6.0.12]
	at org.springframework.aop.framework.ReflectiveMethodInvocation.proceed(ReflectiveMethodInvocation.java:184) ~[spring-aop-6.0.12.jar:6.0.12]
	at org.springframework.data.jpa.repository.support.CrudMethodMetadataPostProcessor$CrudMethodMetadataPopulatingMethodInterceptor.invoke(CrudMethodMetadataPostProcessor.java:164) ~[spring-data-jpa-3.0.10.jar:3.0.10]
	at org.springframework.aop.framework.ReflectiveMethodInvocation.proceed(ReflectiveMethodInvocation.java:184) ~[spring-aop-6.0.12.jar:6.0.12]
	at org.springframework.aop.interceptor.ExposeInvocationInterceptor.invoke(ExposeInvocationInterceptor.java:97) ~[spring-aop-6.0.12.jar:6.0.12]
	at org.springframework.aop.framework.ReflectiveMethodInvocation.proceed(ReflectiveMethodInvocation.java:184) ~[spring-aop-6.0.12.jar:6.0.12]
	at org.springframework.aop.framework.JdkDynamicAopProxy.invoke(JdkDynamicAopProxy.java:244) ~[spring-aop-6.0.12.jar:6.0.12]
	at jdk.proxy2.$Proxy170.findById(Unknown Source) ~[?:?]
	at com.managersystem.admin.server.stores.RewardStateStorage.findById(RewardStateStorage.java:11) ~[classes/:?]
	at com.managersystem.admin.server.service.RewardScheduleService.processAddQuantity(RewardScheduleService.java:53) ~[classes/:?]
	at com.managersystem.admin.server.service.RewardScheduleService.lambda$processAddRewardSegmentDetail$1(RewardScheduleService.java:44) ~[classes/:?]
	at java.util.ArrayList.forEach(ArrayList.java:1511) ~[?:?]
	at com.managersystem.admin.server.service.RewardScheduleService.processAddRewardSegmentDetail(RewardScheduleService.java:38) ~[classes/:?]
	at com.managersystem.admin.server.service.RewardScheduleService.lambda$addRewardSegmentQuantity$0(RewardScheduleService.java:28) ~[classes/:?]
	at java.util.ArrayList.forEach(ArrayList.java:1511) ~[?:?]
	at com.managersystem.admin.server.service.RewardScheduleService.addRewardSegmentQuantity(RewardScheduleService.java:28) ~[classes/:?]
	at jdk.internal.reflect.NativeMethodAccessorImpl.invoke0(Native Method) ~[?:?]
	at jdk.internal.reflect.NativeMethodAccessorImpl.invoke(NativeMethodAccessorImpl.java:77) ~[?:?]
	at jdk.internal.reflect.DelegatingMethodAccessorImpl.invoke(DelegatingMethodAccessorImpl.java:43) ~[?:?]
	at java.lang.reflect.Method.invoke(Method.java:568) ~[?:?]
	at org.springframework.aop.support.AopUtils.invokeJoinpointUsingReflection(AopUtils.java:343) ~[spring-aop-6.0.12.jar:6.0.12]
	at org.springframework.aop.framework.ReflectiveMethodInvocation.invokeJoinpoint(ReflectiveMethodInvocation.java:196) ~[spring-aop-6.0.12.jar:6.0.12]
	at org.springframework.aop.framework.ReflectiveMethodInvocation.proceed(ReflectiveMethodInvocation.java:163) ~[spring-aop-6.0.12.jar:6.0.12]
	at org.springframework.aop.framework.CglibAopProxy$CglibMethodInvocation.proceed(CglibAopProxy.java:751) ~[spring-aop-6.0.12.jar:6.0.12]
	at org.springframework.transaction.interceptor.TransactionInterceptor$1.proceedWithInvocation(TransactionInterceptor.java:123) ~[spring-tx-6.0.12.jar:6.0.12]
	at org.springframework.transaction.interceptor.TransactionAspectSupport.invokeWithinTransaction(TransactionAspectSupport.java:391) ~[spring-tx-6.0.12.jar:6.0.12]
	at org.springframework.transaction.interceptor.TransactionInterceptor.invoke(TransactionInterceptor.java:119) ~[spring-tx-6.0.12.jar:6.0.12]
	at org.springframework.aop.framework.ReflectiveMethodInvocation.proceed(ReflectiveMethodInvocation.java:184) ~[spring-aop-6.0.12.jar:6.0.12]
	at org.springframework.aop.framework.CglibAopProxy$CglibMethodInvocation.proceed(CglibAopProxy.java:751) ~[spring-aop-6.0.12.jar:6.0.12]
	at org.springframework.aop.framework.CglibAopProxy$DynamicAdvisedInterceptor.intercept(CglibAopProxy.java:703) ~[spring-aop-6.0.12.jar:6.0.12]
	at com.managersystem.admin.server.service.RewardScheduleService$$SpringCGLIB$$0.addRewardSegmentQuantity(<generated>) ~[classes/:?]
	at com.managersystem.admin.handleRequest.schedule.job.Schedule.processRewardSchedule(Schedule.java:18) ~[classes/:?]
	at jdk.internal.reflect.NativeMethodAccessorImpl.invoke0(Native Method) ~[?:?]
	at jdk.internal.reflect.NativeMethodAccessorImpl.invoke(NativeMethodAccessorImpl.java:77) ~[?:?]
	at jdk.internal.reflect.DelegatingMethodAccessorImpl.invoke(DelegatingMethodAccessorImpl.java:43) ~[?:?]
	at java.lang.reflect.Method.invoke(Method.java:568) ~[?:?]
	at org.springframework.scheduling.support.ScheduledMethodRunnable.run(ScheduledMethodRunnable.java:84) ~[spring-context-6.0.12.jar:6.0.12]
	at org.springframework.scheduling.support.DelegatingErrorHandlingRunnable.run(DelegatingErrorHandlingRunnable.java:54) ~[spring-context-6.0.12.jar:6.0.12]
	at java.util.concurrent.Executors$RunnableAdapter.call(Executors.java:539) ~[?:?]
	at java.util.concurrent.FutureTask.runAndReset$$$capture(FutureTask.java:305) ~[?:?]
	at java.util.concurrent.FutureTask.runAndReset(FutureTask.java) ~[?:?]
	at java.util.concurrent.ScheduledThreadPoolExecutor$ScheduledFutureTask.run(ScheduledThreadPoolExecutor.java:305) ~[?:?]
	at java.util.concurrent.ThreadPoolExecutor.runWorker(ThreadPoolExecutor.java:1136) ~[?:?]
	at java.util.concurrent.ThreadPoolExecutor$Worker.run(ThreadPoolExecutor.java:635) ~[?:?]
	at java.lang.Thread.run(Thread.java:840) ~[?:?]
Caused by: com.mysql.cj.exceptions.CJCommunicationsException: Communications link failure
	at jdk.internal.reflect.NativeConstructorAccessorImpl.newInstance0(Native Method) ~[?:?]
	at jdk.internal.reflect.NativeConstructorAccessorImpl.newInstance(NativeConstructorAccessorImpl.java:77) ~[?:?]
	at jdk.internal.reflect.DelegatingConstructorAccessorImpl.newInstance(DelegatingConstructorAccessorImpl.java:45) ~[?:?]
	at java.lang.reflect.Constructor.newInstanceWithCaller(Constructor.java:499) ~[?:?]
	at java.lang.reflect.Constructor.newInstance(Constructor.java:480) ~[?:?]
	at com.mysql.cj.exceptions.ExceptionFactory.createException(ExceptionFactory.java:62) ~[mysql-connector-j-8.0.33.jar:8.0.33]
	at com.mysql.cj.exceptions.ExceptionFactory.createException(ExceptionFactory.java:105) ~[mysql-connector-j-8.0.33.jar:8.0.33]
	at com.mysql.cj.exceptions.ExceptionFactory.createException(ExceptionFactory.java:150) ~[mysql-connector-j-8.0.33.jar:8.0.33]
	at com.mysql.cj.exceptions.ExceptionFactory.createCommunicationsException(ExceptionFactory.java:166) ~[mysql-connector-j-8.0.33.jar:8.0.33]
	at com.mysql.cj.protocol.a.NativeProtocol.clearInputStream(NativeProtocol.java:870) ~[mysql-connector-j-8.0.33.jar:8.0.33]
	at com.mysql.cj.NativeSession.clearInputStream(NativeSession.java:290) ~[mysql-connector-j-8.0.33.jar:8.0.33]
	at com.mysql.cj.ServerPreparedQuery.serverResetStatement(ServerPreparedQuery.java:577) ~[mysql-connector-j-8.0.33.jar:8.0.33]
	at com.mysql.cj.ServerPreparedQuery.prepareExecutePacket(ServerPreparedQuery.java:225) ~[mysql-connector-j-8.0.33.jar:8.0.33]
	at com.mysql.cj.ServerPreparedQuery.serverExecute(ServerPreparedQuery.java:200) ~[mysql-connector-j-8.0.33.jar:8.0.33]
	at com.mysql.cj.jdbc.ServerPreparedStatement.serverExecute(ServerPreparedStatement.java:553) ~[mysql-connector-j-8.0.33.jar:8.0.33]
	... 108 more
Caused by: java.io.IOException: Socket is closed.
	at com.mysql.cj.protocol.AbstractSocketConnection.getMysqlInput(AbstractSocketConnection.java:73) ~[mysql-connector-j-8.0.33.jar:8.0.33]
	at com.mysql.cj.protocol.a.NativeProtocol.clearInputStream(NativeProtocol.java:866) ~[mysql-connector-j-8.0.33.jar:8.0.33]
	at com.mysql.cj.NativeSession.clearInputStream(NativeSession.java:290) ~[mysql-connector-j-8.0.33.jar:8.0.33]
	at com.mysql.cj.ServerPreparedQuery.serverResetStatement(ServerPreparedQuery.java:577) ~[mysql-connector-j-8.0.33.jar:8.0.33]
	at com.mysql.cj.ServerPreparedQuery.prepareExecutePacket(ServerPreparedQuery.java:225) ~[mysql-connector-j-8.0.33.jar:8.0.33]
	at com.mysql.cj.ServerPreparedQuery.serverExecute(ServerPreparedQuery.java:200) ~[mysql-connector-j-8.0.33.jar:8.0.33]
	at com.mysql.cj.jdbc.ServerPreparedStatement.serverExecute(ServerPreparedStatement.java:553) ~[mysql-connector-j-8.0.33.jar:8.0.33]
	... 108 more
04/02/24 00:50:20.268 | WARN  | sale_service | 0 | SqlExceptionHelper.java: SQL Error: 0, SQLState: 08S01
04/02/24 00:50:20.269 | ERROR | sale_service | 0 | SqlExceptionHelper.java: Communications link failure
04/02/24 00:50:20.270 | INFO  | sale_service | 0 | DefaultLoadEventListener.java: HHH000327: Error performing load command
org.hibernate.exception.JDBCConnectionException: JDBC exception executing SQL [select r1_0.id,r1_0.count_day,r1_0.count_hour,r1_0.count_minute,r1_0.last_day,r1_0.last_hour,r1_0.last_minute from reward_state r1_0 where r1_0.id=?]
	at org.hibernate.exception.internal.SQLStateConversionDelegate.convert(SQLStateConversionDelegate.java:98) ~[hibernate-core-6.1.7.Final.jar:6.1.7.Final]
	at org.hibernate.exception.internal.StandardSQLExceptionConverter.convert(StandardSQLExceptionConverter.java:56) ~[hibernate-core-6.1.7.Final.jar:6.1.7.Final]
	at org.hibernate.engine.jdbc.spi.SqlExceptionHelper.convert(SqlExceptionHelper.java:109) ~[hibernate-core-6.1.7.Final.jar:6.1.7.Final]
	at org.hibernate.engine.jdbc.spi.SqlExceptionHelper.convert(SqlExceptionHelper.java:95) ~[hibernate-core-6.1.7.Final.jar:6.1.7.Final]
	at org.hibernate.sql.results.jdbc.internal.DeferredResultSetAccess.executeQuery(DeferredResultSetAccess.java:253) ~[hibernate-core-6.1.7.Final.jar:6.1.7.Final]
	at org.hibernate.sql.results.jdbc.internal.DeferredResultSetAccess.getResultSet(DeferredResultSetAccess.java:146) ~[hibernate-core-6.1.7.Final.jar:6.1.7.Final]
	at org.hibernate.sql.results.jdbc.internal.JdbcValuesResultSetImpl.advanceNext(JdbcValuesResultSetImpl.java:205) ~[hibernate-core-6.1.7.Final.jar:6.1.7.Final]
	at org.hibernate.sql.results.jdbc.internal.JdbcValuesResultSetImpl.processNext(JdbcValuesResultSetImpl.java:85) ~[hibernate-core-6.1.7.Final.jar:6.1.7.Final]
	at org.hibernate.sql.results.jdbc.internal.AbstractJdbcValues.next(AbstractJdbcValues.java:29) ~[hibernate-core-6.1.7.Final.jar:6.1.7.Final]
	at org.hibernate.sql.results.internal.RowProcessingStateStandardImpl.next(RowProcessingStateStandardImpl.java:88) ~[hibernate-core-6.1.7.Final.jar:6.1.7.Final]
	at org.hibernate.sql.results.spi.ListResultsConsumer.consume(ListResultsConsumer.java:183) ~[hibernate-core-6.1.7.Final.jar:6.1.7.Final]
	at org.hibernate.sql.results.spi.ListResultsConsumer.consume(ListResultsConsumer.java:33) ~[hibernate-core-6.1.7.Final.jar:6.1.7.Final]
	at org.hibernate.sql.exec.internal.JdbcSelectExecutorStandardImpl.doExecuteQuery(JdbcSelectExecutorStandardImpl.java:443) ~[hibernate-core-6.1.7.Final.jar:6.1.7.Final]
	at org.hibernate.sql.exec.internal.JdbcSelectExecutorStandardImpl.executeQuery(JdbcSelectExecutorStandardImpl.java:166) ~[hibernate-core-6.1.7.Final.jar:6.1.7.Final]
	at org.hibernate.sql.exec.internal.JdbcSelectExecutorStandardImpl.list(JdbcSelectExecutorStandardImpl.java:91) ~[hibernate-core-6.1.7.Final.jar:6.1.7.Final]
	at org.hibernate.sql.exec.spi.JdbcSelectExecutor.list(JdbcSelectExecutor.java:31) ~[hibernate-core-6.1.7.Final.jar:6.1.7.Final]
	at org.hibernate.loader.ast.internal.SingleIdLoadPlan.load(SingleIdLoadPlan.java:140) ~[hibernate-core-6.1.7.Final.jar:6.1.7.Final]
	at org.hibernate.loader.ast.internal.SingleIdLoadPlan.load(SingleIdLoadPlan.java:110) ~[hibernate-core-6.1.7.Final.jar:6.1.7.Final]
	at org.hibernate.loader.ast.internal.SingleIdEntityLoaderStandardImpl.load(SingleIdEntityLoaderStandardImpl.java:72) ~[hibernate-core-6.1.7.Final.jar:6.1.7.Final]
	at org.hibernate.persister.entity.AbstractEntityPersister.doLoad(AbstractEntityPersister.java:4416) ~[hibernate-core-6.1.7.Final.jar:6.1.7.Final]
	at org.hibernate.persister.entity.AbstractEntityPersister.load(AbstractEntityPersister.java:4406) ~[hibernate-core-6.1.7.Final.jar:6.1.7.Final]
	at org.hibernate.event.internal.DefaultLoadEventListener.loadFromDatasource(DefaultLoadEventListener.java:590) ~[hibernate-core-6.1.7.Final.jar:6.1.7.Final]
	at org.hibernate.event.internal.DefaultLoadEventListener.doLoad(DefaultLoadEventListener.java:563) ~[hibernate-core-6.1.7.Final.jar:6.1.7.Final]
	at org.hibernate.event.internal.DefaultLoadEventListener.load(DefaultLoadEventListener.java:221) ~[hibernate-core-6.1.7.Final.jar:6.1.7.Final]
	at org.hibernate.event.internal.DefaultLoadEventListener.proxyOrLoad(DefaultLoadEventListener.java:358) ~[hibernate-core-6.1.7.Final.jar:6.1.7.Final]
	at org.hibernate.event.internal.DefaultLoadEventListener.doOnLoad(DefaultLoadEventListener.java:110) ~[hibernate-core-6.1.7.Final.jar:6.1.7.Final]
	at org.hibernate.event.internal.DefaultLoadEventListener.onLoad(DefaultLoadEventListener.java:72) ~[hibernate-core-6.1.7.Final.jar:6.1.7.Final]
	at org.hibernate.event.service.internal.EventListenerGroupImpl.fireEventOnEachListener(EventListenerGroupImpl.java:118) ~[hibernate-core-6.1.7.Final.jar:6.1.7.Final]
	at org.hibernate.internal.SessionImpl.fireLoadNoChecks(SessionImpl.java:1244) ~[hibernate-core-6.1.7.Final.jar:6.1.7.Final]
	at org.hibernate.internal.SessionImpl.fireLoad(SessionImpl.java:1232) ~[hibernate-core-6.1.7.Final.jar:6.1.7.Final]
	at org.hibernate.loader.access.IdentifierLoadAccessImpl.doLoad(IdentifierLoadAccessImpl.java:195) ~[hibernate-core-6.1.7.Final.jar:6.1.7.Final]
	at org.hibernate.loader.access.IdentifierLoadAccessImpl.lambda$load$1(IdentifierLoadAccessImpl.java:161) ~[hibernate-core-6.1.7.Final.jar:6.1.7.Final]
	at org.hibernate.loader.access.IdentifierLoadAccessImpl.perform(IdentifierLoadAccessImpl.java:108) ~[hibernate-core-6.1.7.Final.jar:6.1.7.Final]
	at org.hibernate.loader.access.IdentifierLoadAccessImpl.load(IdentifierLoadAccessImpl.java:161) ~[hibernate-core-6.1.7.Final.jar:6.1.7.Final]
	at org.hibernate.internal.SessionImpl.find(SessionImpl.java:2336) ~[hibernate-core-6.1.7.Final.jar:6.1.7.Final]
	at org.hibernate.internal.SessionImpl.find(SessionImpl.java:2303) ~[hibernate-core-6.1.7.Final.jar:6.1.7.Final]
	at jdk.internal.reflect.NativeMethodAccessorImpl.invoke0(Native Method) ~[?:?]
	at jdk.internal.reflect.NativeMethodAccessorImpl.invoke(NativeMethodAccessorImpl.java:77) ~[?:?]
	at jdk.internal.reflect.DelegatingMethodAccessorImpl.invoke(DelegatingMethodAccessorImpl.java:43) ~[?:?]
	at java.lang.reflect.Method.invoke(Method.java:568) ~[?:?]
	at org.springframework.orm.jpa.SharedEntityManagerCreator$SharedEntityManagerInvocationHandler.invoke(SharedEntityManagerCreator.java:311) ~[spring-orm-6.0.12.jar:6.0.12]
	at jdk.proxy2.$Proxy157.find(Unknown Source) ~[?:?]
	at org.springframework.data.jpa.repository.support.SimpleJpaRepository.findById(SimpleJpaRepository.java:308) ~[spring-data-jpa-3.0.10.jar:3.0.10]
	at jdk.internal.reflect.NativeMethodAccessorImpl.invoke0(Native Method) ~[?:?]
	at jdk.internal.reflect.NativeMethodAccessorImpl.invoke(NativeMethodAccessorImpl.java:77) ~[?:?]
	at jdk.internal.reflect.DelegatingMethodAccessorImpl.invoke(DelegatingMethodAccessorImpl.java:43) ~[?:?]
	at java.lang.reflect.Method.invoke(Method.java:568) ~[?:?]
	at org.springframework.data.repository.core.support.RepositoryMethodInvoker$RepositoryFragmentMethodInvoker.lambda$new$0(RepositoryMethodInvoker.java:288) ~[spring-data-commons-3.0.10.jar:3.0.10]
	at org.springframework.data.repository.core.support.RepositoryMethodInvoker.doInvoke(RepositoryMethodInvoker.java:136) ~[spring-data-commons-3.0.10.jar:3.0.10]
	at org.springframework.data.repository.core.support.RepositoryMethodInvoker.invoke(RepositoryMethodInvoker.java:120) ~[spring-data-commons-3.0.10.jar:3.0.10]
	at org.springframework.data.repository.core.support.RepositoryComposition$RepositoryFragments.invoke(RepositoryComposition.java:516) ~[spring-data-commons-3.0.10.jar:3.0.10]
	at org.springframework.data.repository.core.support.RepositoryComposition.invoke(RepositoryComposition.java:285) ~[spring-data-commons-3.0.10.jar:3.0.10]
	at org.springframework.data.repository.core.support.RepositoryFactorySupport$ImplementationMethodExecutionInterceptor.invoke(RepositoryFactorySupport.java:628) ~[spring-data-commons-3.0.10.jar:3.0.10]
	at org.springframework.aop.framework.ReflectiveMethodInvocation.proceed(ReflectiveMethodInvocation.java:184) ~[spring-aop-6.0.12.jar:6.0.12]
	at org.springframework.data.repository.core.support.QueryExecutorMethodInterceptor.doInvoke(QueryExecutorMethodInterceptor.java:168) ~[spring-data-commons-3.0.10.jar:3.0.10]
	at org.springframework.data.repository.core.support.QueryExecutorMethodInterceptor.invoke(QueryExecutorMethodInterceptor.java:143) ~[spring-data-commons-3.0.10.jar:3.0.10]
	at org.springframework.aop.framework.ReflectiveMethodInvocation.proceed(ReflectiveMethodInvocation.java:184) ~[spring-aop-6.0.12.jar:6.0.12]
	at org.springframework.data.projection.DefaultMethodInvokingMethodInterceptor.invoke(DefaultMethodInvokingMethodInterceptor.java:72) ~[spring-data-commons-3.0.10.jar:3.0.10]
	at org.springframework.aop.framework.ReflectiveMethodInvocation.proceed(ReflectiveMethodInvocation.java:184) ~[spring-aop-6.0.12.jar:6.0.12]
	at org.springframework.transaction.interceptor.TransactionInterceptor$1.proceedWithInvocation(TransactionInterceptor.java:123) ~[spring-tx-6.0.12.jar:6.0.12]
	at org.springframework.transaction.interceptor.TransactionAspectSupport.invokeWithinTransaction(TransactionAspectSupport.java:391) ~[spring-tx-6.0.12.jar:6.0.12]
	at org.springframework.transaction.interceptor.TransactionInterceptor.invoke(TransactionInterceptor.java:119) ~[spring-tx-6.0.12.jar:6.0.12]
	at org.springframework.aop.framework.ReflectiveMethodInvocation.proceed(ReflectiveMethodInvocation.java:184) ~[spring-aop-6.0.12.jar:6.0.12]
	at org.springframework.dao.support.PersistenceExceptionTranslationInterceptor.invoke(PersistenceExceptionTranslationInterceptor.java:137) ~[spring-tx-6.0.12.jar:6.0.12]
	at org.springframework.aop.framework.ReflectiveMethodInvocation.proceed(ReflectiveMethodInvocation.java:184) ~[spring-aop-6.0.12.jar:6.0.12]
	at org.springframework.data.jpa.repository.support.CrudMethodMetadataPostProcessor$CrudMethodMetadataPopulatingMethodInterceptor.invoke(CrudMethodMetadataPostProcessor.java:164) ~[spring-data-jpa-3.0.10.jar:3.0.10]
	at org.springframework.aop.framework.ReflectiveMethodInvocation.proceed(ReflectiveMethodInvocation.java:184) ~[spring-aop-6.0.12.jar:6.0.12]
	at org.springframework.aop.interceptor.ExposeInvocationInterceptor.invoke(ExposeInvocationInterceptor.java:97) ~[spring-aop-6.0.12.jar:6.0.12]
	at org.springframework.aop.framework.ReflectiveMethodInvocation.proceed(ReflectiveMethodInvocation.java:184) ~[spring-aop-6.0.12.jar:6.0.12]
	at org.springframework.aop.framework.JdkDynamicAopProxy.invoke(JdkDynamicAopProxy.java:244) ~[spring-aop-6.0.12.jar:6.0.12]
	at jdk.proxy2.$Proxy170.findById(Unknown Source) ~[?:?]
	at com.managersystem.admin.server.stores.RewardStateStorage.findById(RewardStateStorage.java:11) ~[classes/:?]
	at com.managersystem.admin.server.service.RewardScheduleService.processAddQuantity(RewardScheduleService.java:53) ~[classes/:?]
	at com.managersystem.admin.server.service.RewardScheduleService.lambda$processAddRewardSegmentDetail$1(RewardScheduleService.java:44) ~[classes/:?]
	at java.util.ArrayList.forEach(ArrayList.java:1511) ~[?:?]
	at com.managersystem.admin.server.service.RewardScheduleService.processAddRewardSegmentDetail(RewardScheduleService.java:38) ~[classes/:?]
	at com.managersystem.admin.server.service.RewardScheduleService.lambda$addRewardSegmentQuantity$0(RewardScheduleService.java:28) ~[classes/:?]
	at java.util.ArrayList.forEach(ArrayList.java:1511) ~[?:?]
	at com.managersystem.admin.server.service.RewardScheduleService.addRewardSegmentQuantity(RewardScheduleService.java:28) ~[classes/:?]
	at jdk.internal.reflect.NativeMethodAccessorImpl.invoke0(Native Method) ~[?:?]
	at jdk.internal.reflect.NativeMethodAccessorImpl.invoke(NativeMethodAccessorImpl.java:77) ~[?:?]
	at jdk.internal.reflect.DelegatingMethodAccessorImpl.invoke(DelegatingMethodAccessorImpl.java:43) ~[?:?]
	at java.lang.reflect.Method.invoke(Method.java:568) ~[?:?]
	at org.springframework.aop.support.AopUtils.invokeJoinpointUsingReflection(AopUtils.java:343) ~[spring-aop-6.0.12.jar:6.0.12]
	at org.springframework.aop.framework.ReflectiveMethodInvocation.invokeJoinpoint(ReflectiveMethodInvocation.java:196) ~[spring-aop-6.0.12.jar:6.0.12]
	at org.springframework.aop.framework.ReflectiveMethodInvocation.proceed(ReflectiveMethodInvocation.java:163) ~[spring-aop-6.0.12.jar:6.0.12]
	at org.springframework.aop.framework.CglibAopProxy$CglibMethodInvocation.proceed(CglibAopProxy.java:751) ~[spring-aop-6.0.12.jar:6.0.12]
	at org.springframework.transaction.interceptor.TransactionInterceptor$1.proceedWithInvocation(TransactionInterceptor.java:123) ~[spring-tx-6.0.12.jar:6.0.12]
	at org.springframework.transaction.interceptor.TransactionAspectSupport.invokeWithinTransaction(TransactionAspectSupport.java:391) ~[spring-tx-6.0.12.jar:6.0.12]
	at org.springframework.transaction.interceptor.TransactionInterceptor.invoke(TransactionInterceptor.java:119) ~[spring-tx-6.0.12.jar:6.0.12]
	at org.springframework.aop.framework.ReflectiveMethodInvocation.proceed(ReflectiveMethodInvocation.java:184) ~[spring-aop-6.0.12.jar:6.0.12]
	at org.springframework.aop.framework.CglibAopProxy$CglibMethodInvocation.proceed(CglibAopProxy.java:751) ~[spring-aop-6.0.12.jar:6.0.12]
	at org.springframework.aop.framework.CglibAopProxy$DynamicAdvisedInterceptor.intercept(CglibAopProxy.java:703) ~[spring-aop-6.0.12.jar:6.0.12]
	at com.managersystem.admin.server.service.RewardScheduleService$$SpringCGLIB$$0.addRewardSegmentQuantity(<generated>) ~[classes/:?]
	at com.managersystem.admin.handleRequest.schedule.job.Schedule.processRewardSchedule(Schedule.java:18) ~[classes/:?]
	at jdk.internal.reflect.NativeMethodAccessorImpl.invoke0(Native Method) ~[?:?]
	at jdk.internal.reflect.NativeMethodAccessorImpl.invoke(NativeMethodAccessorImpl.java:77) ~[?:?]
	at jdk.internal.reflect.DelegatingMethodAccessorImpl.invoke(DelegatingMethodAccessorImpl.java:43) ~[?:?]
	at java.lang.reflect.Method.invoke(Method.java:568) ~[?:?]
	at org.springframework.scheduling.support.ScheduledMethodRunnable.run(ScheduledMethodRunnable.java:84) ~[spring-context-6.0.12.jar:6.0.12]
	at org.springframework.scheduling.support.DelegatingErrorHandlingRunnable.run(DelegatingErrorHandlingRunnable.java:54) ~[spring-context-6.0.12.jar:6.0.12]
	at java.util.concurrent.Executors$RunnableAdapter.call(Executors.java:539) ~[?:?]
	at java.util.concurrent.FutureTask.runAndReset$$$capture(FutureTask.java:305) ~[?:?]
	at java.util.concurrent.FutureTask.runAndReset(FutureTask.java) ~[?:?]
	at java.util.concurrent.ScheduledThreadPoolExecutor$ScheduledFutureTask.run(ScheduledThreadPoolExecutor.java:305) ~[?:?]
	at java.util.concurrent.ThreadPoolExecutor.runWorker(ThreadPoolExecutor.java:1136) ~[?:?]
	at java.util.concurrent.ThreadPoolExecutor$Worker.run(ThreadPoolExecutor.java:635) ~[?:?]
	at java.lang.Thread.run(Thread.java:840) ~[?:?]
Caused by: com.mysql.cj.jdbc.exceptions.CommunicationsException: Communications link failure
	at com.mysql.cj.jdbc.exceptions.SQLError.createCommunicationsException(SQLError.java:175) ~[mysql-connector-j-8.0.33.jar:8.0.33]
	at com.mysql.cj.jdbc.exceptions.SQLExceptionsMapping.translateException(SQLExceptionsMapping.java:64) ~[mysql-connector-j-8.0.33.jar:8.0.33]
	at com.mysql.cj.jdbc.ServerPreparedStatement.serverExecute(ServerPreparedStatement.java:555) ~[mysql-connector-j-8.0.33.jar:8.0.33]
	at com.mysql.cj.jdbc.ServerPreparedStatement.executeInternal(ServerPreparedStatement.java:339) ~[mysql-connector-j-8.0.33.jar:8.0.33]
	at com.mysql.cj.jdbc.ClientPreparedStatement.executeQuery(ClientPreparedStatement.java:972) ~[mysql-connector-j-8.0.33.jar:8.0.33]
	at com.zaxxer.hikari.pool.ProxyPreparedStatement.executeQuery(ProxyPreparedStatement.java:52) ~[HikariCP-5.0.1.jar:?]
	at com.zaxxer.hikari.pool.HikariProxyPreparedStatement.executeQuery(HikariProxyPreparedStatement.java) ~[HikariCP-5.0.1.jar:?]
	at org.hibernate.sql.results.jdbc.internal.DeferredResultSetAccess.executeQuery(DeferredResultSetAccess.java:217) ~[hibernate-core-6.1.7.Final.jar:6.1.7.Final]
	... 103 more
Caused by: com.mysql.cj.exceptions.CJCommunicationsException: Communications link failure
	at jdk.internal.reflect.NativeConstructorAccessorImpl.newInstance0(Native Method) ~[?:?]
	at jdk.internal.reflect.NativeConstructorAccessorImpl.newInstance(NativeConstructorAccessorImpl.java:77) ~[?:?]
	at jdk.internal.reflect.DelegatingConstructorAccessorImpl.newInstance(DelegatingConstructorAccessorImpl.java:45) ~[?:?]
	at java.lang.reflect.Constructor.newInstanceWithCaller(Constructor.java:499) ~[?:?]
	at java.lang.reflect.Constructor.newInstance(Constructor.java:480) ~[?:?]
	at com.mysql.cj.exceptions.ExceptionFactory.createException(ExceptionFactory.java:62) ~[mysql-connector-j-8.0.33.jar:8.0.33]
	at com.mysql.cj.exceptions.ExceptionFactory.createException(ExceptionFactory.java:105) ~[mysql-connector-j-8.0.33.jar:8.0.33]
	at com.mysql.cj.exceptions.ExceptionFactory.createException(ExceptionFactory.java:150) ~[mysql-connector-j-8.0.33.jar:8.0.33]
	at com.mysql.cj.exceptions.ExceptionFactory.createCommunicationsException(ExceptionFactory.java:166) ~[mysql-connector-j-8.0.33.jar:8.0.33]
	at com.mysql.cj.protocol.a.NativeProtocol.clearInputStream(NativeProtocol.java:870) ~[mysql-connector-j-8.0.33.jar:8.0.33]
	at com.mysql.cj.NativeSession.clearInputStream(NativeSession.java:290) ~[mysql-connector-j-8.0.33.jar:8.0.33]
	at com.mysql.cj.ServerPreparedQuery.serverResetStatement(ServerPreparedQuery.java:577) ~[mysql-connector-j-8.0.33.jar:8.0.33]
	at com.mysql.cj.ServerPreparedQuery.prepareExecutePacket(ServerPreparedQuery.java:225) ~[mysql-connector-j-8.0.33.jar:8.0.33]
	at com.mysql.cj.ServerPreparedQuery.serverExecute(ServerPreparedQuery.java:200) ~[mysql-connector-j-8.0.33.jar:8.0.33]
	at com.mysql.cj.jdbc.ServerPreparedStatement.serverExecute(ServerPreparedStatement.java:553) ~[mysql-connector-j-8.0.33.jar:8.0.33]
	at com.mysql.cj.jdbc.ServerPreparedStatement.executeInternal(ServerPreparedStatement.java:339) ~[mysql-connector-j-8.0.33.jar:8.0.33]
	at com.mysql.cj.jdbc.ClientPreparedStatement.executeQuery(ClientPreparedStatement.java:972) ~[mysql-connector-j-8.0.33.jar:8.0.33]
	at com.zaxxer.hikari.pool.ProxyPreparedStatement.executeQuery(ProxyPreparedStatement.java:52) ~[HikariCP-5.0.1.jar:?]
	at com.zaxxer.hikari.pool.HikariProxyPreparedStatement.executeQuery(HikariProxyPreparedStatement.java) ~[HikariCP-5.0.1.jar:?]
	at org.hibernate.sql.results.jdbc.internal.DeferredResultSetAccess.executeQuery(DeferredResultSetAccess.java:217) ~[hibernate-core-6.1.7.Final.jar:6.1.7.Final]
	... 103 more
Caused by: java.io.IOException: Socket is closed.
	at com.mysql.cj.protocol.AbstractSocketConnection.getMysqlInput(AbstractSocketConnection.java:73) ~[mysql-connector-j-8.0.33.jar:8.0.33]
	at com.mysql.cj.protocol.a.NativeProtocol.clearInputStream(NativeProtocol.java:866) ~[mysql-connector-j-8.0.33.jar:8.0.33]
	at com.mysql.cj.NativeSession.clearInputStream(NativeSession.java:290) ~[mysql-connector-j-8.0.33.jar:8.0.33]
	at com.mysql.cj.ServerPreparedQuery.serverResetStatement(ServerPreparedQuery.java:577) ~[mysql-connector-j-8.0.33.jar:8.0.33]
	at com.mysql.cj.ServerPreparedQuery.prepareExecutePacket(ServerPreparedQuery.java:225) ~[mysql-connector-j-8.0.33.jar:8.0.33]
	at com.mysql.cj.ServerPreparedQuery.serverExecute(ServerPreparedQuery.java:200) ~[mysql-connector-j-8.0.33.jar:8.0.33]
	at com.mysql.cj.jdbc.ServerPreparedStatement.serverExecute(ServerPreparedStatement.java:553) ~[mysql-connector-j-8.0.33.jar:8.0.33]
	at com.mysql.cj.jdbc.ServerPreparedStatement.executeInternal(ServerPreparedStatement.java:339) ~[mysql-connector-j-8.0.33.jar:8.0.33]
	at com.mysql.cj.jdbc.ClientPreparedStatement.executeQuery(ClientPreparedStatement.java:972) ~[mysql-connector-j-8.0.33.jar:8.0.33]
	at com.zaxxer.hikari.pool.ProxyPreparedStatement.executeQuery(ProxyPreparedStatement.java:52) ~[HikariCP-5.0.1.jar:?]
	at com.zaxxer.hikari.pool.HikariProxyPreparedStatement.executeQuery(HikariProxyPreparedStatement.java) ~[HikariCP-5.0.1.jar:?]
	at org.hibernate.sql.results.jdbc.internal.DeferredResultSetAccess.executeQuery(DeferredResultSetAccess.java:217) ~[hibernate-core-6.1.7.Final.jar:6.1.7.Final]
	... 103 more
04/02/24 00:50:20.276 | ERROR | sale_service | 0 | TransactionAspectSupport.java: Application exception overridden by rollback exception
org.springframework.beans.factory.BeanCreationNotAllowedException: Error creating bean with name 'redissonConnectionFactory': Singleton bean creation not allowed while singletons of this factory are in destruction (Do not request a bean from a BeanFactory in a destroy method implementation!)
	at org.springframework.beans.factory.support.DefaultSingletonBeanRegistry.getSingleton(DefaultSingletonBeanRegistry.java:220) ~[spring-beans-6.0.12.jar:6.0.12]
	at org.springframework.beans.factory.support.AbstractBeanFactory.doGetBean(AbstractBeanFactory.java:323) ~[spring-beans-6.0.12.jar:6.0.12]
	at org.springframework.beans.factory.support.AbstractBeanFactory.getBean(AbstractBeanFactory.java:199) ~[spring-beans-6.0.12.jar:6.0.12]
	at org.springframework.beans.factory.support.DefaultListableBeanFactory$1.orderedStream(DefaultListableBeanFactory.java:471) ~[spring-beans-6.0.12.jar:6.0.12]
	at org.springframework.dao.support.PersistenceExceptionTranslationInterceptor.detectPersistenceExceptionTranslators(PersistenceExceptionTranslationInterceptor.java:167) ~[spring-tx-6.0.12.jar:6.0.12]
	at org.springframework.dao.support.PersistenceExceptionTranslationInterceptor.invoke(PersistenceExceptionTranslationInterceptor.java:149) ~[spring-tx-6.0.12.jar:6.0.12]
	at org.springframework.aop.framework.ReflectiveMethodInvocation.proceed(ReflectiveMethodInvocation.java:184) ~[spring-aop-6.0.12.jar:6.0.12]
	at org.springframework.data.jpa.repository.support.CrudMethodMetadataPostProcessor$CrudMethodMetadataPopulatingMethodInterceptor.invoke(CrudMethodMetadataPostProcessor.java:164) ~[spring-data-jpa-3.0.10.jar:3.0.10]
	at org.springframework.aop.framework.ReflectiveMethodInvocation.proceed(ReflectiveMethodInvocation.java:184) ~[spring-aop-6.0.12.jar:6.0.12]
	at org.springframework.aop.interceptor.ExposeInvocationInterceptor.invoke(ExposeInvocationInterceptor.java:97) ~[spring-aop-6.0.12.jar:6.0.12]
	at org.springframework.aop.framework.ReflectiveMethodInvocation.proceed(ReflectiveMethodInvocation.java:184) ~[spring-aop-6.0.12.jar:6.0.12]
	at org.springframework.aop.framework.JdkDynamicAopProxy.invoke(JdkDynamicAopProxy.java:244) ~[spring-aop-6.0.12.jar:6.0.12]
	at jdk.proxy2.$Proxy170.findById(Unknown Source) ~[?:?]
	at com.managersystem.admin.server.stores.RewardStateStorage.findById(RewardStateStorage.java:11) ~[classes/:?]
	at com.managersystem.admin.server.service.RewardScheduleService.processAddQuantity(RewardScheduleService.java:53) ~[classes/:?]
	at com.managersystem.admin.server.service.RewardScheduleService.lambda$processAddRewardSegmentDetail$1(RewardScheduleService.java:44) ~[classes/:?]
	at java.util.ArrayList.forEach(ArrayList.java:1511) ~[?:?]
	at com.managersystem.admin.server.service.RewardScheduleService.processAddRewardSegmentDetail(RewardScheduleService.java:38) ~[classes/:?]
	at com.managersystem.admin.server.service.RewardScheduleService.lambda$addRewardSegmentQuantity$0(RewardScheduleService.java:28) ~[classes/:?]
	at java.util.ArrayList.forEach(ArrayList.java:1511) ~[?:?]
	at com.managersystem.admin.server.service.RewardScheduleService.addRewardSegmentQuantity(RewardScheduleService.java:28) ~[classes/:?]
	at jdk.internal.reflect.NativeMethodAccessorImpl.invoke0(Native Method) ~[?:?]
	at jdk.internal.reflect.NativeMethodAccessorImpl.invoke(NativeMethodAccessorImpl.java:77) ~[?:?]
	at jdk.internal.reflect.DelegatingMethodAccessorImpl.invoke(DelegatingMethodAccessorImpl.java:43) ~[?:?]
	at java.lang.reflect.Method.invoke(Method.java:568) ~[?:?]
	at org.springframework.aop.support.AopUtils.invokeJoinpointUsingReflection(AopUtils.java:343) ~[spring-aop-6.0.12.jar:6.0.12]
	at org.springframework.aop.framework.ReflectiveMethodInvocation.invokeJoinpoint(ReflectiveMethodInvocation.java:196) ~[spring-aop-6.0.12.jar:6.0.12]
	at org.springframework.aop.framework.ReflectiveMethodInvocation.proceed(ReflectiveMethodInvocation.java:163) ~[spring-aop-6.0.12.jar:6.0.12]
	at org.springframework.aop.framework.CglibAopProxy$CglibMethodInvocation.proceed(CglibAopProxy.java:751) ~[spring-aop-6.0.12.jar:6.0.12]
	at org.springframework.transaction.interceptor.TransactionInterceptor$1.proceedWithInvocation(TransactionInterceptor.java:123) ~[spring-tx-6.0.12.jar:6.0.12]
	at org.springframework.transaction.interceptor.TransactionAspectSupport.invokeWithinTransaction(TransactionAspectSupport.java:391) ~[spring-tx-6.0.12.jar:6.0.12]
	at org.springframework.transaction.interceptor.TransactionInterceptor.invoke(TransactionInterceptor.java:119) ~[spring-tx-6.0.12.jar:6.0.12]
	at org.springframework.aop.framework.ReflectiveMethodInvocation.proceed(ReflectiveMethodInvocation.java:184) ~[spring-aop-6.0.12.jar:6.0.12]
	at org.springframework.aop.framework.CglibAopProxy$CglibMethodInvocation.proceed(CglibAopProxy.java:751) ~[spring-aop-6.0.12.jar:6.0.12]
	at org.springframework.aop.framework.CglibAopProxy$DynamicAdvisedInterceptor.intercept(CglibAopProxy.java:703) ~[spring-aop-6.0.12.jar:6.0.12]
	at com.managersystem.admin.server.service.RewardScheduleService$$SpringCGLIB$$0.addRewardSegmentQuantity(<generated>) ~[classes/:?]
	at com.managersystem.admin.handleRequest.schedule.job.Schedule.processRewardSchedule(Schedule.java:18) ~[classes/:?]
	at jdk.internal.reflect.NativeMethodAccessorImpl.invoke0(Native Method) ~[?:?]
	at jdk.internal.reflect.NativeMethodAccessorImpl.invoke(NativeMethodAccessorImpl.java:77) ~[?:?]
	at jdk.internal.reflect.DelegatingMethodAccessorImpl.invoke(DelegatingMethodAccessorImpl.java:43) ~[?:?]
	at java.lang.reflect.Method.invoke(Method.java:568) ~[?:?]
	at org.springframework.scheduling.support.ScheduledMethodRunnable.run(ScheduledMethodRunnable.java:84) ~[spring-context-6.0.12.jar:6.0.12]
	at org.springframework.scheduling.support.DelegatingErrorHandlingRunnable.run(DelegatingErrorHandlingRunnable.java:54) ~[spring-context-6.0.12.jar:6.0.12]
	at java.util.concurrent.Executors$RunnableAdapter.call(Executors.java:539) ~[?:?]
	at java.util.concurrent.FutureTask.runAndReset$$$capture(FutureTask.java:305) ~[?:?]
	at java.util.concurrent.FutureTask.runAndReset(FutureTask.java) ~[?:?]
	at java.util.concurrent.ScheduledThreadPoolExecutor$ScheduledFutureTask.run(ScheduledThreadPoolExecutor.java:305) ~[?:?]
	at java.util.concurrent.ThreadPoolExecutor.runWorker(ThreadPoolExecutor.java:1136) ~[?:?]
	at java.util.concurrent.ThreadPoolExecutor$Worker.run(ThreadPoolExecutor.java:635) ~[?:?]
	at java.lang.Thread.run(Thread.java:840) ~[?:?]
04/02/24 00:50:20.277 | ERROR | sale_service | 0 | TaskUtils.java: Unexpected error occurred in scheduled task
org.springframework.transaction.TransactionSystemException: Could not roll back JPA transaction
	at org.springframework.orm.jpa.JpaTransactionManager.doRollback(JpaTransactionManager.java:592) ~[spring-orm-6.0.12.jar:6.0.12]
	at org.springframework.transaction.support.AbstractPlatformTransactionManager.processRollback(AbstractPlatformTransactionManager.java:835) ~[spring-tx-6.0.12.jar:6.0.12]
	at org.springframework.transaction.support.AbstractPlatformTransactionManager.rollback(AbstractPlatformTransactionManager.java:809) ~[spring-tx-6.0.12.jar:6.0.12]
	at org.springframework.transaction.interceptor.TransactionAspectSupport.completeTransactionAfterThrowing(TransactionAspectSupport.java:678) ~[spring-tx-6.0.12.jar:6.0.12]
	at org.springframework.transaction.interceptor.TransactionAspectSupport.invokeWithinTransaction(TransactionAspectSupport.java:395) ~[spring-tx-6.0.12.jar:6.0.12]
	at org.springframework.transaction.interceptor.TransactionInterceptor.invoke(TransactionInterceptor.java:119) ~[spring-tx-6.0.12.jar:6.0.12]
	at org.springframework.aop.framework.ReflectiveMethodInvocation.proceed(ReflectiveMethodInvocation.java:184) ~[spring-aop-6.0.12.jar:6.0.12]
	at org.springframework.aop.framework.CglibAopProxy$CglibMethodInvocation.proceed(CglibAopProxy.java:751) ~[spring-aop-6.0.12.jar:6.0.12]
	at org.springframework.aop.framework.CglibAopProxy$DynamicAdvisedInterceptor.intercept(CglibAopProxy.java:703) ~[spring-aop-6.0.12.jar:6.0.12]
	at com.managersystem.admin.server.service.RewardScheduleService$$SpringCGLIB$$0.addRewardSegmentQuantity(<generated>) ~[classes/:?]
	at com.managersystem.admin.handleRequest.schedule.job.Schedule.processRewardSchedule(Schedule.java:18) ~[classes/:?]
	at jdk.internal.reflect.NativeMethodAccessorImpl.invoke0(Native Method) ~[?:?]
	at jdk.internal.reflect.NativeMethodAccessorImpl.invoke(NativeMethodAccessorImpl.java:77) ~[?:?]
	at jdk.internal.reflect.DelegatingMethodAccessorImpl.invoke(DelegatingMethodAccessorImpl.java:43) ~[?:?]
	at java.lang.reflect.Method.invoke(Method.java:568) ~[?:?]
	at org.springframework.scheduling.support.ScheduledMethodRunnable.run(ScheduledMethodRunnable.java:84) ~[spring-context-6.0.12.jar:6.0.12]
	at org.springframework.scheduling.support.DelegatingErrorHandlingRunnable.run(DelegatingErrorHandlingRunnable.java:54) ~[spring-context-6.0.12.jar:6.0.12]
	at java.util.concurrent.Executors$RunnableAdapter.call(Executors.java:539) ~[?:?]
	at java.util.concurrent.FutureTask.runAndReset$$$capture(FutureTask.java:305) ~[?:?]
	at java.util.concurrent.FutureTask.runAndReset(FutureTask.java) ~[?:?]
	at java.util.concurrent.ScheduledThreadPoolExecutor$ScheduledFutureTask.run(ScheduledThreadPoolExecutor.java:305) ~[?:?]
	at java.util.concurrent.ThreadPoolExecutor.runWorker(ThreadPoolExecutor.java:1136) ~[?:?]
	at java.util.concurrent.ThreadPoolExecutor$Worker.run(ThreadPoolExecutor.java:635) ~[?:?]
	at java.lang.Thread.run(Thread.java:840) ~[?:?]
Caused by: org.hibernate.TransactionException: Unable to rollback against JDBC Connection
	at org.hibernate.resource.jdbc.internal.AbstractLogicalConnectionImplementor.rollback(AbstractLogicalConnectionImplementor.java:127) ~[hibernate-core-6.1.7.Final.jar:6.1.7.Final]
	at org.hibernate.resource.transaction.backend.jdbc.internal.JdbcResourceLocalTransactionCoordinatorImpl$TransactionDriverControlImpl.rollback(JdbcResourceLocalTransactionCoordinatorImpl.java:304) ~[hibernate-core-6.1.7.Final.jar:6.1.7.Final]
	at org.hibernate.engine.transaction.internal.TransactionImpl.rollback(TransactionImpl.java:142) ~[hibernate-core-6.1.7.Final.jar:6.1.7.Final]
	at org.springframework.orm.jpa.JpaTransactionManager.doRollback(JpaTransactionManager.java:588) ~[spring-orm-6.0.12.jar:6.0.12]
	... 23 more
Caused by: java.sql.SQLException: Connection is closed
	at com.zaxxer.hikari.pool.ProxyConnection$ClosedConnection.lambda$getClosedConnection$0(ProxyConnection.java:502) ~[HikariCP-5.0.1.jar:?]
	at jdk.proxy3.$Proxy128.rollback(Unknown Source) ~[?:?]
	at com.zaxxer.hikari.pool.ProxyConnection.rollback(ProxyConnection.java:385) ~[HikariCP-5.0.1.jar:?]
	at com.zaxxer.hikari.pool.HikariProxyConnection.rollback(HikariProxyConnection.java) ~[HikariCP-5.0.1.jar:?]
	at org.hibernate.resource.jdbc.internal.AbstractLogicalConnectionImplementor.rollback(AbstractLogicalConnectionImplementor.java:121) ~[hibernate-core-6.1.7.Final.jar:6.1.7.Final]
	at org.hibernate.resource.transaction.backend.jdbc.internal.JdbcResourceLocalTransactionCoordinatorImpl$TransactionDriverControlImpl.rollback(JdbcResourceLocalTransactionCoordinatorImpl.java:304) ~[hibernate-core-6.1.7.Final.jar:6.1.7.Final]
	at org.hibernate.engine.transaction.internal.TransactionImpl.rollback(TransactionImpl.java:142) ~[hibernate-core-6.1.7.Final.jar:6.1.7.Final]
	at org.springframework.orm.jpa.JpaTransactionManager.doRollback(JpaTransactionManager.java:588) ~[spring-orm-6.0.12.jar:6.0.12]
	... 23 more
