04/02/24 00:59:09.307 | INFO  | sale_service | 0 | StartupInfoLogger.java: Starting CmsApplication using Java 17.0.9 with PID 17232 (D:\manager-system-cms-service\target\classes started by Admin in D:\manager-system-cms-service)
04/02/24 00:59:09.315 | INFO  | sale_service | 0 | SpringApplication.java: No active profile set, falling back to 1 default profile: "default"
04/02/24 00:59:10.141 | INFO  | sale_service | 0 | RepositoryConfigurationDelegate.java: Multiple Spring Data modules found, entering strict repository configuration mode
04/02/24 00:59:10.142 | INFO  | sale_service | 0 | RepositoryConfigurationDelegate.java: Bootstrapping Spring Data JPA repositories in DEFAULT mode.
04/02/24 00:59:10.357 | INFO  | sale_service | 0 | RepositoryConfigurationDelegate.java: Finished Spring Data repository scanning in 208 ms. Found 10 JPA repository interfaces.
04/02/24 00:59:10.369 | INFO  | sale_service | 0 | RepositoryConfigurationDelegate.java: Multiple Spring Data modules found, entering strict repository configuration mode
04/02/24 00:59:10.370 | INFO  | sale_service | 0 | RepositoryConfigurationDelegate.java: Bootstrapping Spring Data Redis repositories in DEFAULT mode.
04/02/24 00:59:10.383 | INFO  | sale_service | 0 | RepositoryConfigurationExtensionSupport.java: Spring Data Redis - Could not safely identify store assignment for repository candidate interface com.managersystem.admin.server.repositories.AccountRepository; If you want this repository to be a Redis repository, consider annotating your entities with one of these annotations: org.springframework.data.redis.core.RedisHash (preferred), or consider extending one of the following types with your repository: org.springframework.data.keyvalue.repository.KeyValueRepository
04/02/24 00:59:10.384 | INFO  | sale_service | 0 | RepositoryConfigurationExtensionSupport.java: Spring Data Redis - Could not safely identify store assignment for repository candidate interface com.managersystem.admin.server.repositories.ApplicationRepository; If you want this repository to be a Redis repository, consider annotating your entities with one of these annotations: org.springframework.data.redis.core.RedisHash (preferred), or consider extending one of the following types with your repository: org.springframework.data.keyvalue.repository.KeyValueRepository
04/02/24 00:59:10.384 | INFO  | sale_service | 0 | RepositoryConfigurationExtensionSupport.java: Spring Data Redis - Could not safely identify store assignment for repository candidate interface com.managersystem.admin.server.repositories.RewardItemHistoryRepository; If you want this repository to be a Redis repository, consider annotating your entities with one of these annotations: org.springframework.data.redis.core.RedisHash (preferred), or consider extending one of the following types with your repository: org.springframework.data.keyvalue.repository.KeyValueRepository
04/02/24 00:59:10.384 | INFO  | sale_service | 0 | RepositoryConfigurationExtensionSupport.java: Spring Data Redis - Could not safely identify store assignment for repository candidate interface com.managersystem.admin.server.repositories.RewardItemRepository; If you want this repository to be a Redis repository, consider annotating your entities with one of these annotations: org.springframework.data.redis.core.RedisHash (preferred), or consider extending one of the following types with your repository: org.springframework.data.keyvalue.repository.KeyValueRepository
04/02/24 00:59:10.385 | INFO  | sale_service | 0 | RepositoryConfigurationExtensionSupport.java: Spring Data Redis - Could not safely identify store assignment for repository candidate interface com.managersystem.admin.server.repositories.RewardScheduleRepository; If you want this repository to be a Redis repository, consider annotating your entities with one of these annotations: org.springframework.data.redis.core.RedisHash (preferred), or consider extending one of the following types with your repository: org.springframework.data.keyvalue.repository.KeyValueRepository
04/02/24 00:59:10.385 | INFO  | sale_service | 0 | RepositoryConfigurationExtensionSupport.java: Spring Data Redis - Could not safely identify store assignment for repository candidate interface com.managersystem.admin.server.repositories.RewardSegmentDetailRepository; If you want this repository to be a Redis repository, consider annotating your entities with one of these annotations: org.springframework.data.redis.core.RedisHash (preferred), or consider extending one of the following types with your repository: org.springframework.data.keyvalue.repository.KeyValueRepository
04/02/24 00:59:10.385 | INFO  | sale_service | 0 | RepositoryConfigurationExtensionSupport.java: Spring Data Redis - Could not safely identify store assignment for repository candidate interface com.managersystem.admin.server.repositories.RewardSegmentRepository; If you want this repository to be a Redis repository, consider annotating your entities with one of these annotations: org.springframework.data.redis.core.RedisHash (preferred), or consider extending one of the following types with your repository: org.springframework.data.keyvalue.repository.KeyValueRepository
04/02/24 00:59:10.385 | INFO  | sale_service | 0 | RepositoryConfigurationExtensionSupport.java: Spring Data Redis - Could not safely identify store assignment for repository candidate interface com.managersystem.admin.server.repositories.RewardStateLogRepository; If you want this repository to be a Redis repository, consider annotating your entities with one of these annotations: org.springframework.data.redis.core.RedisHash (preferred), or consider extending one of the following types with your repository: org.springframework.data.keyvalue.repository.KeyValueRepository
04/02/24 00:59:10.386 | INFO  | sale_service | 0 | RepositoryConfigurationExtensionSupport.java: Spring Data Redis - Could not safely identify store assignment for repository candidate interface com.managersystem.admin.server.repositories.RewardStateRepository; If you want this repository to be a Redis repository, consider annotating your entities with one of these annotations: org.springframework.data.redis.core.RedisHash (preferred), or consider extending one of the following types with your repository: org.springframework.data.keyvalue.repository.KeyValueRepository
04/02/24 00:59:10.386 | INFO  | sale_service | 0 | RepositoryConfigurationExtensionSupport.java: Spring Data Redis - Could not safely identify store assignment for repository candidate interface com.managersystem.admin.server.repositories.UserRepository; If you want this repository to be a Redis repository, consider annotating your entities with one of these annotations: org.springframework.data.redis.core.RedisHash (preferred), or consider extending one of the following types with your repository: org.springframework.data.keyvalue.repository.KeyValueRepository
04/02/24 00:59:10.386 | INFO  | sale_service | 0 | RepositoryConfigurationDelegate.java: Finished Spring Data repository scanning in 9 ms. Found 0 Redis repository interfaces.
04/02/24 00:59:10.889 | INFO  | sale_service | 0 | TomcatWebServer.java: Tomcat initialized with port(s): 8080 (http)
04/02/24 00:59:10.895 | INFO  | sale_service | 0 | DirectJDKLog.java: Initializing ProtocolHandler ["http-nio-8080"]
04/02/24 00:59:10.896 | INFO  | sale_service | 0 | DirectJDKLog.java: Starting service [Tomcat]
04/02/24 00:59:10.897 | INFO  | sale_service | 0 | DirectJDKLog.java: Starting Servlet engine: [Apache Tomcat/10.1.13]
04/02/24 00:59:10.977 | INFO  | sale_service | 0 | DirectJDKLog.java: Initializing Spring embedded WebApplicationContext
04/02/24 00:59:10.977 | INFO  | sale_service | 0 | ServletWebServerApplicationContext.java: Root WebApplicationContext: initialization completed in 1624 ms
04/02/24 00:59:11.116 | DEBUG | sale_service | 0 | GenericFilterBean.java: Filter 'serverHttpObservationFilter' configured for use
04/02/24 00:59:11.234 | INFO  | sale_service | 0 | LogHelper.java: HHH000204: Processing PersistenceUnitInfo [name: default]
04/02/24 00:59:11.272 | INFO  | sale_service | 0 | Version.java: HHH000412: Hibernate ORM core version 6.1.7.Final
04/02/24 00:59:11.490 | INFO  | sale_service | 0 | HikariDataSource.java: HikariPool-1 - Starting...
04/02/24 00:59:11.910 | INFO  | sale_service | 0 | HikariPool.java: HikariPool-1 - Added connection com.mysql.cj.jdbc.ConnectionImpl@282aea3c
04/02/24 00:59:11.912 | INFO  | sale_service | 0 | HikariDataSource.java: HikariPool-1 - Start completed.
04/02/24 00:59:12.031 | INFO  | sale_service | 0 | DialectFactoryImpl.java: HHH000400: Using dialect: org.hibernate.dialect.MySQLDialect
04/02/24 00:59:12.288 | INFO  | sale_service | 0 | TypeSafeActivator.java: Error calling `jakarta.validation.Validation#buildDefaultValidatorFactory`
jakarta.validation.NoProviderFoundException: Unable to create a Configuration, because no Jakarta Bean Validation provider could be found. Add a provider like Hibernate Validator (RI) to your classpath.
	at jakarta.validation.Validation$GenericBootstrapImpl.configure(Validation.java:291) ~[jakarta.validation-api-3.0.2.jar:?]
	at jakarta.validation.Validation.buildDefaultValidatorFactory(Validation.java:103) ~[jakarta.validation-api-3.0.2.jar:?]
	at org.hibernate.cfg.beanvalidation.TypeSafeActivator.getValidatorFactory(TypeSafeActivator.java:479) ~[hibernate-core-6.1.7.Final.jar:6.1.7.Final]
	at org.hibernate.cfg.beanvalidation.TypeSafeActivator.activate(TypeSafeActivator.java:82) ~[hibernate-core-6.1.7.Final.jar:6.1.7.Final]
	at jdk.internal.reflect.NativeMethodAccessorImpl.invoke0(Native Method) ~[?:?]
	at jdk.internal.reflect.NativeMethodAccessorImpl.invoke(NativeMethodAccessorImpl.java:77) ~[?:?]
	at jdk.internal.reflect.DelegatingMethodAccessorImpl.invoke(DelegatingMethodAccessorImpl.java:43) ~[?:?]
	at java.lang.reflect.Method.invoke(Method.java:568) ~[?:?]
	at org.hibernate.cfg.beanvalidation.BeanValidationIntegrator.integrate(BeanValidationIntegrator.java:137) ~[hibernate-core-6.1.7.Final.jar:6.1.7.Final]
	at org.hibernate.internal.SessionFactoryImpl.<init>(SessionFactoryImpl.java:287) ~[hibernate-core-6.1.7.Final.jar:6.1.7.Final]
	at org.hibernate.boot.internal.SessionFactoryBuilderImpl.build(SessionFactoryBuilderImpl.java:415) ~[hibernate-core-6.1.7.Final.jar:6.1.7.Final]
	at org.hibernate.jpa.boot.internal.EntityManagerFactoryBuilderImpl.build(EntityManagerFactoryBuilderImpl.java:1423) ~[hibernate-core-6.1.7.Final.jar:6.1.7.Final]
	at org.springframework.orm.jpa.vendor.SpringHibernateJpaPersistenceProvider.createContainerEntityManagerFactory(SpringHibernateJpaPersistenceProvider.java:75) ~[spring-orm-6.0.12.jar:6.0.12]
	at org.springframework.orm.jpa.LocalContainerEntityManagerFactoryBean.createNativeEntityManagerFactory(LocalContainerEntityManagerFactoryBean.java:376) ~[spring-orm-6.0.12.jar:6.0.12]
	at org.springframework.orm.jpa.AbstractEntityManagerFactoryBean.buildNativeEntityManagerFactory(AbstractEntityManagerFactoryBean.java:409) ~[spring-orm-6.0.12.jar:6.0.12]
	at org.springframework.orm.jpa.AbstractEntityManagerFactoryBean.afterPropertiesSet(AbstractEntityManagerFactoryBean.java:396) ~[spring-orm-6.0.12.jar:6.0.12]
	at org.springframework.orm.jpa.LocalContainerEntityManagerFactoryBean.afterPropertiesSet(LocalContainerEntityManagerFactoryBean.java:352) ~[spring-orm-6.0.12.jar:6.0.12]
	at org.springframework.beans.factory.support.AbstractAutowireCapableBeanFactory.invokeInitMethods(AbstractAutowireCapableBeanFactory.java:1817) ~[spring-beans-6.0.12.jar:6.0.12]
	at org.springframework.beans.factory.support.AbstractAutowireCapableBeanFactory.initializeBean(AbstractAutowireCapableBeanFactory.java:1766) ~[spring-beans-6.0.12.jar:6.0.12]
	at org.springframework.beans.factory.support.AbstractAutowireCapableBeanFactory.doCreateBean(AbstractAutowireCapableBeanFactory.java:598) ~[spring-beans-6.0.12.jar:6.0.12]
	at org.springframework.beans.factory.support.AbstractAutowireCapableBeanFactory.createBean(AbstractAutowireCapableBeanFactory.java:520) ~[spring-beans-6.0.12.jar:6.0.12]
	at org.springframework.beans.factory.support.AbstractBeanFactory.lambda$doGetBean$0(AbstractBeanFactory.java:325) ~[spring-beans-6.0.12.jar:6.0.12]
	at org.springframework.beans.factory.support.DefaultSingletonBeanRegistry.getSingleton(DefaultSingletonBeanRegistry.java:234) ~[spring-beans-6.0.12.jar:6.0.12]
	at org.springframework.beans.factory.support.AbstractBeanFactory.doGetBean(AbstractBeanFactory.java:323) ~[spring-beans-6.0.12.jar:6.0.12]
	at org.springframework.beans.factory.support.AbstractBeanFactory.getBean(AbstractBeanFactory.java:199) ~[spring-beans-6.0.12.jar:6.0.12]
	at org.springframework.context.support.AbstractApplicationContext.getBean(AbstractApplicationContext.java:1158) ~[spring-context-6.0.12.jar:6.0.12]
	at org.springframework.context.support.AbstractApplicationContext.finishBeanFactoryInitialization(AbstractApplicationContext.java:932) ~[spring-context-6.0.12.jar:6.0.12]
	at org.springframework.context.support.AbstractApplicationContext.refresh(AbstractApplicationContext.java:608) ~[spring-context-6.0.12.jar:6.0.12]
	at org.springframework.boot.web.servlet.context.ServletWebServerApplicationContext.refresh(ServletWebServerApplicationContext.java:146) ~[spring-boot-3.0.11.jar:3.0.11]
	at org.springframework.boot.SpringApplication.refresh(SpringApplication.java:732) ~[spring-boot-3.0.11.jar:3.0.11]
	at org.springframework.boot.SpringApplication.refreshContext(SpringApplication.java:434) ~[spring-boot-3.0.11.jar:3.0.11]
	at org.springframework.boot.SpringApplication.run(SpringApplication.java:310) ~[spring-boot-3.0.11.jar:3.0.11]
	at org.springframework.boot.SpringApplication.run(SpringApplication.java:1304) ~[spring-boot-3.0.11.jar:3.0.11]
	at org.springframework.boot.SpringApplication.run(SpringApplication.java:1293) ~[spring-boot-3.0.11.jar:3.0.11]
	at com.managersystem.admin.CmsApplication.main(CmsApplication.java:14) ~[classes/:?]
04/02/24 00:59:12.785 | INFO  | sale_service | 0 | JtaPlatformInitiator.java: HHH000490: Using JtaPlatform implementation: [org.hibernate.engine.transaction.jta.platform.internal.NoJtaPlatform]
04/02/24 00:59:12.793 | INFO  | sale_service | 0 | AbstractEntityManagerFactoryBean.java: Initialized JPA EntityManagerFactory for persistence unit 'default'
04/02/24 00:59:12.975 | INFO  | sale_service | 0 | Version.java: Redisson 3.24.3
04/02/24 00:59:13.292 | INFO  | sale_service | 0 | ConnectionPool.java: 1 connections initialized for tcp.appengine.bfcplatform.vn/103.69.194.120:13437
04/02/24 00:59:14.059 | INFO  | sale_service | 0 | ConnectionPool.java: 24 connections initialized for tcp.appengine.bfcplatform.vn/103.69.194.120:13437
04/02/24 00:59:14.252 | INFO  | sale_service | 0 | StatisticalLoggingSessionEventListener.java: Session Metrics {
    0 nanoseconds spent acquiring 0 JDBC connections;
    0 nanoseconds spent releasing 0 JDBC connections;
    0 nanoseconds spent preparing 0 JDBC statements;
    0 nanoseconds spent executing 0 JDBC statements;
    0 nanoseconds spent executing 0 JDBC batches;
    0 nanoseconds spent performing 0 L2C puts;
    0 nanoseconds spent performing 0 L2C hits;
    0 nanoseconds spent performing 0 L2C misses;
    0 nanoseconds spent executing 0 flushes (flushing a total of 0 entities and 0 collections);
    0 nanoseconds spent executing 0 partial-flushes (flushing a total of 0 entities and 0 collections)
}
04/02/24 00:59:14.253 | INFO  | sale_service | 0 | StatisticalLoggingSessionEventListener.java: Session Metrics {
    0 nanoseconds spent acquiring 0 JDBC connections;
    0 nanoseconds spent releasing 0 JDBC connections;
    0 nanoseconds spent preparing 0 JDBC statements;
    0 nanoseconds spent executing 0 JDBC statements;
    0 nanoseconds spent executing 0 JDBC batches;
    0 nanoseconds spent performing 0 L2C puts;
    0 nanoseconds spent performing 0 L2C hits;
    0 nanoseconds spent performing 0 L2C misses;
    0 nanoseconds spent executing 0 flushes (flushing a total of 0 entities and 0 collections);
    0 nanoseconds spent executing 0 partial-flushes (flushing a total of 0 entities and 0 collections)
}
04/02/24 00:59:14.307 | INFO  | sale_service | 0 | StatisticalLoggingSessionEventListener.java: Session Metrics {
    0 nanoseconds spent acquiring 0 JDBC connections;
    0 nanoseconds spent releasing 0 JDBC connections;
    0 nanoseconds spent preparing 0 JDBC statements;
    0 nanoseconds spent executing 0 JDBC statements;
    0 nanoseconds spent executing 0 JDBC batches;
    0 nanoseconds spent performing 0 L2C puts;
    0 nanoseconds spent performing 0 L2C hits;
    0 nanoseconds spent performing 0 L2C misses;
    0 nanoseconds spent executing 0 flushes (flushing a total of 0 entities and 0 collections);
    0 nanoseconds spent executing 0 partial-flushes (flushing a total of 0 entities and 0 collections)
}
04/02/24 00:59:14.370 | INFO  | sale_service | 0 | StatisticalLoggingSessionEventListener.java: Session Metrics {
    0 nanoseconds spent acquiring 0 JDBC connections;
    0 nanoseconds spent releasing 0 JDBC connections;
    0 nanoseconds spent preparing 0 JDBC statements;
    0 nanoseconds spent executing 0 JDBC statements;
    0 nanoseconds spent executing 0 JDBC batches;
    0 nanoseconds spent performing 0 L2C puts;
    0 nanoseconds spent performing 0 L2C hits;
    0 nanoseconds spent performing 0 L2C misses;
    0 nanoseconds spent executing 0 flushes (flushing a total of 0 entities and 0 collections);
    0 nanoseconds spent executing 0 partial-flushes (flushing a total of 0 entities and 0 collections)
}
04/02/24 00:59:14.372 | INFO  | sale_service | 0 | StatisticalLoggingSessionEventListener.java: Session Metrics {
    0 nanoseconds spent acquiring 0 JDBC connections;
    0 nanoseconds spent releasing 0 JDBC connections;
    0 nanoseconds spent preparing 0 JDBC statements;
    0 nanoseconds spent executing 0 JDBC statements;
    0 nanoseconds spent executing 0 JDBC batches;
    0 nanoseconds spent performing 0 L2C puts;
    0 nanoseconds spent performing 0 L2C hits;
    0 nanoseconds spent performing 0 L2C misses;
    0 nanoseconds spent executing 0 flushes (flushing a total of 0 entities and 0 collections);
    0 nanoseconds spent executing 0 partial-flushes (flushing a total of 0 entities and 0 collections)
}
04/02/24 00:59:14.409 | INFO  | sale_service | 0 | StatisticalLoggingSessionEventListener.java: Session Metrics {
    0 nanoseconds spent acquiring 0 JDBC connections;
    0 nanoseconds spent releasing 0 JDBC connections;
    0 nanoseconds spent preparing 0 JDBC statements;
    0 nanoseconds spent executing 0 JDBC statements;
    0 nanoseconds spent executing 0 JDBC batches;
    0 nanoseconds spent performing 0 L2C puts;
    0 nanoseconds spent performing 0 L2C hits;
    0 nanoseconds spent performing 0 L2C misses;
    0 nanoseconds spent executing 0 flushes (flushing a total of 0 entities and 0 collections);
    0 nanoseconds spent executing 0 partial-flushes (flushing a total of 0 entities and 0 collections)
}
04/02/24 00:59:14.409 | INFO  | sale_service | 0 | StatisticalLoggingSessionEventListener.java: Session Metrics {
    0 nanoseconds spent acquiring 0 JDBC connections;
    0 nanoseconds spent releasing 0 JDBC connections;
    0 nanoseconds spent preparing 0 JDBC statements;
    0 nanoseconds spent executing 0 JDBC statements;
    0 nanoseconds spent executing 0 JDBC batches;
    0 nanoseconds spent performing 0 L2C puts;
    0 nanoseconds spent performing 0 L2C hits;
    0 nanoseconds spent performing 0 L2C misses;
    0 nanoseconds spent executing 0 flushes (flushing a total of 0 entities and 0 collections);
    0 nanoseconds spent executing 0 partial-flushes (flushing a total of 0 entities and 0 collections)
}
04/02/24 00:59:14.422 | INFO  | sale_service | 0 | StatisticalLoggingSessionEventListener.java: Session Metrics {
    0 nanoseconds spent acquiring 0 JDBC connections;
    0 nanoseconds spent releasing 0 JDBC connections;
    0 nanoseconds spent preparing 0 JDBC statements;
    0 nanoseconds spent executing 0 JDBC statements;
    0 nanoseconds spent executing 0 JDBC batches;
    0 nanoseconds spent performing 0 L2C puts;
    0 nanoseconds spent performing 0 L2C hits;
    0 nanoseconds spent performing 0 L2C misses;
    0 nanoseconds spent executing 0 flushes (flushing a total of 0 entities and 0 collections);
    0 nanoseconds spent executing 0 partial-flushes (flushing a total of 0 entities and 0 collections)
}
04/02/24 00:59:14.428 | INFO  | sale_service | 0 | StatisticalLoggingSessionEventListener.java: Session Metrics {
    0 nanoseconds spent acquiring 0 JDBC connections;
    0 nanoseconds spent releasing 0 JDBC connections;
    0 nanoseconds spent preparing 0 JDBC statements;
    0 nanoseconds spent executing 0 JDBC statements;
    0 nanoseconds spent executing 0 JDBC batches;
    0 nanoseconds spent performing 0 L2C puts;
    0 nanoseconds spent performing 0 L2C hits;
    0 nanoseconds spent performing 0 L2C misses;
    0 nanoseconds spent executing 0 flushes (flushing a total of 0 entities and 0 collections);
    0 nanoseconds spent executing 0 partial-flushes (flushing a total of 0 entities and 0 collections)
}
04/02/24 00:59:14.447 | INFO  | sale_service | 0 | StatisticalLoggingSessionEventListener.java: Session Metrics {
    0 nanoseconds spent acquiring 0 JDBC connections;
    0 nanoseconds spent releasing 0 JDBC connections;
    0 nanoseconds spent preparing 0 JDBC statements;
    0 nanoseconds spent executing 0 JDBC statements;
    0 nanoseconds spent executing 0 JDBC batches;
    0 nanoseconds spent performing 0 L2C puts;
    0 nanoseconds spent performing 0 L2C hits;
    0 nanoseconds spent performing 0 L2C misses;
    0 nanoseconds spent executing 0 flushes (flushing a total of 0 entities and 0 collections);
    0 nanoseconds spent executing 0 partial-flushes (flushing a total of 0 entities and 0 collections)
}
04/02/24 00:59:14.453 | INFO  | sale_service | 0 | StatisticalLoggingSessionEventListener.java: Session Metrics {
    0 nanoseconds spent acquiring 0 JDBC connections;
    0 nanoseconds spent releasing 0 JDBC connections;
    0 nanoseconds spent preparing 0 JDBC statements;
    0 nanoseconds spent executing 0 JDBC statements;
    0 nanoseconds spent executing 0 JDBC batches;
    0 nanoseconds spent performing 0 L2C puts;
    0 nanoseconds spent performing 0 L2C hits;
    0 nanoseconds spent performing 0 L2C misses;
    0 nanoseconds spent executing 0 flushes (flushing a total of 0 entities and 0 collections);
    0 nanoseconds spent executing 0 partial-flushes (flushing a total of 0 entities and 0 collections)
}
04/02/24 00:59:14.464 | INFO  | sale_service | 0 | StatisticalLoggingSessionEventListener.java: Session Metrics {
    0 nanoseconds spent acquiring 0 JDBC connections;
    0 nanoseconds spent releasing 0 JDBC connections;
    0 nanoseconds spent preparing 0 JDBC statements;
    0 nanoseconds spent executing 0 JDBC statements;
    0 nanoseconds spent executing 0 JDBC batches;
    0 nanoseconds spent performing 0 L2C puts;
    0 nanoseconds spent performing 0 L2C hits;
    0 nanoseconds spent performing 0 L2C misses;
    0 nanoseconds spent executing 0 flushes (flushing a total of 0 entities and 0 collections);
    0 nanoseconds spent executing 0 partial-flushes (flushing a total of 0 entities and 0 collections)
}
04/02/24 00:59:14.464 | INFO  | sale_service | 0 | StatisticalLoggingSessionEventListener.java: Session Metrics {
    0 nanoseconds spent acquiring 0 JDBC connections;
    0 nanoseconds spent releasing 0 JDBC connections;
    0 nanoseconds spent preparing 0 JDBC statements;
    0 nanoseconds spent executing 0 JDBC statements;
    0 nanoseconds spent executing 0 JDBC batches;
    0 nanoseconds spent performing 0 L2C puts;
    0 nanoseconds spent performing 0 L2C hits;
    0 nanoseconds spent performing 0 L2C misses;
    0 nanoseconds spent executing 0 flushes (flushing a total of 0 entities and 0 collections);
    0 nanoseconds spent executing 0 partial-flushes (flushing a total of 0 entities and 0 collections)
}
04/02/24 00:59:14.471 | INFO  | sale_service | 0 | StatisticalLoggingSessionEventListener.java: Session Metrics {
    0 nanoseconds spent acquiring 0 JDBC connections;
    0 nanoseconds spent releasing 0 JDBC connections;
    0 nanoseconds spent preparing 0 JDBC statements;
    0 nanoseconds spent executing 0 JDBC statements;
    0 nanoseconds spent executing 0 JDBC batches;
    0 nanoseconds spent performing 0 L2C puts;
    0 nanoseconds spent performing 0 L2C hits;
    0 nanoseconds spent performing 0 L2C misses;
    0 nanoseconds spent executing 0 flushes (flushing a total of 0 entities and 0 collections);
    0 nanoseconds spent executing 0 partial-flushes (flushing a total of 0 entities and 0 collections)
}
04/02/24 00:59:14.472 | INFO  | sale_service | 0 | StatisticalLoggingSessionEventListener.java: Session Metrics {
    0 nanoseconds spent acquiring 0 JDBC connections;
    0 nanoseconds spent releasing 0 JDBC connections;
    0 nanoseconds spent preparing 0 JDBC statements;
    0 nanoseconds spent executing 0 JDBC statements;
    0 nanoseconds spent executing 0 JDBC batches;
    0 nanoseconds spent performing 0 L2C puts;
    0 nanoseconds spent performing 0 L2C hits;
    0 nanoseconds spent performing 0 L2C misses;
    0 nanoseconds spent executing 0 flushes (flushing a total of 0 entities and 0 collections);
    0 nanoseconds spent executing 0 partial-flushes (flushing a total of 0 entities and 0 collections)
}
04/02/24 00:59:14.629 | INFO  | sale_service | 0 | StatisticalLoggingSessionEventListener.java: Session Metrics {
    0 nanoseconds spent acquiring 0 JDBC connections;
    0 nanoseconds spent releasing 0 JDBC connections;
    0 nanoseconds spent preparing 0 JDBC statements;
    0 nanoseconds spent executing 0 JDBC statements;
    0 nanoseconds spent executing 0 JDBC batches;
    0 nanoseconds spent performing 0 L2C puts;
    0 nanoseconds spent performing 0 L2C hits;
    0 nanoseconds spent performing 0 L2C misses;
    0 nanoseconds spent executing 0 flushes (flushing a total of 0 entities and 0 collections);
    0 nanoseconds spent executing 0 partial-flushes (flushing a total of 0 entities and 0 collections)
}
04/02/24 00:59:14.639 | INFO  | sale_service | 0 | StatisticalLoggingSessionEventListener.java: Session Metrics {
    0 nanoseconds spent acquiring 0 JDBC connections;
    0 nanoseconds spent releasing 0 JDBC connections;
    0 nanoseconds spent preparing 0 JDBC statements;
    0 nanoseconds spent executing 0 JDBC statements;
    0 nanoseconds spent executing 0 JDBC batches;
    0 nanoseconds spent performing 0 L2C puts;
    0 nanoseconds spent performing 0 L2C hits;
    0 nanoseconds spent performing 0 L2C misses;
    0 nanoseconds spent executing 0 flushes (flushing a total of 0 entities and 0 collections);
    0 nanoseconds spent executing 0 partial-flushes (flushing a total of 0 entities and 0 collections)
}
04/02/24 00:59:14.655 | INFO  | sale_service | 0 | StatisticalLoggingSessionEventListener.java: Session Metrics {
    0 nanoseconds spent acquiring 0 JDBC connections;
    0 nanoseconds spent releasing 0 JDBC connections;
    0 nanoseconds spent preparing 0 JDBC statements;
    0 nanoseconds spent executing 0 JDBC statements;
    0 nanoseconds spent executing 0 JDBC batches;
    0 nanoseconds spent performing 0 L2C puts;
    0 nanoseconds spent performing 0 L2C hits;
    0 nanoseconds spent performing 0 L2C misses;
    0 nanoseconds spent executing 0 flushes (flushing a total of 0 entities and 0 collections);
    0 nanoseconds spent executing 0 partial-flushes (flushing a total of 0 entities and 0 collections)
}
04/02/24 00:59:14.659 | INFO  | sale_service | 0 | StatisticalLoggingSessionEventListener.java: Session Metrics {
    0 nanoseconds spent acquiring 0 JDBC connections;
    0 nanoseconds spent releasing 0 JDBC connections;
    0 nanoseconds spent preparing 0 JDBC statements;
    0 nanoseconds spent executing 0 JDBC statements;
    0 nanoseconds spent executing 0 JDBC batches;
    0 nanoseconds spent performing 0 L2C puts;
    0 nanoseconds spent performing 0 L2C hits;
    0 nanoseconds spent performing 0 L2C misses;
    0 nanoseconds spent executing 0 flushes (flushing a total of 0 entities and 0 collections);
    0 nanoseconds spent executing 0 partial-flushes (flushing a total of 0 entities and 0 collections)
}
04/02/24 00:59:14.677 | INFO  | sale_service | 0 | StatisticalLoggingSessionEventListener.java: Session Metrics {
    0 nanoseconds spent acquiring 0 JDBC connections;
    0 nanoseconds spent releasing 0 JDBC connections;
    0 nanoseconds spent preparing 0 JDBC statements;
    0 nanoseconds spent executing 0 JDBC statements;
    0 nanoseconds spent executing 0 JDBC batches;
    0 nanoseconds spent performing 0 L2C puts;
    0 nanoseconds spent performing 0 L2C hits;
    0 nanoseconds spent performing 0 L2C misses;
    0 nanoseconds spent executing 0 flushes (flushing a total of 0 entities and 0 collections);
    0 nanoseconds spent executing 0 partial-flushes (flushing a total of 0 entities and 0 collections)
}
04/02/24 00:59:14.682 | INFO  | sale_service | 0 | StatisticalLoggingSessionEventListener.java: Session Metrics {
    0 nanoseconds spent acquiring 0 JDBC connections;
    0 nanoseconds spent releasing 0 JDBC connections;
    0 nanoseconds spent preparing 0 JDBC statements;
    0 nanoseconds spent executing 0 JDBC statements;
    0 nanoseconds spent executing 0 JDBC batches;
    0 nanoseconds spent performing 0 L2C puts;
    0 nanoseconds spent performing 0 L2C hits;
    0 nanoseconds spent performing 0 L2C misses;
    0 nanoseconds spent executing 0 flushes (flushing a total of 0 entities and 0 collections);
    0 nanoseconds spent executing 0 partial-flushes (flushing a total of 0 entities and 0 collections)
}
04/02/24 00:59:14.702 | INFO  | sale_service | 0 | StatisticalLoggingSessionEventListener.java: Session Metrics {
    0 nanoseconds spent acquiring 0 JDBC connections;
    0 nanoseconds spent releasing 0 JDBC connections;
    0 nanoseconds spent preparing 0 JDBC statements;
    0 nanoseconds spent executing 0 JDBC statements;
    0 nanoseconds spent executing 0 JDBC batches;
    0 nanoseconds spent performing 0 L2C puts;
    0 nanoseconds spent performing 0 L2C hits;
    0 nanoseconds spent performing 0 L2C misses;
    0 nanoseconds spent executing 0 flushes (flushing a total of 0 entities and 0 collections);
    0 nanoseconds spent executing 0 partial-flushes (flushing a total of 0 entities and 0 collections)
}
04/02/24 00:59:14.705 | INFO  | sale_service | 0 | StatisticalLoggingSessionEventListener.java: Session Metrics {
    0 nanoseconds spent acquiring 0 JDBC connections;
    0 nanoseconds spent releasing 0 JDBC connections;
    0 nanoseconds spent preparing 0 JDBC statements;
    0 nanoseconds spent executing 0 JDBC statements;
    0 nanoseconds spent executing 0 JDBC batches;
    0 nanoseconds spent performing 0 L2C puts;
    0 nanoseconds spent performing 0 L2C hits;
    0 nanoseconds spent performing 0 L2C misses;
    0 nanoseconds spent executing 0 flushes (flushing a total of 0 entities and 0 collections);
    0 nanoseconds spent executing 0 partial-flushes (flushing a total of 0 entities and 0 collections)
}
04/02/24 00:59:14.715 | INFO  | sale_service | 0 | StatisticalLoggingSessionEventListener.java: Session Metrics {
    0 nanoseconds spent acquiring 0 JDBC connections;
    0 nanoseconds spent releasing 0 JDBC connections;
    0 nanoseconds spent preparing 0 JDBC statements;
    0 nanoseconds spent executing 0 JDBC statements;
    0 nanoseconds spent executing 0 JDBC batches;
    0 nanoseconds spent performing 0 L2C puts;
    0 nanoseconds spent performing 0 L2C hits;
    0 nanoseconds spent performing 0 L2C misses;
    0 nanoseconds spent executing 0 flushes (flushing a total of 0 entities and 0 collections);
    0 nanoseconds spent executing 0 partial-flushes (flushing a total of 0 entities and 0 collections)
}
04/02/24 00:59:14.716 | INFO  | sale_service | 0 | StatisticalLoggingSessionEventListener.java: Session Metrics {
    0 nanoseconds spent acquiring 0 JDBC connections;
    0 nanoseconds spent releasing 0 JDBC connections;
    0 nanoseconds spent preparing 0 JDBC statements;
    0 nanoseconds spent executing 0 JDBC statements;
    0 nanoseconds spent executing 0 JDBC batches;
    0 nanoseconds spent performing 0 L2C puts;
    0 nanoseconds spent performing 0 L2C hits;
    0 nanoseconds spent performing 0 L2C misses;
    0 nanoseconds spent executing 0 flushes (flushing a total of 0 entities and 0 collections);
    0 nanoseconds spent executing 0 partial-flushes (flushing a total of 0 entities and 0 collections)
}
04/02/24 00:59:14.727 | INFO  | sale_service | 0 | StatisticalLoggingSessionEventListener.java: Session Metrics {
    0 nanoseconds spent acquiring 0 JDBC connections;
    0 nanoseconds spent releasing 0 JDBC connections;
    0 nanoseconds spent preparing 0 JDBC statements;
    0 nanoseconds spent executing 0 JDBC statements;
    0 nanoseconds spent executing 0 JDBC batches;
    0 nanoseconds spent performing 0 L2C puts;
    0 nanoseconds spent performing 0 L2C hits;
    0 nanoseconds spent performing 0 L2C misses;
    0 nanoseconds spent executing 0 flushes (flushing a total of 0 entities and 0 collections);
    0 nanoseconds spent executing 0 partial-flushes (flushing a total of 0 entities and 0 collections)
}
04/02/24 00:59:14.729 | INFO  | sale_service | 0 | StatisticalLoggingSessionEventListener.java: Session Metrics {
    0 nanoseconds spent acquiring 0 JDBC connections;
    0 nanoseconds spent releasing 0 JDBC connections;
    0 nanoseconds spent preparing 0 JDBC statements;
    0 nanoseconds spent executing 0 JDBC statements;
    0 nanoseconds spent executing 0 JDBC batches;
    0 nanoseconds spent performing 0 L2C puts;
    0 nanoseconds spent performing 0 L2C hits;
    0 nanoseconds spent performing 0 L2C misses;
    0 nanoseconds spent executing 0 flushes (flushing a total of 0 entities and 0 collections);
    0 nanoseconds spent executing 0 partial-flushes (flushing a total of 0 entities and 0 collections)
}
04/02/24 00:59:14.739 | INFO  | sale_service | 0 | StatisticalLoggingSessionEventListener.java: Session Metrics {
    0 nanoseconds spent acquiring 0 JDBC connections;
    0 nanoseconds spent releasing 0 JDBC connections;
    0 nanoseconds spent preparing 0 JDBC statements;
    0 nanoseconds spent executing 0 JDBC statements;
    0 nanoseconds spent executing 0 JDBC batches;
    0 nanoseconds spent performing 0 L2C puts;
    0 nanoseconds spent performing 0 L2C hits;
    0 nanoseconds spent performing 0 L2C misses;
    0 nanoseconds spent executing 0 flushes (flushing a total of 0 entities and 0 collections);
    0 nanoseconds spent executing 0 partial-flushes (flushing a total of 0 entities and 0 collections)
}
04/02/24 00:59:14.739 | INFO  | sale_service | 0 | StatisticalLoggingSessionEventListener.java: Session Metrics {
    0 nanoseconds spent acquiring 0 JDBC connections;
    0 nanoseconds spent releasing 0 JDBC connections;
    0 nanoseconds spent preparing 0 JDBC statements;
    0 nanoseconds spent executing 0 JDBC statements;
    0 nanoseconds spent executing 0 JDBC batches;
    0 nanoseconds spent performing 0 L2C puts;
    0 nanoseconds spent performing 0 L2C hits;
    0 nanoseconds spent performing 0 L2C misses;
    0 nanoseconds spent executing 0 flushes (flushing a total of 0 entities and 0 collections);
    0 nanoseconds spent executing 0 partial-flushes (flushing a total of 0 entities and 0 collections)
}
04/02/24 00:59:14.749 | INFO  | sale_service | 0 | StatisticalLoggingSessionEventListener.java: Session Metrics {
    0 nanoseconds spent acquiring 0 JDBC connections;
    0 nanoseconds spent releasing 0 JDBC connections;
    0 nanoseconds spent preparing 0 JDBC statements;
    0 nanoseconds spent executing 0 JDBC statements;
    0 nanoseconds spent executing 0 JDBC batches;
    0 nanoseconds spent performing 0 L2C puts;
    0 nanoseconds spent performing 0 L2C hits;
    0 nanoseconds spent performing 0 L2C misses;
    0 nanoseconds spent executing 0 flushes (flushing a total of 0 entities and 0 collections);
    0 nanoseconds spent executing 0 partial-flushes (flushing a total of 0 entities and 0 collections)
}
04/02/24 00:59:14.752 | INFO  | sale_service | 0 | StatisticalLoggingSessionEventListener.java: Session Metrics {
    0 nanoseconds spent acquiring 0 JDBC connections;
    0 nanoseconds spent releasing 0 JDBC connections;
    0 nanoseconds spent preparing 0 JDBC statements;
    0 nanoseconds spent executing 0 JDBC statements;
    0 nanoseconds spent executing 0 JDBC batches;
    0 nanoseconds spent performing 0 L2C puts;
    0 nanoseconds spent performing 0 L2C hits;
    0 nanoseconds spent performing 0 L2C misses;
    0 nanoseconds spent executing 0 flushes (flushing a total of 0 entities and 0 collections);
    0 nanoseconds spent executing 0 partial-flushes (flushing a total of 0 entities and 0 collections)
}
04/02/24 00:59:14.763 | INFO  | sale_service | 0 | StatisticalLoggingSessionEventListener.java: Session Metrics {
    0 nanoseconds spent acquiring 0 JDBC connections;
    0 nanoseconds spent releasing 0 JDBC connections;
    0 nanoseconds spent preparing 0 JDBC statements;
    0 nanoseconds spent executing 0 JDBC statements;
    0 nanoseconds spent executing 0 JDBC batches;
    0 nanoseconds spent performing 0 L2C puts;
    0 nanoseconds spent performing 0 L2C hits;
    0 nanoseconds spent performing 0 L2C misses;
    0 nanoseconds spent executing 0 flushes (flushing a total of 0 entities and 0 collections);
    0 nanoseconds spent executing 0 partial-flushes (flushing a total of 0 entities and 0 collections)
}
04/02/24 00:59:14.763 | INFO  | sale_service | 0 | StatisticalLoggingSessionEventListener.java: Session Metrics {
    0 nanoseconds spent acquiring 0 JDBC connections;
    0 nanoseconds spent releasing 0 JDBC connections;
    0 nanoseconds spent preparing 0 JDBC statements;
    0 nanoseconds spent executing 0 JDBC statements;
    0 nanoseconds spent executing 0 JDBC batches;
    0 nanoseconds spent performing 0 L2C puts;
    0 nanoseconds spent performing 0 L2C hits;
    0 nanoseconds spent performing 0 L2C misses;
    0 nanoseconds spent executing 0 flushes (flushing a total of 0 entities and 0 collections);
    0 nanoseconds spent executing 0 partial-flushes (flushing a total of 0 entities and 0 collections)
}
04/02/24 00:59:14.775 | INFO  | sale_service | 0 | StatisticalLoggingSessionEventListener.java: Session Metrics {
    0 nanoseconds spent acquiring 0 JDBC connections;
    0 nanoseconds spent releasing 0 JDBC connections;
    0 nanoseconds spent preparing 0 JDBC statements;
    0 nanoseconds spent executing 0 JDBC statements;
    0 nanoseconds spent executing 0 JDBC batches;
    0 nanoseconds spent performing 0 L2C puts;
    0 nanoseconds spent performing 0 L2C hits;
    0 nanoseconds spent performing 0 L2C misses;
    0 nanoseconds spent executing 0 flushes (flushing a total of 0 entities and 0 collections);
    0 nanoseconds spent executing 0 partial-flushes (flushing a total of 0 entities and 0 collections)
}
04/02/24 00:59:14.777 | INFO  | sale_service | 0 | StatisticalLoggingSessionEventListener.java: Session Metrics {
    0 nanoseconds spent acquiring 0 JDBC connections;
    0 nanoseconds spent releasing 0 JDBC connections;
    0 nanoseconds spent preparing 0 JDBC statements;
    0 nanoseconds spent executing 0 JDBC statements;
    0 nanoseconds spent executing 0 JDBC batches;
    0 nanoseconds spent performing 0 L2C puts;
    0 nanoseconds spent performing 0 L2C hits;
    0 nanoseconds spent performing 0 L2C misses;
    0 nanoseconds spent executing 0 flushes (flushing a total of 0 entities and 0 collections);
    0 nanoseconds spent executing 0 partial-flushes (flushing a total of 0 entities and 0 collections)
}
04/02/24 00:59:14.794 | INFO  | sale_service | 0 | StatisticalLoggingSessionEventListener.java: Session Metrics {
    0 nanoseconds spent acquiring 0 JDBC connections;
    0 nanoseconds spent releasing 0 JDBC connections;
    0 nanoseconds spent preparing 0 JDBC statements;
    0 nanoseconds spent executing 0 JDBC statements;
    0 nanoseconds spent executing 0 JDBC batches;
    0 nanoseconds spent performing 0 L2C puts;
    0 nanoseconds spent performing 0 L2C hits;
    0 nanoseconds spent performing 0 L2C misses;
    0 nanoseconds spent executing 0 flushes (flushing a total of 0 entities and 0 collections);
    0 nanoseconds spent executing 0 partial-flushes (flushing a total of 0 entities and 0 collections)
}
04/02/24 00:59:14.797 | INFO  | sale_service | 0 | StatisticalLoggingSessionEventListener.java: Session Metrics {
    0 nanoseconds spent acquiring 0 JDBC connections;
    0 nanoseconds spent releasing 0 JDBC connections;
    0 nanoseconds spent preparing 0 JDBC statements;
    0 nanoseconds spent executing 0 JDBC statements;
    0 nanoseconds spent executing 0 JDBC batches;
    0 nanoseconds spent performing 0 L2C puts;
    0 nanoseconds spent performing 0 L2C hits;
    0 nanoseconds spent performing 0 L2C misses;
    0 nanoseconds spent executing 0 flushes (flushing a total of 0 entities and 0 collections);
    0 nanoseconds spent executing 0 partial-flushes (flushing a total of 0 entities and 0 collections)
}
04/02/24 00:59:15.135 | DEBUG | sale_service | 0 | AbstractHandlerMethodMapping.java: 19 mappings in 'requestMappingHandlerMapping'
04/02/24 00:59:15.218 | DEBUG | sale_service | 0 | SimpleUrlHandlerMapping.java: Patterns [/webjars/**, /**, /v1/docs/swagger-ui*/*swagger-initializer.js, /v1/docs/swagger-ui*/**] in 'resourceHandlerMapping'
04/02/24 00:59:15.338 | INFO  | sale_service | 0 | EndpointLinksResolver.java: Exposing 1 endpoint(s) beneath base path '/actuator'
04/02/24 00:59:15.387 | INFO  | sale_service | 0 | DefaultSecurityFilterChain.java: Will secure any request with [org.springframework.security.web.session.DisableEncodeUrlFilter@278e5f8e, org.springframework.security.web.context.request.async.WebAsyncManagerIntegrationFilter@44a3b4d9, org.springframework.security.web.context.SecurityContextHolderFilter@6e9d60e1, org.springframework.security.web.header.HeaderWriterFilter@55c9e012, org.springframework.security.web.authentication.logout.LogoutFilter@32a53a59, com.managersystem.admin.server.security.JwtAuthFilter@7ecb9e17, org.springframework.security.web.savedrequest.RequestCacheAwareFilter@6b6d68d2, org.springframework.security.web.servletapi.SecurityContextHolderAwareRequestFilter@912fdbb, org.springframework.security.web.authentication.AnonymousAuthenticationFilter@16e3a461, org.springframework.security.web.session.SessionManagementFilter@321f97d9, org.springframework.security.web.access.ExceptionTranslationFilter@694c23e4, org.springframework.security.web.access.intercept.AuthorizationFilter@73021987]
04/02/24 00:59:15.445 | DEBUG | sale_service | 0 | RequestMappingHandlerAdapter.java: ControllerAdvice beans: 0 @ModelAttribute, 0 @InitBinder, 1 RequestBodyAdvice, 1 ResponseBodyAdvice
04/02/24 00:59:15.482 | DEBUG | sale_service | 0 | ExceptionHandlerExceptionResolver.java: ControllerAdvice beans: 2 @ExceptionHandler, 1 ResponseBodyAdvice
04/02/24 00:59:15.793 | INFO  | sale_service | 0 | DirectJDKLog.java: Starting ProtocolHandler ["http-nio-8080"]
04/02/24 00:59:15.801 | INFO  | sale_service | 0 | TomcatWebServer.java: Tomcat started on port(s): 8080 (http) with context path ''
04/02/24 00:59:15.818 | INFO  | sale_service | 0 | StartupInfoLogger.java: Started CmsApplication in 6.876 seconds (process running for 7.937)
04/02/24 00:59:16.207 | INFO  | sale_service | 0 | DirectJDKLog.java: Initializing Spring DispatcherServlet 'dispatcherServlet'
04/02/24 00:59:16.207 | INFO  | sale_service | 0 | FrameworkServlet.java: Initializing Servlet 'dispatcherServlet'
04/02/24 00:59:16.207 | DEBUG | sale_service | 0 | DispatcherServlet.java: Detected StandardServletMultipartResolver
04/02/24 00:59:16.207 | DEBUG | sale_service | 0 | DispatcherServlet.java: Detected AcceptHeaderLocaleResolver
04/02/24 00:59:16.208 | DEBUG | sale_service | 0 | DispatcherServlet.java: Detected FixedThemeResolver
04/02/24 00:59:16.209 | DEBUG | sale_service | 0 | DispatcherServlet.java: Detected org.springframework.web.servlet.view.DefaultRequestToViewNameTranslator@3f13ab39
04/02/24 00:59:16.210 | DEBUG | sale_service | 0 | DispatcherServlet.java: Detected org.springframework.web.servlet.support.SessionFlashMapManager@4fbdc20
04/02/24 00:59:16.211 | DEBUG | sale_service | 0 | FrameworkServlet.java: enableLoggingRequestDetails='false': request parameters and headers will be masked to prevent unsafe logging of potentially sensitive data
04/02/24 00:59:16.211 | INFO  | sale_service | 0 | FrameworkServlet.java: Completed initialization in 4 ms
04/02/24 00:59:17.134 | INFO  | sale_service | 0 | StatisticalLoggingSessionEventListener.java: Session Metrics {
    13269201 nanoseconds spent acquiring 1 JDBC connections;
    0 nanoseconds spent releasing 0 JDBC connections;
    103645198 nanoseconds spent preparing 24 JDBC statements;
    755756495 nanoseconds spent executing 22 JDBC statements;
    53632299 nanoseconds spent executing 2 JDBC batches;
    0 nanoseconds spent performing 0 L2C puts;
    0 nanoseconds spent performing 0 L2C hits;
    0 nanoseconds spent performing 0 L2C misses;
    95301400 nanoseconds spent executing 1 flushes (flushing a total of 46 entities and 0 collections);
    15756300 nanoseconds spent executing 4 partial-flushes (flushing a total of 30 entities and 30 collections)
}
04/02/24 01:00:18.090 | INFO  | sale_service | 0 | StatisticalLoggingSessionEventListener.java: Session Metrics {
    22816500 nanoseconds spent acquiring 1 JDBC connections;
    0 nanoseconds spent releasing 0 JDBC connections;
    20118601 nanoseconds spent preparing 15 JDBC statements;
    554908596 nanoseconds spent executing 13 JDBC statements;
    111482102 nanoseconds spent executing 2 JDBC batches;
    0 nanoseconds spent performing 0 L2C puts;
    0 nanoseconds spent performing 0 L2C hits;
    0 nanoseconds spent performing 0 L2C misses;
    146454600 nanoseconds spent executing 1 flushes (flushing a total of 46 entities and 0 collections);
    1026401 nanoseconds spent executing 4 partial-flushes (flushing a total of 30 entities and 30 collections)
}
04/02/24 01:01:18.634 | INFO  | sale_service | 0 | StatisticalLoggingSessionEventListener.java: Session Metrics {
    11782101 nanoseconds spent acquiring 1 JDBC connections;
    0 nanoseconds spent releasing 0 JDBC connections;
    925302 nanoseconds spent preparing 13 JDBC statements;
    429128302 nanoseconds spent executing 13 JDBC statements;
    0 nanoseconds spent executing 0 JDBC batches;
    0 nanoseconds spent performing 0 L2C puts;
    0 nanoseconds spent performing 0 L2C hits;
    0 nanoseconds spent performing 0 L2C misses;
    0 nanoseconds spent executing 0 flushes (flushing a total of 0 entities and 0 collections);
    1870299 nanoseconds spent executing 4 partial-flushes (flushing a total of 30 entities and 30 collections)
}
04/02/24 01:01:18.634 | ERROR | sale_service | 0 | TaskUtils.java: Unexpected error occurred in scheduled task
java.lang.ArithmeticException: / by zero
	at com.managersystem.admin.server.service.RewardScheduleService.processStateHourQuantity(RewardScheduleService.java:132) ~[classes/:?]
	at com.managersystem.admin.server.service.RewardScheduleService.processAddQuantity(RewardScheduleService.java:88) ~[classes/:?]
	at com.managersystem.admin.server.service.RewardScheduleService.lambda$processAddRewardSegmentDetail$1(RewardScheduleService.java:46) ~[classes/:?]
	at java.util.ArrayList.forEach(ArrayList.java:1511) ~[?:?]
	at com.managersystem.admin.server.service.RewardScheduleService.processAddRewardSegmentDetail(RewardScheduleService.java:40) ~[classes/:?]
	at com.managersystem.admin.server.service.RewardScheduleService.lambda$addRewardSegmentQuantity$0(RewardScheduleService.java:30) ~[classes/:?]
	at java.util.ArrayList.forEach(ArrayList.java:1511) ~[?:?]
	at com.managersystem.admin.server.service.RewardScheduleService.addRewardSegmentQuantity(RewardScheduleService.java:30) ~[classes/:?]
	at jdk.internal.reflect.NativeMethodAccessorImpl.invoke0(Native Method) ~[?:?]
	at jdk.internal.reflect.NativeMethodAccessorImpl.invoke(NativeMethodAccessorImpl.java:77) ~[?:?]
	at jdk.internal.reflect.DelegatingMethodAccessorImpl.invoke(DelegatingMethodAccessorImpl.java:43) ~[?:?]
	at java.lang.reflect.Method.invoke(Method.java:568) ~[?:?]
	at org.springframework.aop.support.AopUtils.invokeJoinpointUsingReflection(AopUtils.java:343) ~[spring-aop-6.0.12.jar:6.0.12]
	at org.springframework.aop.framework.ReflectiveMethodInvocation.invokeJoinpoint(ReflectiveMethodInvocation.java:196) ~[spring-aop-6.0.12.jar:6.0.12]
	at org.springframework.aop.framework.ReflectiveMethodInvocation.proceed(ReflectiveMethodInvocation.java:163) ~[spring-aop-6.0.12.jar:6.0.12]
	at org.springframework.aop.framework.CglibAopProxy$CglibMethodInvocation.proceed(CglibAopProxy.java:751) ~[spring-aop-6.0.12.jar:6.0.12]
	at org.springframework.transaction.interceptor.TransactionInterceptor$1.proceedWithInvocation(TransactionInterceptor.java:123) ~[spring-tx-6.0.12.jar:6.0.12]
	at org.springframework.transaction.interceptor.TransactionAspectSupport.invokeWithinTransaction(TransactionAspectSupport.java:391) ~[spring-tx-6.0.12.jar:6.0.12]
	at org.springframework.transaction.interceptor.TransactionInterceptor.invoke(TransactionInterceptor.java:119) ~[spring-tx-6.0.12.jar:6.0.12]
	at org.springframework.aop.framework.ReflectiveMethodInvocation.proceed(ReflectiveMethodInvocation.java:184) ~[spring-aop-6.0.12.jar:6.0.12]
	at org.springframework.aop.framework.CglibAopProxy$CglibMethodInvocation.proceed(CglibAopProxy.java:751) ~[spring-aop-6.0.12.jar:6.0.12]
	at org.springframework.aop.framework.CglibAopProxy$DynamicAdvisedInterceptor.intercept(CglibAopProxy.java:703) ~[spring-aop-6.0.12.jar:6.0.12]
	at com.managersystem.admin.server.service.RewardScheduleService$$SpringCGLIB$$0.addRewardSegmentQuantity(<generated>) ~[classes/:?]
	at com.managersystem.admin.handleRequest.schedule.job.Schedule.processRewardSchedule(Schedule.java:18) ~[classes/:?]
	at jdk.internal.reflect.NativeMethodAccessorImpl.invoke0(Native Method) ~[?:?]
	at jdk.internal.reflect.NativeMethodAccessorImpl.invoke(NativeMethodAccessorImpl.java:77) ~[?:?]
	at jdk.internal.reflect.DelegatingMethodAccessorImpl.invoke(DelegatingMethodAccessorImpl.java:43) ~[?:?]
	at java.lang.reflect.Method.invoke(Method.java:568) ~[?:?]
	at org.springframework.scheduling.support.ScheduledMethodRunnable.run(ScheduledMethodRunnable.java:84) ~[spring-context-6.0.12.jar:6.0.12]
	at org.springframework.scheduling.support.DelegatingErrorHandlingRunnable.run(DelegatingErrorHandlingRunnable.java:54) ~[spring-context-6.0.12.jar:6.0.12]
	at java.util.concurrent.Executors$RunnableAdapter.call(Executors.java:539) ~[?:?]
	at java.util.concurrent.FutureTask.runAndReset$$$capture(FutureTask.java:305) ~[?:?]
	at java.util.concurrent.FutureTask.runAndReset(FutureTask.java) ~[?:?]
	at java.util.concurrent.ScheduledThreadPoolExecutor$ScheduledFutureTask.run(ScheduledThreadPoolExecutor.java:305) ~[?:?]
	at java.util.concurrent.ThreadPoolExecutor.runWorker(ThreadPoolExecutor.java:1136) ~[?:?]
	at java.util.concurrent.ThreadPoolExecutor$Worker.run(ThreadPoolExecutor.java:635) ~[?:?]
	at java.lang.Thread.run(Thread.java:840) ~[?:?]
04/02/24 01:02:19.129 | INFO  | sale_service | 0 | StatisticalLoggingSessionEventListener.java: Session Metrics {
    13249999 nanoseconds spent acquiring 1 JDBC connections;
    0 nanoseconds spent releasing 0 JDBC connections;
    884497 nanoseconds spent preparing 13 JDBC statements;
    375909201 nanoseconds spent executing 13 JDBC statements;
    0 nanoseconds spent executing 0 JDBC batches;
    0 nanoseconds spent performing 0 L2C puts;
    0 nanoseconds spent performing 0 L2C hits;
    0 nanoseconds spent performing 0 L2C misses;
    0 nanoseconds spent executing 0 flushes (flushing a total of 0 entities and 0 collections);
    1021298 nanoseconds spent executing 4 partial-flushes (flushing a total of 30 entities and 30 collections)
}
04/02/24 01:02:19.129 | ERROR | sale_service | 0 | TaskUtils.java: Unexpected error occurred in scheduled task
java.lang.ArithmeticException: / by zero
	at com.managersystem.admin.server.service.RewardScheduleService.processStateHourQuantity(RewardScheduleService.java:132) ~[classes/:?]
	at com.managersystem.admin.server.service.RewardScheduleService.processAddQuantity(RewardScheduleService.java:88) ~[classes/:?]
	at com.managersystem.admin.server.service.RewardScheduleService.lambda$processAddRewardSegmentDetail$1(RewardScheduleService.java:46) ~[classes/:?]
	at java.util.ArrayList.forEach(ArrayList.java:1511) ~[?:?]
	at com.managersystem.admin.server.service.RewardScheduleService.processAddRewardSegmentDetail(RewardScheduleService.java:40) ~[classes/:?]
	at com.managersystem.admin.server.service.RewardScheduleService.lambda$addRewardSegmentQuantity$0(RewardScheduleService.java:30) ~[classes/:?]
	at java.util.ArrayList.forEach(ArrayList.java:1511) ~[?:?]
	at com.managersystem.admin.server.service.RewardScheduleService.addRewardSegmentQuantity(RewardScheduleService.java:30) ~[classes/:?]
	at jdk.internal.reflect.NativeMethodAccessorImpl.invoke0(Native Method) ~[?:?]
	at jdk.internal.reflect.NativeMethodAccessorImpl.invoke(NativeMethodAccessorImpl.java:77) ~[?:?]
	at jdk.internal.reflect.DelegatingMethodAccessorImpl.invoke(DelegatingMethodAccessorImpl.java:43) ~[?:?]
	at java.lang.reflect.Method.invoke(Method.java:568) ~[?:?]
	at org.springframework.aop.support.AopUtils.invokeJoinpointUsingReflection(AopUtils.java:343) ~[spring-aop-6.0.12.jar:6.0.12]
	at org.springframework.aop.framework.ReflectiveMethodInvocation.invokeJoinpoint(ReflectiveMethodInvocation.java:196) ~[spring-aop-6.0.12.jar:6.0.12]
	at org.springframework.aop.framework.ReflectiveMethodInvocation.proceed(ReflectiveMethodInvocation.java:163) ~[spring-aop-6.0.12.jar:6.0.12]
	at org.springframework.aop.framework.CglibAopProxy$CglibMethodInvocation.proceed(CglibAopProxy.java:751) ~[spring-aop-6.0.12.jar:6.0.12]
	at org.springframework.transaction.interceptor.TransactionInterceptor$1.proceedWithInvocation(TransactionInterceptor.java:123) ~[spring-tx-6.0.12.jar:6.0.12]
	at org.springframework.transaction.interceptor.TransactionAspectSupport.invokeWithinTransaction(TransactionAspectSupport.java:391) ~[spring-tx-6.0.12.jar:6.0.12]
	at org.springframework.transaction.interceptor.TransactionInterceptor.invoke(TransactionInterceptor.java:119) ~[spring-tx-6.0.12.jar:6.0.12]
	at org.springframework.aop.framework.ReflectiveMethodInvocation.proceed(ReflectiveMethodInvocation.java:184) ~[spring-aop-6.0.12.jar:6.0.12]
	at org.springframework.aop.framework.CglibAopProxy$CglibMethodInvocation.proceed(CglibAopProxy.java:751) ~[spring-aop-6.0.12.jar:6.0.12]
	at org.springframework.aop.framework.CglibAopProxy$DynamicAdvisedInterceptor.intercept(CglibAopProxy.java:703) ~[spring-aop-6.0.12.jar:6.0.12]
	at com.managersystem.admin.server.service.RewardScheduleService$$SpringCGLIB$$0.addRewardSegmentQuantity(<generated>) ~[classes/:?]
	at com.managersystem.admin.handleRequest.schedule.job.Schedule.processRewardSchedule(Schedule.java:18) ~[classes/:?]
	at jdk.internal.reflect.NativeMethodAccessorImpl.invoke0(Native Method) ~[?:?]
	at jdk.internal.reflect.NativeMethodAccessorImpl.invoke(NativeMethodAccessorImpl.java:77) ~[?:?]
	at jdk.internal.reflect.DelegatingMethodAccessorImpl.invoke(DelegatingMethodAccessorImpl.java:43) ~[?:?]
	at java.lang.reflect.Method.invoke(Method.java:568) ~[?:?]
	at org.springframework.scheduling.support.ScheduledMethodRunnable.run(ScheduledMethodRunnable.java:84) ~[spring-context-6.0.12.jar:6.0.12]
	at org.springframework.scheduling.support.DelegatingErrorHandlingRunnable.run(DelegatingErrorHandlingRunnable.java:54) ~[spring-context-6.0.12.jar:6.0.12]
	at java.util.concurrent.Executors$RunnableAdapter.call(Executors.java:539) ~[?:?]
	at java.util.concurrent.FutureTask.runAndReset$$$capture(FutureTask.java:305) ~[?:?]
	at java.util.concurrent.FutureTask.runAndReset(FutureTask.java) ~[?:?]
	at java.util.concurrent.ScheduledThreadPoolExecutor$ScheduledFutureTask.run(ScheduledThreadPoolExecutor.java:305) ~[?:?]
	at java.util.concurrent.ThreadPoolExecutor.runWorker(ThreadPoolExecutor.java:1136) ~[?:?]
	at java.util.concurrent.ThreadPoolExecutor$Worker.run(ThreadPoolExecutor.java:635) ~[?:?]
	at java.lang.Thread.run(Thread.java:840) ~[?:?]
04/02/24 01:03:19.745 | INFO  | sale_service | 0 | StatisticalLoggingSessionEventListener.java: Session Metrics {
    17731799 nanoseconds spent acquiring 1 JDBC connections;
    0 nanoseconds spent releasing 0 JDBC connections;
    812301 nanoseconds spent preparing 13 JDBC statements;
    374000500 nanoseconds spent executing 13 JDBC statements;
    0 nanoseconds spent executing 0 JDBC batches;
    0 nanoseconds spent performing 0 L2C puts;
    0 nanoseconds spent performing 0 L2C hits;
    0 nanoseconds spent performing 0 L2C misses;
    0 nanoseconds spent executing 0 flushes (flushing a total of 0 entities and 0 collections);
    607001 nanoseconds spent executing 4 partial-flushes (flushing a total of 30 entities and 30 collections)
}
04/02/24 01:03:19.746 | ERROR | sale_service | 0 | TaskUtils.java: Unexpected error occurred in scheduled task
java.lang.ArithmeticException: / by zero
	at com.managersystem.admin.server.service.RewardScheduleService.processStateHourQuantity(RewardScheduleService.java:132) ~[classes/:?]
	at com.managersystem.admin.server.service.RewardScheduleService.processAddQuantity(RewardScheduleService.java:88) ~[classes/:?]
	at com.managersystem.admin.server.service.RewardScheduleService.lambda$processAddRewardSegmentDetail$1(RewardScheduleService.java:46) ~[classes/:?]
	at java.util.ArrayList.forEach(ArrayList.java:1511) ~[?:?]
	at com.managersystem.admin.server.service.RewardScheduleService.processAddRewardSegmentDetail(RewardScheduleService.java:40) ~[classes/:?]
	at com.managersystem.admin.server.service.RewardScheduleService.lambda$addRewardSegmentQuantity$0(RewardScheduleService.java:30) ~[classes/:?]
	at java.util.ArrayList.forEach(ArrayList.java:1511) ~[?:?]
	at com.managersystem.admin.server.service.RewardScheduleService.addRewardSegmentQuantity(RewardScheduleService.java:30) ~[classes/:?]
	at jdk.internal.reflect.NativeMethodAccessorImpl.invoke0(Native Method) ~[?:?]
	at jdk.internal.reflect.NativeMethodAccessorImpl.invoke(NativeMethodAccessorImpl.java:77) ~[?:?]
	at jdk.internal.reflect.DelegatingMethodAccessorImpl.invoke(DelegatingMethodAccessorImpl.java:43) ~[?:?]
	at java.lang.reflect.Method.invoke(Method.java:568) ~[?:?]
	at org.springframework.aop.support.AopUtils.invokeJoinpointUsingReflection(AopUtils.java:343) ~[spring-aop-6.0.12.jar:6.0.12]
	at org.springframework.aop.framework.ReflectiveMethodInvocation.invokeJoinpoint(ReflectiveMethodInvocation.java:196) ~[spring-aop-6.0.12.jar:6.0.12]
	at org.springframework.aop.framework.ReflectiveMethodInvocation.proceed(ReflectiveMethodInvocation.java:163) ~[spring-aop-6.0.12.jar:6.0.12]
	at org.springframework.aop.framework.CglibAopProxy$CglibMethodInvocation.proceed(CglibAopProxy.java:751) ~[spring-aop-6.0.12.jar:6.0.12]
	at org.springframework.transaction.interceptor.TransactionInterceptor$1.proceedWithInvocation(TransactionInterceptor.java:123) ~[spring-tx-6.0.12.jar:6.0.12]
	at org.springframework.transaction.interceptor.TransactionAspectSupport.invokeWithinTransaction(TransactionAspectSupport.java:391) ~[spring-tx-6.0.12.jar:6.0.12]
	at org.springframework.transaction.interceptor.TransactionInterceptor.invoke(TransactionInterceptor.java:119) ~[spring-tx-6.0.12.jar:6.0.12]
	at org.springframework.aop.framework.ReflectiveMethodInvocation.proceed(ReflectiveMethodInvocation.java:184) ~[spring-aop-6.0.12.jar:6.0.12]
	at org.springframework.aop.framework.CglibAopProxy$CglibMethodInvocation.proceed(CglibAopProxy.java:751) ~[spring-aop-6.0.12.jar:6.0.12]
	at org.springframework.aop.framework.CglibAopProxy$DynamicAdvisedInterceptor.intercept(CglibAopProxy.java:703) ~[spring-aop-6.0.12.jar:6.0.12]
	at com.managersystem.admin.server.service.RewardScheduleService$$SpringCGLIB$$0.addRewardSegmentQuantity(<generated>) ~[classes/:?]
	at com.managersystem.admin.handleRequest.schedule.job.Schedule.processRewardSchedule(Schedule.java:18) ~[classes/:?]
	at jdk.internal.reflect.NativeMethodAccessorImpl.invoke0(Native Method) ~[?:?]
	at jdk.internal.reflect.NativeMethodAccessorImpl.invoke(NativeMethodAccessorImpl.java:77) ~[?:?]
	at jdk.internal.reflect.DelegatingMethodAccessorImpl.invoke(DelegatingMethodAccessorImpl.java:43) ~[?:?]
	at java.lang.reflect.Method.invoke(Method.java:568) ~[?:?]
	at org.springframework.scheduling.support.ScheduledMethodRunnable.run(ScheduledMethodRunnable.java:84) ~[spring-context-6.0.12.jar:6.0.12]
	at org.springframework.scheduling.support.DelegatingErrorHandlingRunnable.run(DelegatingErrorHandlingRunnable.java:54) ~[spring-context-6.0.12.jar:6.0.12]
	at java.util.concurrent.Executors$RunnableAdapter.call(Executors.java:539) ~[?:?]
	at java.util.concurrent.FutureTask.runAndReset$$$capture(FutureTask.java:305) ~[?:?]
	at java.util.concurrent.FutureTask.runAndReset(FutureTask.java) ~[?:?]
	at java.util.concurrent.ScheduledThreadPoolExecutor$ScheduledFutureTask.run(ScheduledThreadPoolExecutor.java:305) ~[?:?]
	at java.util.concurrent.ThreadPoolExecutor.runWorker(ThreadPoolExecutor.java:1136) ~[?:?]
	at java.util.concurrent.ThreadPoolExecutor$Worker.run(ThreadPoolExecutor.java:635) ~[?:?]
	at java.lang.Thread.run(Thread.java:840) ~[?:?]
04/02/24 01:03:38.011 | INFO  | sale_service | 0 | AbstractEntityManagerFactoryBean.java: Closing JPA EntityManagerFactory for persistence unit 'default'
04/02/24 01:03:38.013 | INFO  | sale_service | 0 | HikariDataSource.java: HikariPool-1 - Shutdown initiated...
