04/02/24 00:50:32.070 | INFO  | sale_service | 0 | StartupInfoLogger.java: Starting CmsApplication using Java 17.0.9 with PID 3068 (D:\manager-system-cms-service\target\classes started by Admin in D:\manager-system-cms-service)
04/02/24 00:50:32.079 | INFO  | sale_service | 0 | SpringApplication.java: No active profile set, falling back to 1 default profile: "default"
04/02/24 00:50:32.951 | INFO  | sale_service | 0 | RepositoryConfigurationDelegate.java: Multiple Spring Data modules found, entering strict repository configuration mode
04/02/24 00:50:32.952 | INFO  | sale_service | 0 | RepositoryConfigurationDelegate.java: Bootstrapping Spring Data JPA repositories in DEFAULT mode.
04/02/24 00:50:33.184 | INFO  | sale_service | 0 | RepositoryConfigurationDelegate.java: Finished Spring Data repository scanning in 225 ms. Found 10 JPA repository interfaces.
04/02/24 00:50:33.197 | INFO  | sale_service | 0 | RepositoryConfigurationDelegate.java: Multiple Spring Data modules found, entering strict repository configuration mode
04/02/24 00:50:33.198 | INFO  | sale_service | 0 | RepositoryConfigurationDelegate.java: Bootstrapping Spring Data Redis repositories in DEFAULT mode.
04/02/24 00:50:33.211 | INFO  | sale_service | 0 | RepositoryConfigurationExtensionSupport.java: Spring Data Redis - Could not safely identify store assignment for repository candidate interface com.managersystem.admin.server.repositories.AccountRepository; If you want this repository to be a Redis repository, consider annotating your entities with one of these annotations: org.springframework.data.redis.core.RedisHash (preferred), or consider extending one of the following types with your repository: org.springframework.data.keyvalue.repository.KeyValueRepository
04/02/24 00:50:33.212 | INFO  | sale_service | 0 | RepositoryConfigurationExtensionSupport.java: Spring Data Redis - Could not safely identify store assignment for repository candidate interface com.managersystem.admin.server.repositories.ApplicationRepository; If you want this repository to be a Redis repository, consider annotating your entities with one of these annotations: org.springframework.data.redis.core.RedisHash (preferred), or consider extending one of the following types with your repository: org.springframework.data.keyvalue.repository.KeyValueRepository
04/02/24 00:50:33.212 | INFO  | sale_service | 0 | RepositoryConfigurationExtensionSupport.java: Spring Data Redis - Could not safely identify store assignment for repository candidate interface com.managersystem.admin.server.repositories.RewardItemHistoryRepository; If you want this repository to be a Redis repository, consider annotating your entities with one of these annotations: org.springframework.data.redis.core.RedisHash (preferred), or consider extending one of the following types with your repository: org.springframework.data.keyvalue.repository.KeyValueRepository
04/02/24 00:50:33.212 | INFO  | sale_service | 0 | RepositoryConfigurationExtensionSupport.java: Spring Data Redis - Could not safely identify store assignment for repository candidate interface com.managersystem.admin.server.repositories.RewardItemRepository; If you want this repository to be a Redis repository, consider annotating your entities with one of these annotations: org.springframework.data.redis.core.RedisHash (preferred), or consider extending one of the following types with your repository: org.springframework.data.keyvalue.repository.KeyValueRepository
04/02/24 00:50:33.213 | INFO  | sale_service | 0 | RepositoryConfigurationExtensionSupport.java: Spring Data Redis - Could not safely identify store assignment for repository candidate interface com.managersystem.admin.server.repositories.RewardScheduleRepository; If you want this repository to be a Redis repository, consider annotating your entities with one of these annotations: org.springframework.data.redis.core.RedisHash (preferred), or consider extending one of the following types with your repository: org.springframework.data.keyvalue.repository.KeyValueRepository
04/02/24 00:50:33.213 | INFO  | sale_service | 0 | RepositoryConfigurationExtensionSupport.java: Spring Data Redis - Could not safely identify store assignment for repository candidate interface com.managersystem.admin.server.repositories.RewardSegmentDetailRepository; If you want this repository to be a Redis repository, consider annotating your entities with one of these annotations: org.springframework.data.redis.core.RedisHash (preferred), or consider extending one of the following types with your repository: org.springframework.data.keyvalue.repository.KeyValueRepository
04/02/24 00:50:33.213 | INFO  | sale_service | 0 | RepositoryConfigurationExtensionSupport.java: Spring Data Redis - Could not safely identify store assignment for repository candidate interface com.managersystem.admin.server.repositories.RewardSegmentRepository; If you want this repository to be a Redis repository, consider annotating your entities with one of these annotations: org.springframework.data.redis.core.RedisHash (preferred), or consider extending one of the following types with your repository: org.springframework.data.keyvalue.repository.KeyValueRepository
04/02/24 00:50:33.213 | INFO  | sale_service | 0 | RepositoryConfigurationExtensionSupport.java: Spring Data Redis - Could not safely identify store assignment for repository candidate interface com.managersystem.admin.server.repositories.RewardStateLogRepository; If you want this repository to be a Redis repository, consider annotating your entities with one of these annotations: org.springframework.data.redis.core.RedisHash (preferred), or consider extending one of the following types with your repository: org.springframework.data.keyvalue.repository.KeyValueRepository
04/02/24 00:50:33.214 | INFO  | sale_service | 0 | RepositoryConfigurationExtensionSupport.java: Spring Data Redis - Could not safely identify store assignment for repository candidate interface com.managersystem.admin.server.repositories.RewardStateRepository; If you want this repository to be a Redis repository, consider annotating your entities with one of these annotations: org.springframework.data.redis.core.RedisHash (preferred), or consider extending one of the following types with your repository: org.springframework.data.keyvalue.repository.KeyValueRepository
04/02/24 00:50:33.214 | INFO  | sale_service | 0 | RepositoryConfigurationExtensionSupport.java: Spring Data Redis - Could not safely identify store assignment for repository candidate interface com.managersystem.admin.server.repositories.UserRepository; If you want this repository to be a Redis repository, consider annotating your entities with one of these annotations: org.springframework.data.redis.core.RedisHash (preferred), or consider extending one of the following types with your repository: org.springframework.data.keyvalue.repository.KeyValueRepository
04/02/24 00:50:33.214 | INFO  | sale_service | 0 | RepositoryConfigurationDelegate.java: Finished Spring Data repository scanning in 10 ms. Found 0 Redis repository interfaces.
04/02/24 00:50:33.711 | INFO  | sale_service | 0 | TomcatWebServer.java: Tomcat initialized with port(s): 8080 (http)
04/02/24 00:50:33.717 | INFO  | sale_service | 0 | DirectJDKLog.java: Initializing ProtocolHandler ["http-nio-8080"]
04/02/24 00:50:33.719 | INFO  | sale_service | 0 | DirectJDKLog.java: Starting service [Tomcat]
04/02/24 00:50:33.719 | INFO  | sale_service | 0 | DirectJDKLog.java: Starting Servlet engine: [Apache Tomcat/10.1.13]
04/02/24 00:50:33.798 | INFO  | sale_service | 0 | DirectJDKLog.java: Initializing Spring embedded WebApplicationContext
04/02/24 00:50:33.798 | INFO  | sale_service | 0 | ServletWebServerApplicationContext.java: Root WebApplicationContext: initialization completed in 1678 ms
04/02/24 00:50:33.938 | DEBUG | sale_service | 0 | GenericFilterBean.java: Filter 'serverHttpObservationFilter' configured for use
04/02/24 00:50:34.054 | INFO  | sale_service | 0 | LogHelper.java: HHH000204: Processing PersistenceUnitInfo [name: default]
04/02/24 00:50:34.092 | INFO  | sale_service | 0 | Version.java: HHH000412: Hibernate ORM core version 6.1.7.Final
04/02/24 00:50:34.321 | INFO  | sale_service | 0 | HikariDataSource.java: HikariPool-1 - Starting...
04/02/24 00:50:34.683 | INFO  | sale_service | 0 | HikariPool.java: HikariPool-1 - Added connection com.mysql.cj.jdbc.ConnectionImpl@282aea3c
04/02/24 00:50:34.685 | INFO  | sale_service | 0 | HikariDataSource.java: HikariPool-1 - Start completed.
04/02/24 00:50:34.756 | INFO  | sale_service | 0 | DialectFactoryImpl.java: HHH000400: Using dialect: org.hibernate.dialect.MySQLDialect
04/02/24 00:50:35.006 | INFO  | sale_service | 0 | TypeSafeActivator.java: Error calling `jakarta.validation.Validation#buildDefaultValidatorFactory`
jakarta.validation.NoProviderFoundException: Unable to create a Configuration, because no Jakarta Bean Validation provider could be found. Add a provider like Hibernate Validator (RI) to your classpath.
	at jakarta.validation.Validation$GenericBootstrapImpl.configure(Validation.java:291) ~[jakarta.validation-api-3.0.2.jar:?]
	at jakarta.validation.Validation.buildDefaultValidatorFactory(Validation.java:103) ~[jakarta.validation-api-3.0.2.jar:?]
	at org.hibernate.cfg.beanvalidation.TypeSafeActivator.getValidatorFactory(TypeSafeActivator.java:479) ~[hibernate-core-6.1.7.Final.jar:6.1.7.Final]
	at org.hibernate.cfg.beanvalidation.TypeSafeActivator.activate(TypeSafeActivator.java:82) ~[hibernate-core-6.1.7.Final.jar:6.1.7.Final]
	at jdk.internal.reflect.NativeMethodAccessorImpl.invoke0(Native Method) ~[?:?]
	at jdk.internal.reflect.NativeMethodAccessorImpl.invoke(NativeMethodAccessorImpl.java:77) ~[?:?]
	at jdk.internal.reflect.DelegatingMethodAccessorImpl.invoke(DelegatingMethodAccessorImpl.java:43) ~[?:?]
	at java.lang.reflect.Method.invoke(Method.java:568) ~[?:?]
	at org.hibernate.cfg.beanvalidation.BeanValidationIntegrator.integrate(BeanValidationIntegrator.java:137) ~[hibernate-core-6.1.7.Final.jar:6.1.7.Final]
	at org.hibernate.internal.SessionFactoryImpl.<init>(SessionFactoryImpl.java:287) ~[hibernate-core-6.1.7.Final.jar:6.1.7.Final]
	at org.hibernate.boot.internal.SessionFactoryBuilderImpl.build(SessionFactoryBuilderImpl.java:415) ~[hibernate-core-6.1.7.Final.jar:6.1.7.Final]
	at org.hibernate.jpa.boot.internal.EntityManagerFactoryBuilderImpl.build(EntityManagerFactoryBuilderImpl.java:1423) ~[hibernate-core-6.1.7.Final.jar:6.1.7.Final]
	at org.springframework.orm.jpa.vendor.SpringHibernateJpaPersistenceProvider.createContainerEntityManagerFactory(SpringHibernateJpaPersistenceProvider.java:75) ~[spring-orm-6.0.12.jar:6.0.12]
	at org.springframework.orm.jpa.LocalContainerEntityManagerFactoryBean.createNativeEntityManagerFactory(LocalContainerEntityManagerFactoryBean.java:376) ~[spring-orm-6.0.12.jar:6.0.12]
	at org.springframework.orm.jpa.AbstractEntityManagerFactoryBean.buildNativeEntityManagerFactory(AbstractEntityManagerFactoryBean.java:409) ~[spring-orm-6.0.12.jar:6.0.12]
	at org.springframework.orm.jpa.AbstractEntityManagerFactoryBean.afterPropertiesSet(AbstractEntityManagerFactoryBean.java:396) ~[spring-orm-6.0.12.jar:6.0.12]
	at org.springframework.orm.jpa.LocalContainerEntityManagerFactoryBean.afterPropertiesSet(LocalContainerEntityManagerFactoryBean.java:352) ~[spring-orm-6.0.12.jar:6.0.12]
	at org.springframework.beans.factory.support.AbstractAutowireCapableBeanFactory.invokeInitMethods(AbstractAutowireCapableBeanFactory.java:1817) ~[spring-beans-6.0.12.jar:6.0.12]
	at org.springframework.beans.factory.support.AbstractAutowireCapableBeanFactory.initializeBean(AbstractAutowireCapableBeanFactory.java:1766) ~[spring-beans-6.0.12.jar:6.0.12]
	at org.springframework.beans.factory.support.AbstractAutowireCapableBeanFactory.doCreateBean(AbstractAutowireCapableBeanFactory.java:598) ~[spring-beans-6.0.12.jar:6.0.12]
	at org.springframework.beans.factory.support.AbstractAutowireCapableBeanFactory.createBean(AbstractAutowireCapableBeanFactory.java:520) ~[spring-beans-6.0.12.jar:6.0.12]
	at org.springframework.beans.factory.support.AbstractBeanFactory.lambda$doGetBean$0(AbstractBeanFactory.java:325) ~[spring-beans-6.0.12.jar:6.0.12]
	at org.springframework.beans.factory.support.DefaultSingletonBeanRegistry.getSingleton(DefaultSingletonBeanRegistry.java:234) ~[spring-beans-6.0.12.jar:6.0.12]
	at org.springframework.beans.factory.support.AbstractBeanFactory.doGetBean(AbstractBeanFactory.java:323) ~[spring-beans-6.0.12.jar:6.0.12]
	at org.springframework.beans.factory.support.AbstractBeanFactory.getBean(AbstractBeanFactory.java:199) ~[spring-beans-6.0.12.jar:6.0.12]
	at org.springframework.context.support.AbstractApplicationContext.getBean(AbstractApplicationContext.java:1158) ~[spring-context-6.0.12.jar:6.0.12]
	at org.springframework.context.support.AbstractApplicationContext.finishBeanFactoryInitialization(AbstractApplicationContext.java:932) ~[spring-context-6.0.12.jar:6.0.12]
	at org.springframework.context.support.AbstractApplicationContext.refresh(AbstractApplicationContext.java:608) ~[spring-context-6.0.12.jar:6.0.12]
	at org.springframework.boot.web.servlet.context.ServletWebServerApplicationContext.refresh(ServletWebServerApplicationContext.java:146) ~[spring-boot-3.0.11.jar:3.0.11]
	at org.springframework.boot.SpringApplication.refresh(SpringApplication.java:732) ~[spring-boot-3.0.11.jar:3.0.11]
	at org.springframework.boot.SpringApplication.refreshContext(SpringApplication.java:434) ~[spring-boot-3.0.11.jar:3.0.11]
	at org.springframework.boot.SpringApplication.run(SpringApplication.java:310) ~[spring-boot-3.0.11.jar:3.0.11]
	at org.springframework.boot.SpringApplication.run(SpringApplication.java:1304) ~[spring-boot-3.0.11.jar:3.0.11]
	at org.springframework.boot.SpringApplication.run(SpringApplication.java:1293) ~[spring-boot-3.0.11.jar:3.0.11]
	at com.managersystem.admin.CmsApplication.main(CmsApplication.java:14) ~[classes/:?]
04/02/24 00:50:35.513 | INFO  | sale_service | 0 | JtaPlatformInitiator.java: HHH000490: Using JtaPlatform implementation: [org.hibernate.engine.transaction.jta.platform.internal.NoJtaPlatform]
04/02/24 00:50:35.521 | INFO  | sale_service | 0 | AbstractEntityManagerFactoryBean.java: Initialized JPA EntityManagerFactory for persistence unit 'default'
04/02/24 00:50:35.708 | INFO  | sale_service | 0 | Version.java: Redisson 3.24.3
04/02/24 00:50:36.024 | INFO  | sale_service | 0 | ConnectionPool.java: 1 connections initialized for tcp.appengine.bfcplatform.vn/103.69.194.5:13437
04/02/24 00:50:36.721 | INFO  | sale_service | 0 | ConnectionPool.java: 24 connections initialized for tcp.appengine.bfcplatform.vn/103.69.194.5:13437
04/02/24 00:50:36.924 | INFO  | sale_service | 0 | StatisticalLoggingSessionEventListener.java: Session Metrics {
    0 nanoseconds spent acquiring 0 JDBC connections;
    0 nanoseconds spent releasing 0 JDBC connections;
    0 nanoseconds spent preparing 0 JDBC statements;
    0 nanoseconds spent executing 0 JDBC statements;
    0 nanoseconds spent executing 0 JDBC batches;
    0 nanoseconds spent performing 0 L2C puts;
    0 nanoseconds spent performing 0 L2C hits;
    0 nanoseconds spent performing 0 L2C misses;
    0 nanoseconds spent executing 0 flushes (flushing a total of 0 entities and 0 collections);
    0 nanoseconds spent executing 0 partial-flushes (flushing a total of 0 entities and 0 collections)
}
04/02/24 00:50:36.925 | INFO  | sale_service | 0 | StatisticalLoggingSessionEventListener.java: Session Metrics {
    0 nanoseconds spent acquiring 0 JDBC connections;
    0 nanoseconds spent releasing 0 JDBC connections;
    0 nanoseconds spent preparing 0 JDBC statements;
    0 nanoseconds spent executing 0 JDBC statements;
    0 nanoseconds spent executing 0 JDBC batches;
    0 nanoseconds spent performing 0 L2C puts;
    0 nanoseconds spent performing 0 L2C hits;
    0 nanoseconds spent performing 0 L2C misses;
    0 nanoseconds spent executing 0 flushes (flushing a total of 0 entities and 0 collections);
    0 nanoseconds spent executing 0 partial-flushes (flushing a total of 0 entities and 0 collections)
}
04/02/24 00:50:36.970 | INFO  | sale_service | 0 | StatisticalLoggingSessionEventListener.java: Session Metrics {
    0 nanoseconds spent acquiring 0 JDBC connections;
    0 nanoseconds spent releasing 0 JDBC connections;
    0 nanoseconds spent preparing 0 JDBC statements;
    0 nanoseconds spent executing 0 JDBC statements;
    0 nanoseconds spent executing 0 JDBC batches;
    0 nanoseconds spent performing 0 L2C puts;
    0 nanoseconds spent performing 0 L2C hits;
    0 nanoseconds spent performing 0 L2C misses;
    0 nanoseconds spent executing 0 flushes (flushing a total of 0 entities and 0 collections);
    0 nanoseconds spent executing 0 partial-flushes (flushing a total of 0 entities and 0 collections)
}
04/02/24 00:50:37.021 | INFO  | sale_service | 0 | StatisticalLoggingSessionEventListener.java: Session Metrics {
    0 nanoseconds spent acquiring 0 JDBC connections;
    0 nanoseconds spent releasing 0 JDBC connections;
    0 nanoseconds spent preparing 0 JDBC statements;
    0 nanoseconds spent executing 0 JDBC statements;
    0 nanoseconds spent executing 0 JDBC batches;
    0 nanoseconds spent performing 0 L2C puts;
    0 nanoseconds spent performing 0 L2C hits;
    0 nanoseconds spent performing 0 L2C misses;
    0 nanoseconds spent executing 0 flushes (flushing a total of 0 entities and 0 collections);
    0 nanoseconds spent executing 0 partial-flushes (flushing a total of 0 entities and 0 collections)
}
04/02/24 00:50:37.024 | INFO  | sale_service | 0 | StatisticalLoggingSessionEventListener.java: Session Metrics {
    0 nanoseconds spent acquiring 0 JDBC connections;
    0 nanoseconds spent releasing 0 JDBC connections;
    0 nanoseconds spent preparing 0 JDBC statements;
    0 nanoseconds spent executing 0 JDBC statements;
    0 nanoseconds spent executing 0 JDBC batches;
    0 nanoseconds spent performing 0 L2C puts;
    0 nanoseconds spent performing 0 L2C hits;
    0 nanoseconds spent performing 0 L2C misses;
    0 nanoseconds spent executing 0 flushes (flushing a total of 0 entities and 0 collections);
    0 nanoseconds spent executing 0 partial-flushes (flushing a total of 0 entities and 0 collections)
}
04/02/24 00:50:37.061 | INFO  | sale_service | 0 | StatisticalLoggingSessionEventListener.java: Session Metrics {
    0 nanoseconds spent acquiring 0 JDBC connections;
    0 nanoseconds spent releasing 0 JDBC connections;
    0 nanoseconds spent preparing 0 JDBC statements;
    0 nanoseconds spent executing 0 JDBC statements;
    0 nanoseconds spent executing 0 JDBC batches;
    0 nanoseconds spent performing 0 L2C puts;
    0 nanoseconds spent performing 0 L2C hits;
    0 nanoseconds spent performing 0 L2C misses;
    0 nanoseconds spent executing 0 flushes (flushing a total of 0 entities and 0 collections);
    0 nanoseconds spent executing 0 partial-flushes (flushing a total of 0 entities and 0 collections)
}
04/02/24 00:50:37.061 | INFO  | sale_service | 0 | StatisticalLoggingSessionEventListener.java: Session Metrics {
    0 nanoseconds spent acquiring 0 JDBC connections;
    0 nanoseconds spent releasing 0 JDBC connections;
    0 nanoseconds spent preparing 0 JDBC statements;
    0 nanoseconds spent executing 0 JDBC statements;
    0 nanoseconds spent executing 0 JDBC batches;
    0 nanoseconds spent performing 0 L2C puts;
    0 nanoseconds spent performing 0 L2C hits;
    0 nanoseconds spent performing 0 L2C misses;
    0 nanoseconds spent executing 0 flushes (flushing a total of 0 entities and 0 collections);
    0 nanoseconds spent executing 0 partial-flushes (flushing a total of 0 entities and 0 collections)
}
04/02/24 00:50:37.075 | INFO  | sale_service | 0 | StatisticalLoggingSessionEventListener.java: Session Metrics {
    0 nanoseconds spent acquiring 0 JDBC connections;
    0 nanoseconds spent releasing 0 JDBC connections;
    0 nanoseconds spent preparing 0 JDBC statements;
    0 nanoseconds spent executing 0 JDBC statements;
    0 nanoseconds spent executing 0 JDBC batches;
    0 nanoseconds spent performing 0 L2C puts;
    0 nanoseconds spent performing 0 L2C hits;
    0 nanoseconds spent performing 0 L2C misses;
    0 nanoseconds spent executing 0 flushes (flushing a total of 0 entities and 0 collections);
    0 nanoseconds spent executing 0 partial-flushes (flushing a total of 0 entities and 0 collections)
}
04/02/24 00:50:37.082 | INFO  | sale_service | 0 | StatisticalLoggingSessionEventListener.java: Session Metrics {
    0 nanoseconds spent acquiring 0 JDBC connections;
    0 nanoseconds spent releasing 0 JDBC connections;
    0 nanoseconds spent preparing 0 JDBC statements;
    0 nanoseconds spent executing 0 JDBC statements;
    0 nanoseconds spent executing 0 JDBC batches;
    0 nanoseconds spent performing 0 L2C puts;
    0 nanoseconds spent performing 0 L2C hits;
    0 nanoseconds spent performing 0 L2C misses;
    0 nanoseconds spent executing 0 flushes (flushing a total of 0 entities and 0 collections);
    0 nanoseconds spent executing 0 partial-flushes (flushing a total of 0 entities and 0 collections)
}
04/02/24 00:50:37.102 | INFO  | sale_service | 0 | StatisticalLoggingSessionEventListener.java: Session Metrics {
    0 nanoseconds spent acquiring 0 JDBC connections;
    0 nanoseconds spent releasing 0 JDBC connections;
    0 nanoseconds spent preparing 0 JDBC statements;
    0 nanoseconds spent executing 0 JDBC statements;
    0 nanoseconds spent executing 0 JDBC batches;
    0 nanoseconds spent performing 0 L2C puts;
    0 nanoseconds spent performing 0 L2C hits;
    0 nanoseconds spent performing 0 L2C misses;
    0 nanoseconds spent executing 0 flushes (flushing a total of 0 entities and 0 collections);
    0 nanoseconds spent executing 0 partial-flushes (flushing a total of 0 entities and 0 collections)
}
04/02/24 00:50:37.107 | INFO  | sale_service | 0 | StatisticalLoggingSessionEventListener.java: Session Metrics {
    0 nanoseconds spent acquiring 0 JDBC connections;
    0 nanoseconds spent releasing 0 JDBC connections;
    0 nanoseconds spent preparing 0 JDBC statements;
    0 nanoseconds spent executing 0 JDBC statements;
    0 nanoseconds spent executing 0 JDBC batches;
    0 nanoseconds spent performing 0 L2C puts;
    0 nanoseconds spent performing 0 L2C hits;
    0 nanoseconds spent performing 0 L2C misses;
    0 nanoseconds spent executing 0 flushes (flushing a total of 0 entities and 0 collections);
    0 nanoseconds spent executing 0 partial-flushes (flushing a total of 0 entities and 0 collections)
}
04/02/24 00:50:37.119 | INFO  | sale_service | 0 | StatisticalLoggingSessionEventListener.java: Session Metrics {
    0 nanoseconds spent acquiring 0 JDBC connections;
    0 nanoseconds spent releasing 0 JDBC connections;
    0 nanoseconds spent preparing 0 JDBC statements;
    0 nanoseconds spent executing 0 JDBC statements;
    0 nanoseconds spent executing 0 JDBC batches;
    0 nanoseconds spent performing 0 L2C puts;
    0 nanoseconds spent performing 0 L2C hits;
    0 nanoseconds spent performing 0 L2C misses;
    0 nanoseconds spent executing 0 flushes (flushing a total of 0 entities and 0 collections);
    0 nanoseconds spent executing 0 partial-flushes (flushing a total of 0 entities and 0 collections)
}
04/02/24 00:50:37.120 | INFO  | sale_service | 0 | StatisticalLoggingSessionEventListener.java: Session Metrics {
    0 nanoseconds spent acquiring 0 JDBC connections;
    0 nanoseconds spent releasing 0 JDBC connections;
    0 nanoseconds spent preparing 0 JDBC statements;
    0 nanoseconds spent executing 0 JDBC statements;
    0 nanoseconds spent executing 0 JDBC batches;
    0 nanoseconds spent performing 0 L2C puts;
    0 nanoseconds spent performing 0 L2C hits;
    0 nanoseconds spent performing 0 L2C misses;
    0 nanoseconds spent executing 0 flushes (flushing a total of 0 entities and 0 collections);
    0 nanoseconds spent executing 0 partial-flushes (flushing a total of 0 entities and 0 collections)
}
04/02/24 00:50:37.127 | INFO  | sale_service | 0 | StatisticalLoggingSessionEventListener.java: Session Metrics {
    0 nanoseconds spent acquiring 0 JDBC connections;
    0 nanoseconds spent releasing 0 JDBC connections;
    0 nanoseconds spent preparing 0 JDBC statements;
    0 nanoseconds spent executing 0 JDBC statements;
    0 nanoseconds spent executing 0 JDBC batches;
    0 nanoseconds spent performing 0 L2C puts;
    0 nanoseconds spent performing 0 L2C hits;
    0 nanoseconds spent performing 0 L2C misses;
    0 nanoseconds spent executing 0 flushes (flushing a total of 0 entities and 0 collections);
    0 nanoseconds spent executing 0 partial-flushes (flushing a total of 0 entities and 0 collections)
}
04/02/24 00:50:37.128 | INFO  | sale_service | 0 | StatisticalLoggingSessionEventListener.java: Session Metrics {
    0 nanoseconds spent acquiring 0 JDBC connections;
    0 nanoseconds spent releasing 0 JDBC connections;
    0 nanoseconds spent preparing 0 JDBC statements;
    0 nanoseconds spent executing 0 JDBC statements;
    0 nanoseconds spent executing 0 JDBC batches;
    0 nanoseconds spent performing 0 L2C puts;
    0 nanoseconds spent performing 0 L2C hits;
    0 nanoseconds spent performing 0 L2C misses;
    0 nanoseconds spent executing 0 flushes (flushing a total of 0 entities and 0 collections);
    0 nanoseconds spent executing 0 partial-flushes (flushing a total of 0 entities and 0 collections)
}
04/02/24 00:50:37.289 | INFO  | sale_service | 0 | StatisticalLoggingSessionEventListener.java: Session Metrics {
    0 nanoseconds spent acquiring 0 JDBC connections;
    0 nanoseconds spent releasing 0 JDBC connections;
    0 nanoseconds spent preparing 0 JDBC statements;
    0 nanoseconds spent executing 0 JDBC statements;
    0 nanoseconds spent executing 0 JDBC batches;
    0 nanoseconds spent performing 0 L2C puts;
    0 nanoseconds spent performing 0 L2C hits;
    0 nanoseconds spent performing 0 L2C misses;
    0 nanoseconds spent executing 0 flushes (flushing a total of 0 entities and 0 collections);
    0 nanoseconds spent executing 0 partial-flushes (flushing a total of 0 entities and 0 collections)
}
04/02/24 00:50:37.299 | INFO  | sale_service | 0 | StatisticalLoggingSessionEventListener.java: Session Metrics {
    0 nanoseconds spent acquiring 0 JDBC connections;
    0 nanoseconds spent releasing 0 JDBC connections;
    0 nanoseconds spent preparing 0 JDBC statements;
    0 nanoseconds spent executing 0 JDBC statements;
    0 nanoseconds spent executing 0 JDBC batches;
    0 nanoseconds spent performing 0 L2C puts;
    0 nanoseconds spent performing 0 L2C hits;
    0 nanoseconds spent performing 0 L2C misses;
    0 nanoseconds spent executing 0 flushes (flushing a total of 0 entities and 0 collections);
    0 nanoseconds spent executing 0 partial-flushes (flushing a total of 0 entities and 0 collections)
}
04/02/24 00:50:37.309 | INFO  | sale_service | 0 | StatisticalLoggingSessionEventListener.java: Session Metrics {
    0 nanoseconds spent acquiring 0 JDBC connections;
    0 nanoseconds spent releasing 0 JDBC connections;
    0 nanoseconds spent preparing 0 JDBC statements;
    0 nanoseconds spent executing 0 JDBC statements;
    0 nanoseconds spent executing 0 JDBC batches;
    0 nanoseconds spent performing 0 L2C puts;
    0 nanoseconds spent performing 0 L2C hits;
    0 nanoseconds spent performing 0 L2C misses;
    0 nanoseconds spent executing 0 flushes (flushing a total of 0 entities and 0 collections);
    0 nanoseconds spent executing 0 partial-flushes (flushing a total of 0 entities and 0 collections)
}
04/02/24 00:50:37.313 | INFO  | sale_service | 0 | StatisticalLoggingSessionEventListener.java: Session Metrics {
    0 nanoseconds spent acquiring 0 JDBC connections;
    0 nanoseconds spent releasing 0 JDBC connections;
    0 nanoseconds spent preparing 0 JDBC statements;
    0 nanoseconds spent executing 0 JDBC statements;
    0 nanoseconds spent executing 0 JDBC batches;
    0 nanoseconds spent performing 0 L2C puts;
    0 nanoseconds spent performing 0 L2C hits;
    0 nanoseconds spent performing 0 L2C misses;
    0 nanoseconds spent executing 0 flushes (flushing a total of 0 entities and 0 collections);
    0 nanoseconds spent executing 0 partial-flushes (flushing a total of 0 entities and 0 collections)
}
04/02/24 00:50:37.332 | INFO  | sale_service | 0 | StatisticalLoggingSessionEventListener.java: Session Metrics {
    0 nanoseconds spent acquiring 0 JDBC connections;
    0 nanoseconds spent releasing 0 JDBC connections;
    0 nanoseconds spent preparing 0 JDBC statements;
    0 nanoseconds spent executing 0 JDBC statements;
    0 nanoseconds spent executing 0 JDBC batches;
    0 nanoseconds spent performing 0 L2C puts;
    0 nanoseconds spent performing 0 L2C hits;
    0 nanoseconds spent performing 0 L2C misses;
    0 nanoseconds spent executing 0 flushes (flushing a total of 0 entities and 0 collections);
    0 nanoseconds spent executing 0 partial-flushes (flushing a total of 0 entities and 0 collections)
}
04/02/24 00:50:37.338 | INFO  | sale_service | 0 | StatisticalLoggingSessionEventListener.java: Session Metrics {
    0 nanoseconds spent acquiring 0 JDBC connections;
    0 nanoseconds spent releasing 0 JDBC connections;
    0 nanoseconds spent preparing 0 JDBC statements;
    0 nanoseconds spent executing 0 JDBC statements;
    0 nanoseconds spent executing 0 JDBC batches;
    0 nanoseconds spent performing 0 L2C puts;
    0 nanoseconds spent performing 0 L2C hits;
    0 nanoseconds spent performing 0 L2C misses;
    0 nanoseconds spent executing 0 flushes (flushing a total of 0 entities and 0 collections);
    0 nanoseconds spent executing 0 partial-flushes (flushing a total of 0 entities and 0 collections)
}
04/02/24 00:50:37.359 | INFO  | sale_service | 0 | StatisticalLoggingSessionEventListener.java: Session Metrics {
    0 nanoseconds spent acquiring 0 JDBC connections;
    0 nanoseconds spent releasing 0 JDBC connections;
    0 nanoseconds spent preparing 0 JDBC statements;
    0 nanoseconds spent executing 0 JDBC statements;
    0 nanoseconds spent executing 0 JDBC batches;
    0 nanoseconds spent performing 0 L2C puts;
    0 nanoseconds spent performing 0 L2C hits;
    0 nanoseconds spent performing 0 L2C misses;
    0 nanoseconds spent executing 0 flushes (flushing a total of 0 entities and 0 collections);
    0 nanoseconds spent executing 0 partial-flushes (flushing a total of 0 entities and 0 collections)
}
04/02/24 00:50:37.363 | INFO  | sale_service | 0 | StatisticalLoggingSessionEventListener.java: Session Metrics {
    0 nanoseconds spent acquiring 0 JDBC connections;
    0 nanoseconds spent releasing 0 JDBC connections;
    0 nanoseconds spent preparing 0 JDBC statements;
    0 nanoseconds spent executing 0 JDBC statements;
    0 nanoseconds spent executing 0 JDBC batches;
    0 nanoseconds spent performing 0 L2C puts;
    0 nanoseconds spent performing 0 L2C hits;
    0 nanoseconds spent performing 0 L2C misses;
    0 nanoseconds spent executing 0 flushes (flushing a total of 0 entities and 0 collections);
    0 nanoseconds spent executing 0 partial-flushes (flushing a total of 0 entities and 0 collections)
}
04/02/24 00:50:37.373 | INFO  | sale_service | 0 | StatisticalLoggingSessionEventListener.java: Session Metrics {
    0 nanoseconds spent acquiring 0 JDBC connections;
    0 nanoseconds spent releasing 0 JDBC connections;
    0 nanoseconds spent preparing 0 JDBC statements;
    0 nanoseconds spent executing 0 JDBC statements;
    0 nanoseconds spent executing 0 JDBC batches;
    0 nanoseconds spent performing 0 L2C puts;
    0 nanoseconds spent performing 0 L2C hits;
    0 nanoseconds spent performing 0 L2C misses;
    0 nanoseconds spent executing 0 flushes (flushing a total of 0 entities and 0 collections);
    0 nanoseconds spent executing 0 partial-flushes (flushing a total of 0 entities and 0 collections)
}
04/02/24 00:50:37.373 | INFO  | sale_service | 0 | StatisticalLoggingSessionEventListener.java: Session Metrics {
    0 nanoseconds spent acquiring 0 JDBC connections;
    0 nanoseconds spent releasing 0 JDBC connections;
    0 nanoseconds spent preparing 0 JDBC statements;
    0 nanoseconds spent executing 0 JDBC statements;
    0 nanoseconds spent executing 0 JDBC batches;
    0 nanoseconds spent performing 0 L2C puts;
    0 nanoseconds spent performing 0 L2C hits;
    0 nanoseconds spent performing 0 L2C misses;
    0 nanoseconds spent executing 0 flushes (flushing a total of 0 entities and 0 collections);
    0 nanoseconds spent executing 0 partial-flushes (flushing a total of 0 entities and 0 collections)
}
04/02/24 00:50:37.387 | INFO  | sale_service | 0 | StatisticalLoggingSessionEventListener.java: Session Metrics {
    0 nanoseconds spent acquiring 0 JDBC connections;
    0 nanoseconds spent releasing 0 JDBC connections;
    0 nanoseconds spent preparing 0 JDBC statements;
    0 nanoseconds spent executing 0 JDBC statements;
    0 nanoseconds spent executing 0 JDBC batches;
    0 nanoseconds spent performing 0 L2C puts;
    0 nanoseconds spent performing 0 L2C hits;
    0 nanoseconds spent performing 0 L2C misses;
    0 nanoseconds spent executing 0 flushes (flushing a total of 0 entities and 0 collections);
    0 nanoseconds spent executing 0 partial-flushes (flushing a total of 0 entities and 0 collections)
}
04/02/24 00:50:37.389 | INFO  | sale_service | 0 | StatisticalLoggingSessionEventListener.java: Session Metrics {
    0 nanoseconds spent acquiring 0 JDBC connections;
    0 nanoseconds spent releasing 0 JDBC connections;
    0 nanoseconds spent preparing 0 JDBC statements;
    0 nanoseconds spent executing 0 JDBC statements;
    0 nanoseconds spent executing 0 JDBC batches;
    0 nanoseconds spent performing 0 L2C puts;
    0 nanoseconds spent performing 0 L2C hits;
    0 nanoseconds spent performing 0 L2C misses;
    0 nanoseconds spent executing 0 flushes (flushing a total of 0 entities and 0 collections);
    0 nanoseconds spent executing 0 partial-flushes (flushing a total of 0 entities and 0 collections)
}
04/02/24 00:50:37.400 | INFO  | sale_service | 0 | StatisticalLoggingSessionEventListener.java: Session Metrics {
    0 nanoseconds spent acquiring 0 JDBC connections;
    0 nanoseconds spent releasing 0 JDBC connections;
    0 nanoseconds spent preparing 0 JDBC statements;
    0 nanoseconds spent executing 0 JDBC statements;
    0 nanoseconds spent executing 0 JDBC batches;
    0 nanoseconds spent performing 0 L2C puts;
    0 nanoseconds spent performing 0 L2C hits;
    0 nanoseconds spent performing 0 L2C misses;
    0 nanoseconds spent executing 0 flushes (flushing a total of 0 entities and 0 collections);
    0 nanoseconds spent executing 0 partial-flushes (flushing a total of 0 entities and 0 collections)
}
04/02/24 00:50:37.401 | INFO  | sale_service | 0 | StatisticalLoggingSessionEventListener.java: Session Metrics {
    0 nanoseconds spent acquiring 0 JDBC connections;
    0 nanoseconds spent releasing 0 JDBC connections;
    0 nanoseconds spent preparing 0 JDBC statements;
    0 nanoseconds spent executing 0 JDBC statements;
    0 nanoseconds spent executing 0 JDBC batches;
    0 nanoseconds spent performing 0 L2C puts;
    0 nanoseconds spent performing 0 L2C hits;
    0 nanoseconds spent performing 0 L2C misses;
    0 nanoseconds spent executing 0 flushes (flushing a total of 0 entities and 0 collections);
    0 nanoseconds spent executing 0 partial-flushes (flushing a total of 0 entities and 0 collections)
}
04/02/24 00:50:37.417 | INFO  | sale_service | 0 | StatisticalLoggingSessionEventListener.java: Session Metrics {
    0 nanoseconds spent acquiring 0 JDBC connections;
    0 nanoseconds spent releasing 0 JDBC connections;
    0 nanoseconds spent preparing 0 JDBC statements;
    0 nanoseconds spent executing 0 JDBC statements;
    0 nanoseconds spent executing 0 JDBC batches;
    0 nanoseconds spent performing 0 L2C puts;
    0 nanoseconds spent performing 0 L2C hits;
    0 nanoseconds spent performing 0 L2C misses;
    0 nanoseconds spent executing 0 flushes (flushing a total of 0 entities and 0 collections);
    0 nanoseconds spent executing 0 partial-flushes (flushing a total of 0 entities and 0 collections)
}
04/02/24 00:50:37.420 | INFO  | sale_service | 0 | StatisticalLoggingSessionEventListener.java: Session Metrics {
    0 nanoseconds spent acquiring 0 JDBC connections;
    0 nanoseconds spent releasing 0 JDBC connections;
    0 nanoseconds spent preparing 0 JDBC statements;
    0 nanoseconds spent executing 0 JDBC statements;
    0 nanoseconds spent executing 0 JDBC batches;
    0 nanoseconds spent performing 0 L2C puts;
    0 nanoseconds spent performing 0 L2C hits;
    0 nanoseconds spent performing 0 L2C misses;
    0 nanoseconds spent executing 0 flushes (flushing a total of 0 entities and 0 collections);
    0 nanoseconds spent executing 0 partial-flushes (flushing a total of 0 entities and 0 collections)
}
04/02/24 00:50:37.435 | INFO  | sale_service | 0 | StatisticalLoggingSessionEventListener.java: Session Metrics {
    0 nanoseconds spent acquiring 0 JDBC connections;
    0 nanoseconds spent releasing 0 JDBC connections;
    0 nanoseconds spent preparing 0 JDBC statements;
    0 nanoseconds spent executing 0 JDBC statements;
    0 nanoseconds spent executing 0 JDBC batches;
    0 nanoseconds spent performing 0 L2C puts;
    0 nanoseconds spent performing 0 L2C hits;
    0 nanoseconds spent performing 0 L2C misses;
    0 nanoseconds spent executing 0 flushes (flushing a total of 0 entities and 0 collections);
    0 nanoseconds spent executing 0 partial-flushes (flushing a total of 0 entities and 0 collections)
}
04/02/24 00:50:37.436 | INFO  | sale_service | 0 | StatisticalLoggingSessionEventListener.java: Session Metrics {
    0 nanoseconds spent acquiring 0 JDBC connections;
    0 nanoseconds spent releasing 0 JDBC connections;
    0 nanoseconds spent preparing 0 JDBC statements;
    0 nanoseconds spent executing 0 JDBC statements;
    0 nanoseconds spent executing 0 JDBC batches;
    0 nanoseconds spent performing 0 L2C puts;
    0 nanoseconds spent performing 0 L2C hits;
    0 nanoseconds spent performing 0 L2C misses;
    0 nanoseconds spent executing 0 flushes (flushing a total of 0 entities and 0 collections);
    0 nanoseconds spent executing 0 partial-flushes (flushing a total of 0 entities and 0 collections)
}
04/02/24 00:50:37.448 | INFO  | sale_service | 0 | StatisticalLoggingSessionEventListener.java: Session Metrics {
    0 nanoseconds spent acquiring 0 JDBC connections;
    0 nanoseconds spent releasing 0 JDBC connections;
    0 nanoseconds spent preparing 0 JDBC statements;
    0 nanoseconds spent executing 0 JDBC statements;
    0 nanoseconds spent executing 0 JDBC batches;
    0 nanoseconds spent performing 0 L2C puts;
    0 nanoseconds spent performing 0 L2C hits;
    0 nanoseconds spent performing 0 L2C misses;
    0 nanoseconds spent executing 0 flushes (flushing a total of 0 entities and 0 collections);
    0 nanoseconds spent executing 0 partial-flushes (flushing a total of 0 entities and 0 collections)
}
04/02/24 00:50:37.450 | INFO  | sale_service | 0 | StatisticalLoggingSessionEventListener.java: Session Metrics {
    0 nanoseconds spent acquiring 0 JDBC connections;
    0 nanoseconds spent releasing 0 JDBC connections;
    0 nanoseconds spent preparing 0 JDBC statements;
    0 nanoseconds spent executing 0 JDBC statements;
    0 nanoseconds spent executing 0 JDBC batches;
    0 nanoseconds spent performing 0 L2C puts;
    0 nanoseconds spent performing 0 L2C hits;
    0 nanoseconds spent performing 0 L2C misses;
    0 nanoseconds spent executing 0 flushes (flushing a total of 0 entities and 0 collections);
    0 nanoseconds spent executing 0 partial-flushes (flushing a total of 0 entities and 0 collections)
}
04/02/24 00:50:37.468 | INFO  | sale_service | 0 | StatisticalLoggingSessionEventListener.java: Session Metrics {
    0 nanoseconds spent acquiring 0 JDBC connections;
    0 nanoseconds spent releasing 0 JDBC connections;
    0 nanoseconds spent preparing 0 JDBC statements;
    0 nanoseconds spent executing 0 JDBC statements;
    0 nanoseconds spent executing 0 JDBC batches;
    0 nanoseconds spent performing 0 L2C puts;
    0 nanoseconds spent performing 0 L2C hits;
    0 nanoseconds spent performing 0 L2C misses;
    0 nanoseconds spent executing 0 flushes (flushing a total of 0 entities and 0 collections);
    0 nanoseconds spent executing 0 partial-flushes (flushing a total of 0 entities and 0 collections)
}
04/02/24 00:50:37.471 | INFO  | sale_service | 0 | StatisticalLoggingSessionEventListener.java: Session Metrics {
    0 nanoseconds spent acquiring 0 JDBC connections;
    0 nanoseconds spent releasing 0 JDBC connections;
    0 nanoseconds spent preparing 0 JDBC statements;
    0 nanoseconds spent executing 0 JDBC statements;
    0 nanoseconds spent executing 0 JDBC batches;
    0 nanoseconds spent performing 0 L2C puts;
    0 nanoseconds spent performing 0 L2C hits;
    0 nanoseconds spent performing 0 L2C misses;
    0 nanoseconds spent executing 0 flushes (flushing a total of 0 entities and 0 collections);
    0 nanoseconds spent executing 0 partial-flushes (flushing a total of 0 entities and 0 collections)
}
04/02/24 00:50:37.820 | DEBUG | sale_service | 0 | AbstractHandlerMethodMapping.java: 19 mappings in 'requestMappingHandlerMapping'
04/02/24 00:50:37.905 | DEBUG | sale_service | 0 | SimpleUrlHandlerMapping.java: Patterns [/webjars/**, /**, /v1/docs/swagger-ui*/*swagger-initializer.js, /v1/docs/swagger-ui*/**] in 'resourceHandlerMapping'
04/02/24 00:50:38.129 | INFO  | sale_service | 0 | EndpointLinksResolver.java: Exposing 1 endpoint(s) beneath base path '/actuator'
04/02/24 00:50:38.224 | INFO  | sale_service | 0 | DefaultSecurityFilterChain.java: Will secure any request with [org.springframework.security.web.session.DisableEncodeUrlFilter@278e5f8e, org.springframework.security.web.context.request.async.WebAsyncManagerIntegrationFilter@44a3b4d9, org.springframework.security.web.context.SecurityContextHolderFilter@6e9d60e1, org.springframework.security.web.header.HeaderWriterFilter@55c9e012, org.springframework.security.web.authentication.logout.LogoutFilter@32a53a59, com.managersystem.admin.server.security.JwtAuthFilter@7ecb9e17, org.springframework.security.web.savedrequest.RequestCacheAwareFilter@6b6d68d2, org.springframework.security.web.servletapi.SecurityContextHolderAwareRequestFilter@912fdbb, org.springframework.security.web.authentication.AnonymousAuthenticationFilter@16e3a461, org.springframework.security.web.session.SessionManagementFilter@321f97d9, org.springframework.security.web.access.ExceptionTranslationFilter@694c23e4, org.springframework.security.web.access.intercept.AuthorizationFilter@73021987]
04/02/24 00:50:38.302 | DEBUG | sale_service | 0 | RequestMappingHandlerAdapter.java: ControllerAdvice beans: 0 @ModelAttribute, 0 @InitBinder, 1 RequestBodyAdvice, 1 ResponseBodyAdvice
04/02/24 00:50:38.361 | DEBUG | sale_service | 0 | ExceptionHandlerExceptionResolver.java: ControllerAdvice beans: 2 @ExceptionHandler, 1 ResponseBodyAdvice
04/02/24 00:50:38.686 | INFO  | sale_service | 0 | DirectJDKLog.java: Starting ProtocolHandler ["http-nio-8080"]
04/02/24 00:50:38.695 | INFO  | sale_service | 0 | TomcatWebServer.java: Tomcat started on port(s): 8080 (http) with context path ''
04/02/24 00:50:38.711 | INFO  | sale_service | 0 | StartupInfoLogger.java: Started CmsApplication in 7.016 seconds (process running for 8.053)
04/02/24 00:50:38.913 | INFO  | sale_service | 0 | DirectJDKLog.java: Initializing Spring DispatcherServlet 'dispatcherServlet'
04/02/24 00:50:38.913 | INFO  | sale_service | 0 | FrameworkServlet.java: Initializing Servlet 'dispatcherServlet'
04/02/24 00:50:38.914 | DEBUG | sale_service | 0 | DispatcherServlet.java: Detected StandardServletMultipartResolver
04/02/24 00:50:38.914 | DEBUG | sale_service | 0 | DispatcherServlet.java: Detected AcceptHeaderLocaleResolver
04/02/24 00:50:38.914 | DEBUG | sale_service | 0 | DispatcherServlet.java: Detected FixedThemeResolver
04/02/24 00:50:38.914 | DEBUG | sale_service | 0 | DispatcherServlet.java: Detected org.springframework.web.servlet.view.DefaultRequestToViewNameTranslator@3f13ab39
04/02/24 00:50:38.915 | DEBUG | sale_service | 0 | DispatcherServlet.java: Detected org.springframework.web.servlet.support.SessionFlashMapManager@4fbdc20
04/02/24 00:50:38.915 | DEBUG | sale_service | 0 | FrameworkServlet.java: enableLoggingRequestDetails='false': request parameters and headers will be masked to prevent unsafe logging of potentially sensitive data
04/02/24 00:50:38.915 | INFO  | sale_service | 0 | FrameworkServlet.java: Completed initialization in 1 ms
04/02/24 00:50:42.815 | INFO  | sale_service | 0 | StatisticalLoggingSessionEventListener.java: Session Metrics {
    16054000 nanoseconds spent acquiring 1 JDBC connections;
    0 nanoseconds spent releasing 0 JDBC connections;
    113402398 nanoseconds spent preparing 24 JDBC statements;
    644726301 nanoseconds spent executing 22 JDBC statements;
    68309100 nanoseconds spent executing 2 JDBC batches;
    0 nanoseconds spent performing 0 L2C puts;
    0 nanoseconds spent performing 0 L2C hits;
    0 nanoseconds spent performing 0 L2C misses;
    109481100 nanoseconds spent executing 1 flushes (flushing a total of 46 entities and 0 collections);
    13590300 nanoseconds spent executing 4 partial-flushes (flushing a total of 30 entities and 30 collections)
}
04/02/24 00:51:43.499 | INFO  | sale_service | 0 | StatisticalLoggingSessionEventListener.java: Session Metrics {
    11436700 nanoseconds spent acquiring 1 JDBC connections;
    0 nanoseconds spent releasing 0 JDBC connections;
    32465101 nanoseconds spent preparing 15 JDBC statements;
    379127299 nanoseconds spent executing 13 JDBC statements;
    66164100 nanoseconds spent executing 2 JDBC batches;
    0 nanoseconds spent performing 0 L2C puts;
    0 nanoseconds spent performing 0 L2C hits;
    0 nanoseconds spent performing 0 L2C misses;
    101909499 nanoseconds spent executing 1 flushes (flushing a total of 40 entities and 0 collections);
    1340798 nanoseconds spent executing 4 partial-flushes (flushing a total of 30 entities and 30 collections)
}
04/02/24 00:52:44.322 | INFO  | sale_service | 0 | StatisticalLoggingSessionEventListener.java: Session Metrics {
    22176900 nanoseconds spent acquiring 1 JDBC connections;
    0 nanoseconds spent releasing 0 JDBC connections;
    910597 nanoseconds spent preparing 15 JDBC statements;
    486048300 nanoseconds spent executing 13 JDBC statements;
    112857800 nanoseconds spent executing 2 JDBC batches;
    0 nanoseconds spent performing 0 L2C puts;
    0 nanoseconds spent performing 0 L2C hits;
    0 nanoseconds spent performing 0 L2C misses;
    115561601 nanoseconds spent executing 1 flushes (flushing a total of 40 entities and 0 collections);
    1240701 nanoseconds spent executing 4 partial-flushes (flushing a total of 30 entities and 30 collections)
}
04/02/24 00:53:45.725 | INFO  | sale_service | 0 | StatisticalLoggingSessionEventListener.java: Session Metrics {
    34488101 nanoseconds spent acquiring 1 JDBC connections;
    0 nanoseconds spent releasing 0 JDBC connections;
    979897 nanoseconds spent preparing 15 JDBC statements;
    872782999 nanoseconds spent executing 13 JDBC statements;
    197375201 nanoseconds spent executing 2 JDBC batches;
    0 nanoseconds spent performing 0 L2C puts;
    0 nanoseconds spent performing 0 L2C hits;
    0 nanoseconds spent performing 0 L2C misses;
    198919500 nanoseconds spent executing 1 flushes (flushing a total of 40 entities and 0 collections);
    1776301 nanoseconds spent executing 4 partial-flushes (flushing a total of 30 entities and 30 collections)
}
04/02/24 00:54:55.910 | INFO  | sale_service | 0 | StatisticalLoggingSessionEventListener.java: Session Metrics {
    135899600 nanoseconds spent acquiring 1 JDBC connections;
    0 nanoseconds spent releasing 0 JDBC connections;
    815299 nanoseconds spent preparing 15 JDBC statements;
    9311838100 nanoseconds spent executing 13 JDBC statements;
    326881600 nanoseconds spent executing 2 JDBC batches;
    0 nanoseconds spent performing 0 L2C puts;
    0 nanoseconds spent performing 0 L2C hits;
    0 nanoseconds spent performing 0 L2C misses;
    330297400 nanoseconds spent executing 1 flushes (flushing a total of 40 entities and 0 collections);
    496400 nanoseconds spent executing 4 partial-flushes (flushing a total of 30 entities and 30 collections)
}
04/02/24 00:55:19.049 | INFO  | sale_service | 0 | AbstractEntityManagerFactoryBean.java: Closing JPA EntityManagerFactory for persistence unit 'default'
04/02/24 00:55:19.051 | INFO  | sale_service | 0 | HikariDataSource.java: HikariPool-1 - Shutdown initiated...
